Log file open, 02/05/19 15:09:32
LogWindows: Failed to load 'aqProf.dll' (GetLastError=126)
LogWindows: File 'aqProf.dll' does not exist
LogWindows: Failed to load 'VtuneApi.dll' (GetLastError=126)
LogWindows: File 'VtuneApi.dll' does not exist
LogWindows: Failed to load 'VtuneApi32e.dll' (GetLastError=126)
LogWindows: File 'VtuneApi32e.dll' does not exist
LogConsoleResponse: Display: Failed to find resolution value strings in scalability ini. Falling back to default.
LogInit: Display: Running engine for game: MyProject1
LogPakFile: Registered encryption key '00000000000000000000000000000000': 0 pak files mounted, 0 remain pending
LogPlatformFile: Not using cached read wrapper
LogTaskGraph: Started task graph with 5 named threads and 23 total threads with 3 sets of task threads.
LogStats: Stats thread started at 0.283498
LogD3D11RHI: Loaded GFSDK_Aftermath_Lib.x64.dll
LogICUInternationalization: ICU TimeZone Detection - Raw Offset: +9:00, Platform Override: ''
LogPluginManager: Mounting plugin Paper2D
LogPluginManager: Mounting plugin AISupport
LogPluginManager: Mounting plugin LightPropagationVolume
LogPluginManager: Mounting plugin ActorLayerUtilities
LogPluginManager: Mounting plugin CLionSourceCodeAccess
LogPluginManager: Mounting plugin CodeLiteSourceCodeAccess
LogPluginManager: Mounting plugin GitSourceControl
LogPluginManager: Mounting plugin KDevelopSourceCodeAccess
LogPluginManager: Mounting plugin NullSourceCodeAccess
LogPluginManager: Mounting plugin PerforceSourceControl
LogPluginManager: Mounting plugin SubversionSourceControl
LogPluginManager: Mounting plugin UObjectPlugin
LogPluginManager: Mounting plugin VisualStudioCodeSourceCodeAccess
LogPluginManager: Mounting plugin VisualStudioSourceCodeAccess
LogPluginManager: Mounting plugin XCodeSourceCodeAccess
LogPluginManager: Mounting plugin AssetManagerEditor
LogPluginManager: Mounting plugin CryptoKeys
LogPluginManager: Mounting plugin DataValidation
LogPluginManager: Mounting plugin FacialAnimation
LogPluginManager: Mounting plugin GameplayTagsEditor
LogPluginManager: Mounting plugin MacGraphicsSwitching
LogPluginManager: Mounting plugin MeshEditor
LogPluginManager: Mounting plugin MobileLauncherProfileWizard
LogPluginManager: Mounting plugin PluginBrowser
LogPluginManager: Mounting plugin SpeedTreeImporter
LogPluginManager: Mounting plugin DatasmithContent
LogPluginManager: Mounting plugin VariantManagerContent
LogPluginManager: Mounting plugin AlembicImporter
LogPluginManager: Mounting plugin AppleImageUtils
LogPluginManager: Mounting plugin AppleVision
LogPluginManager: Mounting plugin BackChannel
LogPluginManager: Mounting plugin CharacterAI
LogPluginManager: Mounting plugin GeometryCache
LogPluginManager: Mounting plugin HTML5Networking
LogPluginManager: Mounting plugin ProxyLODPlugin
LogPluginManager: Mounting plugin MagicLeap
LogPluginManager: Mounting plugin MagicLeapMedia
LogPluginManager: Mounting plugin AndroidMedia
LogPluginManager: Mounting plugin AvfMedia
LogPluginManager: Mounting plugin ImgMedia
LogPluginManager: Mounting plugin LinearTimecode
LogPluginManager: Mounting plugin MediaCompositing
LogPluginManager: Mounting plugin MediaPlayerEditor
LogPluginManager: Mounting plugin WebMMedia
LogPluginManager: Mounting plugin WmfMedia
LogPluginManager: Mounting plugin TcpMessaging
LogPluginManager: Mounting plugin UdpMessaging
LogPluginManager: Mounting plugin ActorSequence
LogPluginManager: Mounting plugin LevelSequenceEditor
LogPluginManager: Mounting plugin MatineeToLevelSequence
LogPluginManager: Mounting plugin NetcodeUnitTest
LogPluginManager: Mounting plugin NUTUnrealEngine4
LogPluginManager: Mounting plugin OnlineSubsystemGooglePlay
LogPluginManager: Mounting plugin OnlineSubsystemIOS
LogPluginManager: Mounting plugin OnlineSubsystem
LogPluginManager: Mounting plugin OnlineSubsystemNull
LogPluginManager: Mounting plugin OnlineSubsystemUtils
LogPluginManager: Mounting plugin LauncherChunkInstaller
LogPluginManager: Mounting plugin AndroidDeviceProfileSelector
LogPluginManager: Mounting plugin AndroidMoviePlayer
LogPluginManager: Mounting plugin AndroidPermission
LogPluginManager: Mounting plugin AppleMoviePlayer
LogPluginManager: Mounting plugin ArchVisCharacter
LogPluginManager: Mounting plugin AudioCapture
LogPluginManager: Mounting plugin CableComponent
LogPluginManager: Mounting plugin CustomMeshComponent
LogPluginManager: Mounting plugin EditableMesh
LogPluginManager: Mounting plugin ExampleDeviceProfileSelector
LogPluginManager: Mounting plugin Firebase
LogPluginManager: Mounting plugin GoogleCloudMessaging
LogPluginManager: Mounting plugin IOSDeviceProfileSelector
LogPluginManager: Mounting plugin LinuxDeviceProfileSelector
LogPluginManager: Mounting plugin LocationServicesBPLibrary
LogPluginManager: Mounting plugin MobilePatchingUtils
LogPluginManager: Mounting plugin OculusVR
LogPluginManager: Mounting plugin PhysXVehicles
LogPluginManager: Mounting plugin ProceduralMeshComponent
LogPluginManager: Mounting plugin RuntimePhysXCooking
LogPluginManager: Mounting plugin SteamVR
LogPluginManager: Mounting plugin WebMMoviePlayer
LogPluginManager: Mounting plugin WindowsMoviePlayer
LogStreaming: Display: Took  0.424s to configure plugins.
LogInit: Using libcurl 7.55.1-DEV
LogInit:  - built for x86_64-pc-win32
LogInit:  - supports SSL with OpenSSL/1.0.2h
LogInit:  - supports HTTP deflate (compression) using libz 1.2.8
LogInit:  - other features:
LogInit:      CURL_VERSION_SSL
LogInit:      CURL_VERSION_LIBZ
LogInit:      CURL_VERSION_IPV6
LogInit:      CURL_VERSION_ASYNCHDNS
LogInit:      CURL_VERSION_LARGEFILE
LogInit:      CURL_VERSION_IDN
LogInit:  CurlRequestOptions (configurable via config and command line):
LogInit:  - bVerifyPeer = true  - Libcurl will verify peer certificate
LogInit:  - bUseHttpProxy = false  - Libcurl will NOT use HTTP proxy
LogInit:  - bDontReuseConnections = false  - Libcurl will reuse connections
LogInit:  - MaxHostConnections = 16  - Libcurl will limit the number of connections to a host
LogInit:  - LocalHostAddr = Default
LogInit:  - BufferSize = 65536
LogInit: WinSock: version 1.1 (2.2), MaxSocks=32767, MaxUdp=65467
LogInit: Build: ++UE4+Release-4.21-CL-4541578
LogInit: Engine Version: 4.21.0-4541578+++UE4+Release-4.21
LogInit: Compatible Engine Version: 4.21.0-4541578+++UE4+Release-4.21
LogInit: Net CL: 4541578
LogInit: OS: Windows 10 (), CPU: Intel(R) Core(TM) i7-8550U CPU @ 1.80GHz, GPU: Intel(R) UHD Graphics 620
LogInit: Compiled (64-bit): Nov  6 2018 02:04:24
LogInit: Compiled with Visual C++: 19.13.26129.00
LogInit: Build Configuration: Development
LogInit: Branch Name: ++UE4+Release-4.21
LogInit: Command Line: 
LogInit: Base Directory: C:/Users/Yoshi/Desktop/UE_4.21/Engine/Binaries/Win64/
LogInit: Installed Engine Build: 1
LogDevObjectVersion: Number of dev versions registered: 22
LogDevObjectVersion:   Dev-Blueprints (B0D832E4-1F89-4F0D-ACCF-7EB736FD4AA2): 10
LogDevObjectVersion:   Dev-Build (E1C64328-A22C-4D53-A36C-8E866417BD8C): 0
LogDevObjectVersion:   Dev-Core (375EC13C-06E4-48FB-B500-84F0262A717E): 2
LogDevObjectVersion:   Dev-Editor (E4B068ED-F494-42E9-A231-DA0B2E46BB41): 26
LogDevObjectVersion:   Dev-Framework (CFFC743F-43B0-4480-9391-14DF171D2073): 34
LogDevObjectVersion:   Dev-Mobile (B02B49B5-BB20-44E9-A304-32B752E40360): 2
LogDevObjectVersion:   Dev-Networking (A4E4105C-59A1-49B5-A7C5-40C4547EDFEE): 0
LogDevObjectVersion:   Dev-Online (39C831C9-5AE6-47DC-9A44-9C173E1C8E7C): 0
LogDevObjectVersion:   Dev-Physics (78F01B33-EBEA-4F98-B9B4-84EACCB95AA2): 0
LogDevObjectVersion:   Dev-Platform (6631380F-2D4D-43E0-8009-CF276956A95A): 0
LogDevObjectVersion:   Dev-Rendering (12F88B9F-8875-4AFC-A67C-D90C383ABD29): 27
LogDevObjectVersion:   Dev-Sequencer (7B5AE74C-D270-4C10-A958-57980B212A5A): 9
LogDevObjectVersion:   Dev-VR (D7296918-1DD6-4BDD-9DE2-64A83CC13884): 2
LogDevObjectVersion:   Dev-LoadTimes (C2A15278-BFE7-4AFE-6C17-90FF531DF755): 1
LogDevObjectVersion:   Private-Geometry (6EACA3D4-40EC-4CC1-B786-8BED09428FC5): 3
LogDevObjectVersion:   Dev-AnimPhys (29E575DD-E0A3-4627-9D10-D276232CDCEA): 17
LogDevObjectVersion:   Dev-Anim (AF43A65D-7FD3-4947-9873-3E8ED9C1BB05): 2
LogDevObjectVersion:   Dev-ReflectionCapture (6B266CEC-1EC7-4B8F-A30B-E4D90942FC07): 1
LogDevObjectVersion:   Dev-Automation (0DF73D61-A23F-47EA-B727-89E90C41499A): 1
LogDevObjectVersion:   FortniteMain (601D1886-AC64-4F84-AA16-D3DE0DEAC7D6): 17
LogDevObjectVersion:   Dev-Enterprise (9DFFBCD6-494F-0158-E221-12823C92A888): 4
LogDevObjectVersion:   Dev-Niagara (F2AED0AC-9AFE-416F-8664-AA7FFA26D6FC): 1
LogStreaming: Display: Took  0.001s to delete old logs.
LogInit: Presizing for max 8388607 objects, including 0 objects not considered by GC, pre-allocating 0 bytes for permanent pool.
LogInit: Object subsystem initialized
LogConfig: Setting CVar [[con.DebugEarlyDefault:1]]
LogConfig: Setting CVar [[r.setres:1280x720]]
[2019.02.05-06.09.33:060][  0]LogConfig: Setting CVar [[r.VSync:0]]
[2019.02.05-06.09.33:060][  0]LogConfig: Setting CVar [[r.RHICmdBypass:0]]
[2019.02.05-06.09.33:060][  0]LogConfig: Applying CVar settings from Section [/Script/Engine.RendererSettings] File [../../../MyProject1/Saved/Config/Windows/Engine.ini]
[2019.02.05-06.09.33:060][  0]LogConfig: Setting CVar [[r.GPUCrashDebugging:0]]
[2019.02.05-06.09.33:060][  0]LogConfig: Applying CVar settings from Section [/Script/Engine.RendererOverrideSettings] File [../../../MyProject1/Saved/Config/Windows/Engine.ini]
[2019.02.05-06.09.33:060][  0]LogConfig: Applying CVar settings from Section [/Script/Engine.StreamingSettings] File [../../../MyProject1/Saved/Config/Windows/Engine.ini]
[2019.02.05-06.09.33:060][  0]LogConfig: Setting CVar [[s.MinBulkDataSizeForAsyncLoading:131072]]
[2019.02.05-06.09.33:060][  0]LogConfig: Setting CVar [[s.AsyncLoadingThreadEnabled:0]]
[2019.02.05-06.09.33:060][  0]LogConfig: Setting CVar [[s.EventDrivenLoaderEnabled:1]]
[2019.02.05-06.09.33:060][  0]LogConfig: Setting CVar [[s.WarnIfTimeLimitExceeded:0]]
[2019.02.05-06.09.33:060][  0]LogConfig: Setting CVar [[s.TimeLimitExceededMultiplier:1.5]]
[2019.02.05-06.09.33:060][  0]LogConfig: Setting CVar [[s.TimeLimitExceededMinTime:0.005]]
[2019.02.05-06.09.33:060][  0]LogConfig: Setting CVar [[s.UseBackgroundLevelStreaming:1]]
[2019.02.05-06.09.33:060][  0]LogConfig: Setting CVar [[s.PriorityAsyncLoadingExtraTime:15.0]]
[2019.02.05-06.09.33:060][  0]LogConfig: Setting CVar [[s.LevelStreamingActorsUpdateTimeLimit:5.0]]
[2019.02.05-06.09.33:060][  0]LogConfig: Setting CVar [[s.PriorityLevelStreamingActorsUpdateExtraTime:5.0]]
[2019.02.05-06.09.33:060][  0]LogConfig: Setting CVar [[s.LevelStreamingComponentsRegistrationGranularity:10]]
[2019.02.05-06.09.33:060][  0]LogConfig: Setting CVar [[s.UnregisterComponentsTimeLimit:1.0]]
[2019.02.05-06.09.33:060][  0]LogConfig: Setting CVar [[s.LevelStreamingComponentsUnregistrationGranularity:5]]
[2019.02.05-06.09.33:060][  0]LogConfig: Applying CVar settings from Section [/Script/Engine.GarbageCollectionSettings] File [../../../MyProject1/Saved/Config/Windows/Engine.ini]
[2019.02.05-06.09.33:060][  0]LogConfig: Setting CVar [[gc.MaxObjectsNotConsideredByGC:1]]
[2019.02.05-06.09.33:060][  0]LogConfig: Setting CVar [[gc.SizeOfPermanentObjectPool:0]]
[2019.02.05-06.09.33:060][  0]LogConfig: Setting CVar [[gc.FlushStreamingOnGC:0]]
[2019.02.05-06.09.33:060][  0]LogConfig: Setting CVar [[gc.NumRetriesBeforeForcingGC:10]]
[2019.02.05-06.09.33:060][  0]LogConfig: Setting CVar [[gc.AllowParallelGC:1]]
[2019.02.05-06.09.33:060][  0]LogConfig: Setting CVar [[gc.TimeBetweenPurgingPendingKillObjects:61.1]]
[2019.02.05-06.09.33:060][  0]LogConfig: Setting CVar [[gc.MaxObjectsInEditor:8388607]]
[2019.02.05-06.09.33:060][  0]LogConfig: Setting CVar [[gc.IncrementalBeginDestroyEnabled:1]]
[2019.02.05-06.09.33:060][  0]LogConfig: Setting CVar [[gc.CreateGCClusters:1]]
[2019.02.05-06.09.33:060][  0]LogConfig: Setting CVar [[gc.MergeGCClusters:0]]
[2019.02.05-06.09.33:060][  0]LogConfig: Setting CVar [[gc.MinGCClusterSize:5]]
[2019.02.05-06.09.33:060][  0]LogConfig: Setting CVar [[gc.ActorClusteringEnabled:0]]
[2019.02.05-06.09.33:060][  0]LogConfig: Setting CVar [[gc.BlueprintClusteringEnabled:0]]
[2019.02.05-06.09.33:060][  0]LogConfig: Setting CVar [[gc.UseDisregardForGCOnDedicatedServers:0]]
[2019.02.05-06.09.33:060][  0]LogConfig: Applying CVar settings from Section [/Script/Engine.NetworkSettings] File [../../../MyProject1/Saved/Config/Windows/Engine.ini]
[2019.02.05-06.09.33:060][  0]LogConfig: Applying CVar settings from Section [/Script/UnrealEd.CookerSettings] File [../../../MyProject1/Saved/Config/Windows/Engine.ini]
[2019.02.05-06.09.33:062][  0]LogConfig: Applying CVar settings from Section [ViewDistanceQuality@3] File [../../../MyProject1/Saved/Config/Windows/Scalability.ini]
[2019.02.05-06.09.33:062][  0]LogConfig: Setting CVar [[r.SkeletalMeshLODBias:0]]
[2019.02.05-06.09.33:062][  0]LogConfig: Setting CVar [[r.ViewDistanceScale:1.0]]
[2019.02.05-06.09.33:062][  0]LogConfig: Applying CVar settings from Section [AntiAliasingQuality@3] File [../../../MyProject1/Saved/Config/Windows/Scalability.ini]
[2019.02.05-06.09.33:062][  0]LogConfig: Setting CVar [[r.PostProcessAAQuality:4]]
[2019.02.05-06.09.33:062][  0]LogConfig: Applying CVar settings from Section [ShadowQuality@3] File [../../../MyProject1/Saved/Config/Windows/Scalability.ini]
[2019.02.05-06.09.33:062][  0]LogConfig: Setting CVar [[r.LightFunctionQuality:1]]
[2019.02.05-06.09.33:062][  0]LogConfig: Setting CVar [[r.ShadowQuality:5]]
[2019.02.05-06.09.33:062][  0]LogConfig: Setting CVar [[r.Shadow.CSM.MaxCascades:10]]
[2019.02.05-06.09.33:062][  0]LogConfig: Setting CVar [[r.Shadow.MaxResolution:2048]]
[2019.02.05-06.09.33:062][  0]LogConfig: Setting CVar [[r.Shadow.MaxCSMResolution:2048]]
[2019.02.05-06.09.33:062][  0]LogConfig: Setting CVar [[r.Shadow.RadiusThreshold:0.01]]
[2019.02.05-06.09.33:062][  0]LogConfig: Setting CVar [[r.Shadow.DistanceScale:1.0]]
[2019.02.05-06.09.33:062][  0]LogConfig: Setting CVar [[r.Shadow.CSM.TransitionScale:1.0]]
[2019.02.05-06.09.33:062][  0]LogConfig: Setting CVar [[r.Shadow.PreShadowResolutionFactor:1.0]]
[2019.02.05-06.09.33:062][  0]LogConfig: Setting CVar [[r.DistanceFieldShadowing:1]]
[2019.02.05-06.09.33:062][  0]LogConfig: Setting CVar [[r.DistanceFieldAO:1]]
[2019.02.05-06.09.33:062][  0]LogConfig: Setting CVar [[r.AOQuality:2]]
[2019.02.05-06.09.33:062][  0]LogConfig: Setting CVar [[r.VolumetricFog:1]]
[2019.02.05-06.09.33:062][  0]LogConfig: Setting CVar [[r.VolumetricFog.GridPixelSize:8]]
[2019.02.05-06.09.33:062][  0]LogConfig: Setting CVar [[r.VolumetricFog.GridSizeZ:128]]
[2019.02.05-06.09.33:062][  0]LogConfig: Setting CVar [[r.VolumetricFog.HistoryMissSupersampleCount:4]]
[2019.02.05-06.09.33:062][  0]LogConfig: Setting CVar [[r.LightMaxDrawDistanceScale:1]]
[2019.02.05-06.09.33:062][  0]LogConfig: Setting CVar [[r.CapsuleShadows:1]]
[2019.02.05-06.09.33:062][  0]LogConfig: Applying CVar settings from Section [PostProcessQuality@3] File [../../../MyProject1/Saved/Config/Windows/Scalability.ini]
[2019.02.05-06.09.33:062][  0]LogConfig: Setting CVar [[r.MotionBlurQuality:4]]
[2019.02.05-06.09.33:062][  0]LogConfig: Setting CVar [[r.AmbientOcclusionMipLevelFactor:0.4]]
[2019.02.05-06.09.33:062][  0]LogConfig: Setting CVar [[r.AmbientOcclusionMaxQuality:100]]
[2019.02.05-06.09.33:062][  0]LogConfig: Setting CVar [[r.AmbientOcclusionLevels:-1]]
[2019.02.05-06.09.33:062][  0]LogConfig: Setting CVar [[r.AmbientOcclusionRadiusScale:1.0]]
[2019.02.05-06.09.33:062][  0]LogConfig: Setting CVar [[r.DepthOfFieldQuality:2]]
[2019.02.05-06.09.33:062][  0]LogConfig: Setting CVar [[r.RenderTargetPoolMin:400]]
[2019.02.05-06.09.33:062][  0]LogConfig: Setting CVar [[r.LensFlareQuality:2]]
[2019.02.05-06.09.33:062][  0]LogConfig: Setting CVar [[r.SceneColorFringeQuality:1]]
[2019.02.05-06.09.33:062][  0]LogConfig: Setting CVar [[r.EyeAdaptationQuality:2]]
[2019.02.05-06.09.33:062][  0]LogConfig: Setting CVar [[r.BloomQuality:5]]
[2019.02.05-06.09.33:062][  0]LogConfig: Setting CVar [[r.FastBlurThreshold:100]]
[2019.02.05-06.09.33:062][  0]LogConfig: Setting CVar [[r.Upscale.Quality:3]]
[2019.02.05-06.09.33:062][  0]LogConfig: Setting CVar [[r.Tonemapper.GrainQuantization:1]]
[2019.02.05-06.09.33:062][  0]LogConfig: Setting CVar [[r.LightShaftQuality:1]]
[2019.02.05-06.09.33:062][  0]LogConfig: Setting CVar [[r.Filter.SizeScale:1]]
[2019.02.05-06.09.33:062][  0]LogConfig: Setting CVar [[r.Tonemapper.Quality:5]]
[2019.02.05-06.09.33:062][  0]LogConfig: Setting CVar [[r.DOF.Gather.AccumulatorQuality:1        ; higher gathering accumulator quality]]
[2019.02.05-06.09.33:062][  0]LogConfig: Setting CVar [[r.DOF.Gather.PostfilterMethod:1          ; Median3x3 postfilering method]]
[2019.02.05-06.09.33:062][  0]LogConfig: Setting CVar [[r.DOF.Gather.EnableBokehSettings:0       ; no bokeh simulation when gathering]]
[2019.02.05-06.09.33:063][  0]LogConfig: Setting CVar [[r.DOF.Gather.RingCount:4                 ; medium number of samples when gathering]]
[2019.02.05-06.09.33:063][  0]LogConfig: Setting CVar [[r.DOF.Scatter.ForegroundCompositing:1    ; additive foreground scattering]]
[2019.02.05-06.09.33:063][  0]LogConfig: Setting CVar [[r.DOF.Scatter.BackgroundCompositing:2    ; additive background scattering]]
[2019.02.05-06.09.33:063][  0]LogConfig: Setting CVar [[r.DOF.Scatter.EnableBokehSettings:1      ; bokeh simulation when scattering]]
[2019.02.05-06.09.33:063][  0]LogConfig: Setting CVar [[r.DOF.Scatter.MaxSpriteRatio:0.1         ; only a maximum of 10% of scattered bokeh]]
[2019.02.05-06.09.33:063][  0]LogConfig: Setting CVar [[r.DOF.Recombine.Quality:1                ; cheap slight out of focus]]
[2019.02.05-06.09.33:063][  0]LogConfig: Setting CVar [[r.DOF.Recombine.EnableBokehSettings:0    ; no bokeh simulation on slight out of focus]]
[2019.02.05-06.09.33:063][  0]LogConfig: Setting CVar [[r.DOF.TemporalAAQuality:1                ; more stable temporal accumulation]]
[2019.02.05-06.09.33:063][  0]LogConfig: Setting CVar [[r.DOF.Kernel.MaxForegroundRadius:0.025]]
[2019.02.05-06.09.33:063][  0]LogConfig: Setting CVar [[r.DOF.Kernel.MaxBackgroundRadius:0.025]]
[2019.02.05-06.09.33:063][  0]LogConfig: Applying CVar settings from Section [TextureQuality@3] File [../../../MyProject1/Saved/Config/Windows/Scalability.ini]
[2019.02.05-06.09.33:063][  0]LogConfig: Setting CVar [[r.Streaming.MipBias:0]]
[2019.02.05-06.09.33:063][  0]LogConfig: Setting CVar [[r.Streaming.AmortizeCPUToGPUCopy:0]]
[2019.02.05-06.09.33:063][  0]LogConfig: Setting CVar [[r.Streaming.MaxNumTexturesToStreamPerFrame:0]]
[2019.02.05-06.09.33:063][  0]LogConfig: Setting CVar [[r.Streaming.Boost:1]]
[2019.02.05-06.09.33:063][  0]LogConfig: Setting CVar [[r.MaxAnisotropy:8]]
[2019.02.05-06.09.33:063][  0]LogConfig: Setting CVar [[r.Streaming.LimitPoolSizeToVRAM:0]]
[2019.02.05-06.09.33:063][  0]LogConfig: Setting CVar [[r.Streaming.PoolSize:1000]]
[2019.02.05-06.09.33:063][  0]LogConfig: Setting CVar [[r.Streaming.MaxEffectiveScreenSize:0]]
[2019.02.05-06.09.33:063][  0]LogConfig: Applying CVar settings from Section [EffectsQuality@3] File [../../../MyProject1/Saved/Config/Windows/Scalability.ini]
[2019.02.05-06.09.33:063][  0]LogConfig: Setting CVar [[r.TranslucencyLightingVolumeDim:64]]
[2019.02.05-06.09.33:063][  0]LogConfig: Setting CVar [[r.RefractionQuality:2]]
[2019.02.05-06.09.33:063][  0]LogConfig: Setting CVar [[r.SSR.Quality:3]]
[2019.02.05-06.09.33:063][  0]LogConfig: Setting CVar [[r.SceneColorFormat:4]]
[2019.02.05-06.09.33:063][  0]LogConfig: Setting CVar [[r.DetailMode:2]]
[2019.02.05-06.09.33:063][  0]LogConfig: Setting CVar [[r.TranslucencyVolumeBlur:1]]
[2019.02.05-06.09.33:063][  0]LogConfig: Setting CVar [[r.MaterialQualityLevel:1 ; High quality]]
[2019.02.05-06.09.33:063][  0]LogConfig: Setting CVar [[r.SSS.Scale:1]]
[2019.02.05-06.09.33:063][  0]LogConfig: Setting CVar [[r.SSS.SampleSet:2]]
[2019.02.05-06.09.33:063][  0]LogConfig: Setting CVar [[r.SSS.Quality:1]]
[2019.02.05-06.09.33:063][  0]LogConfig: Setting CVar [[r.SSS.HalfRes:1]]
[2019.02.05-06.09.33:063][  0]LogConfig: Setting CVar [[r.EmitterSpawnRateScale:1.0]]
[2019.02.05-06.09.33:063][  0]LogConfig: Setting CVar [[r.ParticleLightQuality:2]]
[2019.02.05-06.09.33:063][  0]LogConfig: Applying CVar settings from Section [FoliageQuality@3] File [../../../MyProject1/Saved/Config/Windows/Scalability.ini]
[2019.02.05-06.09.33:063][  0]LogConfig: Setting CVar [[foliage.DensityScale:1.0]]
[2019.02.05-06.09.33:063][  0]LogConfig: Setting CVar [[grass.DensityScale:1.0]]
[2019.02.05-06.09.33:063][  0]LogInit: Selected Device Profile: [Windows]
[2019.02.05-06.09.33:063][  0]LogInit: Applying CVar settings loaded from the selected device profile: [Windows]
[2019.02.05-06.09.33:099][  0]LogHAL: Display: Platform has ~ 8 GB [8501272576 / 8589934592 / 8], which maps to Default [LargestMinGB=32, LargerMinGB=12, DefaultMinGB=8, SmallerMinGB=6, SmallestMinGB=0)
[2019.02.05-06.09.33:099][  0]LogConfig: Setting CVar [[r.Vulkan.UseRealUBs:1]]
[2019.02.05-06.09.33:099][  0]LogInit: Going up to parent DeviceProfile []
[2019.02.05-06.09.33:099][  0]LogConfig: Applying CVar settings from Section [ViewDistanceQuality@3] File [../../../MyProject1/Saved/Config/Windows/Scalability.ini]
[2019.02.05-06.09.33:099][  0]LogConfig: Setting CVar [[r.SkeletalMeshLODBias:0]]
[2019.02.05-06.09.33:099][  0]LogConfig: Setting CVar [[r.ViewDistanceScale:1.0]]
[2019.02.05-06.09.33:099][  0]LogConfig: Applying CVar settings from Section [AntiAliasingQuality@3] File [../../../MyProject1/Saved/Config/Windows/Scalability.ini]
[2019.02.05-06.09.33:099][  0]LogConfig: Setting CVar [[r.PostProcessAAQuality:4]]
[2019.02.05-06.09.33:099][  0]LogConfig: Applying CVar settings from Section [ShadowQuality@3] File [../../../MyProject1/Saved/Config/Windows/Scalability.ini]
[2019.02.05-06.09.33:099][  0]LogConfig: Setting CVar [[r.LightFunctionQuality:1]]
[2019.02.05-06.09.33:099][  0]LogConfig: Setting CVar [[r.ShadowQuality:5]]
[2019.02.05-06.09.33:099][  0]LogConfig: Setting CVar [[r.Shadow.CSM.MaxCascades:10]]
[2019.02.05-06.09.33:099][  0]LogConfig: Setting CVar [[r.Shadow.MaxResolution:2048]]
[2019.02.05-06.09.33:099][  0]LogConfig: Setting CVar [[r.Shadow.MaxCSMResolution:2048]]
[2019.02.05-06.09.33:099][  0]LogConfig: Setting CVar [[r.Shadow.RadiusThreshold:0.01]]
[2019.02.05-06.09.33:099][  0]LogConfig: Setting CVar [[r.Shadow.DistanceScale:1.0]]
[2019.02.05-06.09.33:099][  0]LogConfig: Setting CVar [[r.Shadow.CSM.TransitionScale:1.0]]
[2019.02.05-06.09.33:099][  0]LogConfig: Setting CVar [[r.Shadow.PreShadowResolutionFactor:1.0]]
[2019.02.05-06.09.33:099][  0]LogConfig: Setting CVar [[r.DistanceFieldShadowing:1]]
[2019.02.05-06.09.33:099][  0]LogConfig: Setting CVar [[r.DistanceFieldAO:1]]
[2019.02.05-06.09.33:099][  0]LogConfig: Setting CVar [[r.AOQuality:2]]
[2019.02.05-06.09.33:099][  0]LogConfig: Setting CVar [[r.VolumetricFog:1]]
[2019.02.05-06.09.33:099][  0]LogConfig: Setting CVar [[r.VolumetricFog.GridPixelSize:8]]
[2019.02.05-06.09.33:099][  0]LogConfig: Setting CVar [[r.VolumetricFog.GridSizeZ:128]]
[2019.02.05-06.09.33:099][  0]LogConfig: Setting CVar [[r.VolumetricFog.HistoryMissSupersampleCount:4]]
[2019.02.05-06.09.33:099][  0]LogConfig: Setting CVar [[r.LightMaxDrawDistanceScale:1]]
[2019.02.05-06.09.33:099][  0]LogConfig: Setting CVar [[r.CapsuleShadows:1]]
[2019.02.05-06.09.33:099][  0]LogConfig: Applying CVar settings from Section [PostProcessQuality@3] File [../../../MyProject1/Saved/Config/Windows/Scalability.ini]
[2019.02.05-06.09.33:099][  0]LogConfig: Setting CVar [[r.MotionBlurQuality:4]]
[2019.02.05-06.09.33:099][  0]LogConfig: Setting CVar [[r.AmbientOcclusionMipLevelFactor:0.4]]
[2019.02.05-06.09.33:099][  0]LogConfig: Setting CVar [[r.AmbientOcclusionMaxQuality:100]]
[2019.02.05-06.09.33:099][  0]LogConfig: Setting CVar [[r.AmbientOcclusionLevels:-1]]
[2019.02.05-06.09.33:099][  0]LogConfig: Setting CVar [[r.AmbientOcclusionRadiusScale:1.0]]
[2019.02.05-06.09.33:099][  0]LogConfig: Setting CVar [[r.DepthOfFieldQuality:2]]
[2019.02.05-06.09.33:099][  0]LogConfig: Setting CVar [[r.RenderTargetPoolMin:400]]
[2019.02.05-06.09.33:099][  0]LogConfig: Setting CVar [[r.LensFlareQuality:2]]
[2019.02.05-06.09.33:099][  0]LogConfig: Setting CVar [[r.SceneColorFringeQuality:1]]
[2019.02.05-06.09.33:099][  0]LogConfig: Setting CVar [[r.EyeAdaptationQuality:2]]
[2019.02.05-06.09.33:099][  0]LogConfig: Setting CVar [[r.BloomQuality:5]]
[2019.02.05-06.09.33:099][  0]LogConfig: Setting CVar [[r.FastBlurThreshold:100]]
[2019.02.05-06.09.33:099][  0]LogConfig: Setting CVar [[r.Upscale.Quality:3]]
[2019.02.05-06.09.33:099][  0]LogConfig: Setting CVar [[r.Tonemapper.GrainQuantization:1]]
[2019.02.05-06.09.33:099][  0]LogConfig: Setting CVar [[r.LightShaftQuality:1]]
[2019.02.05-06.09.33:099][  0]LogConfig: Setting CVar [[r.Filter.SizeScale:1]]
[2019.02.05-06.09.33:099][  0]LogConfig: Setting CVar [[r.Tonemapper.Quality:5]]
[2019.02.05-06.09.33:099][  0]LogConfig: Setting CVar [[r.DOF.Gather.AccumulatorQuality:1        ; higher gathering accumulator quality]]
[2019.02.05-06.09.33:099][  0]LogConfig: Setting CVar [[r.DOF.Gather.PostfilterMethod:1          ; Median3x3 postfilering method]]
[2019.02.05-06.09.33:099][  0]LogConfig: Setting CVar [[r.DOF.Gather.EnableBokehSettings:0       ; no bokeh simulation when gathering]]
[2019.02.05-06.09.33:099][  0]LogConfig: Setting CVar [[r.DOF.Gather.RingCount:4                 ; medium number of samples when gathering]]
[2019.02.05-06.09.33:099][  0]LogConfig: Setting CVar [[r.DOF.Scatter.ForegroundCompositing:1    ; additive foreground scattering]]
[2019.02.05-06.09.33:099][  0]LogConfig: Setting CVar [[r.DOF.Scatter.BackgroundCompositing:2    ; additive background scattering]]
[2019.02.05-06.09.33:099][  0]LogConfig: Setting CVar [[r.DOF.Scatter.EnableBokehSettings:1      ; bokeh simulation when scattering]]
[2019.02.05-06.09.33:099][  0]LogConfig: Setting CVar [[r.DOF.Scatter.MaxSpriteRatio:0.1         ; only a maximum of 10% of scattered bokeh]]
[2019.02.05-06.09.33:099][  0]LogConfig: Setting CVar [[r.DOF.Recombine.Quality:1                ; cheap slight out of focus]]
[2019.02.05-06.09.33:099][  0]LogConfig: Setting CVar [[r.DOF.Recombine.EnableBokehSettings:0    ; no bokeh simulation on slight out of focus]]
[2019.02.05-06.09.33:100][  0]LogConfig: Setting CVar [[r.DOF.TemporalAAQuality:1                ; more stable temporal accumulation]]
[2019.02.05-06.09.33:100][  0]LogConfig: Setting CVar [[r.DOF.Kernel.MaxForegroundRadius:0.025]]
[2019.02.05-06.09.33:100][  0]LogConfig: Setting CVar [[r.DOF.Kernel.MaxBackgroundRadius:0.025]]
[2019.02.05-06.09.33:100][  0]LogConfig: Applying CVar settings from Section [TextureQuality@3] File [../../../MyProject1/Saved/Config/Windows/Scalability.ini]
[2019.02.05-06.09.33:100][  0]LogConfig: Setting CVar [[r.Streaming.MipBias:0]]
[2019.02.05-06.09.33:100][  0]LogConfig: Setting CVar [[r.Streaming.AmortizeCPUToGPUCopy:0]]
[2019.02.05-06.09.33:100][  0]LogConfig: Setting CVar [[r.Streaming.MaxNumTexturesToStreamPerFrame:0]]
[2019.02.05-06.09.33:100][  0]LogConfig: Setting CVar [[r.Streaming.Boost:1]]
[2019.02.05-06.09.33:100][  0]LogConfig: Setting CVar [[r.MaxAnisotropy:8]]
[2019.02.05-06.09.33:100][  0]LogConfig: Setting CVar [[r.Streaming.LimitPoolSizeToVRAM:0]]
[2019.02.05-06.09.33:100][  0]LogConfig: Setting CVar [[r.Streaming.PoolSize:1000]]
[2019.02.05-06.09.33:100][  0]LogConfig: Setting CVar [[r.Streaming.MaxEffectiveScreenSize:0]]
[2019.02.05-06.09.33:100][  0]LogConfig: Applying CVar settings from Section [EffectsQuality@3] File [../../../MyProject1/Saved/Config/Windows/Scalability.ini]
[2019.02.05-06.09.33:100][  0]LogConfig: Setting CVar [[r.TranslucencyLightingVolumeDim:64]]
[2019.02.05-06.09.33:100][  0]LogConfig: Setting CVar [[r.RefractionQuality:2]]
[2019.02.05-06.09.33:100][  0]LogConfig: Setting CVar [[r.SSR.Quality:3]]
[2019.02.05-06.09.33:100][  0]LogConfig: Setting CVar [[r.SceneColorFormat:4]]
[2019.02.05-06.09.33:100][  0]LogConfig: Setting CVar [[r.DetailMode:2]]
[2019.02.05-06.09.33:100][  0]LogConfig: Setting CVar [[r.TranslucencyVolumeBlur:1]]
[2019.02.05-06.09.33:100][  0]LogConfig: Setting CVar [[r.MaterialQualityLevel:1 ; High quality]]
[2019.02.05-06.09.33:100][  0]LogConfig: Setting CVar [[r.SSS.Scale:1]]
[2019.02.05-06.09.33:100][  0]LogConfig: Setting CVar [[r.SSS.SampleSet:2]]
[2019.02.05-06.09.33:100][  0]LogConfig: Setting CVar [[r.SSS.Quality:1]]
[2019.02.05-06.09.33:100][  0]LogConfig: Setting CVar [[r.SSS.HalfRes:1]]
[2019.02.05-06.09.33:100][  0]LogConfig: Setting CVar [[r.EmitterSpawnRateScale:1.0]]
[2019.02.05-06.09.33:100][  0]LogConfig: Setting CVar [[r.ParticleLightQuality:2]]
[2019.02.05-06.09.33:100][  0]LogConfig: Applying CVar settings from Section [FoliageQuality@3] File [../../../MyProject1/Saved/Config/Windows/Scalability.ini]
[2019.02.05-06.09.33:100][  0]LogConfig: Setting CVar [[foliage.DensityScale:1.0]]
[2019.02.05-06.09.33:100][  0]LogConfig: Setting CVar [[grass.DensityScale:1.0]]
[2019.02.05-06.09.33:100][  0]LogConfig: Applying CVar settings from Section [Startup] File [../../../Engine/Config/ConsoleVariables.ini]
[2019.02.05-06.09.33:100][  0]LogConfig: Setting CVar [[net.UseAdaptiveNetUpdateFrequency:0]]
[2019.02.05-06.09.33:100][  0]LogConfig: Applying CVar settings from Section [ConsoleVariables] File [../../../MyProject1/Saved/Config/Windows/Engine.ini]
[2019.02.05-06.09.33:100][  0]LogInit: Computer: DESKTOP-5ADVPRM
[2019.02.05-06.09.33:100][  0]LogInit: User: Yoshi
[2019.02.05-06.09.33:100][  0]LogInit: CPU Page size=4096, Cores=4
[2019.02.05-06.09.33:100][  0]LogInit: High frequency timer resolution =1.945314 MHz
[2019.02.05-06.09.33:101][  0]LogMemory: Memory total: Physical=7.9GB (8GB approx)
[2019.02.05-06.09.33:101][  0]LogMemory: Platform Memory Stats for Windows
[2019.02.05-06.09.33:101][  0]LogMemory: Process Physical Memory: 103.80 MB used, 103.80 MB peak
[2019.02.05-06.09.33:101][  0]LogMemory: Process Virtual Memory: 91.70 MB used, 91.70 MB peak
[2019.02.05-06.09.33:101][  0]LogMemory: Physical Memory: 1927.82 MB used,  6179.62 MB free, 8107.45 MB total
[2019.02.05-06.09.33:101][  0]LogMemory: Virtual Memory: 556.54 MB used,  134217168.00 MB free, 134217728.00 MB total
[2019.02.05-06.09.33:145][  0]LogInit: Using OS detected language (ja-JP).
[2019.02.05-06.09.33:145][  0]LogInit: Using OS detected locale (ja-JP).
[2019.02.05-06.09.33:146][  0]LogTextLocalizationManager: No specific localization for 'ja-JP' exists, so the 'ja' localization will be used.
[2019.02.05-06.09.33:466][  0]LogStreaming: Display: Took  0.320s to InitEngineTextLocalization.
[2019.02.05-06.09.33:466][  0]LogInit: Setting process to per monitor DPI aware
[2019.02.05-06.09.33:507][  0]LogSlate: New Slate User Created.  User Index 0, Is Virtual User: 0
[2019.02.05-06.09.33:507][  0]LogSlate: Slate User Registered.  User Index 0, Is Virtual User: 0
[2019.02.05-06.09.33:871][  0]LogHMD: Failed to initialize OpenVR with code 110
[2019.02.05-06.09.33:871][  0]LogD3D11RHI: D3D11 adapters:
[2019.02.05-06.09.33:883][  0]LogD3D11RHI:    0. 'Intel(R) UHD Graphics 620' (Feature Level 11_0)
[2019.02.05-06.09.33:883][  0]LogD3D11RHI:       128/0/4053 MB DedicatedVideo/DedicatedSystem/SharedSystem, Outputs:1, VendorId:0x8086
[2019.02.05-06.09.33:886][  0]LogD3D11RHI:    1. 'Microsoft Basic Render Driver' (Feature Level 11_0)
[2019.02.05-06.09.33:886][  0]LogD3D11RHI:       0/0/4053 MB DedicatedVideo/DedicatedSystem/SharedSystem, Outputs:0, VendorId:0x1414
[2019.02.05-06.09.33:886][  0]LogD3D11RHI: Chosen D3D11 Adapter: 0
[2019.02.05-06.09.33:891][  0]LogD3D11RHI: Creating new Direct3DDevice
[2019.02.05-06.09.33:891][  0]LogD3D11RHI:     GPU DeviceId: 0x5917 (for the marketing name, search the web for "GPU Device Id")
[2019.02.05-06.09.33:891][  0]LogWindows: EnumDisplayDevices:
[2019.02.05-06.09.33:891][  0]LogWindows:    0. 'Intel(R) UHD Graphics 620' (P:1 D:1)
[2019.02.05-06.09.33:891][  0]LogWindows:    1. 'Intel(R) UHD Graphics 620' (P:0 D:0)
[2019.02.05-06.09.33:891][  0]LogWindows:    2. 'Intel(R) UHD Graphics 620' (P:0 D:0)
[2019.02.05-06.09.33:891][  0]LogWindows: DebugString: FoundDriverCount:3 
[2019.02.05-06.09.33:891][  0]LogD3D11RHI:     Adapter Name: Intel(R) UHD Graphics 620
[2019.02.05-06.09.33:891][  0]LogD3D11RHI:   Driver Version: 22.20.16.4815 (internal:22.20.16.4815, unified:22.20.16.4815)
[2019.02.05-06.09.33:892][  0]LogD3D11RHI:      Driver Date: 9-26-2017
[2019.02.05-06.09.33:892][  0]LogRHI: Texture pool is 1508 MB (70% of 2154 MB)
[2019.02.05-06.09.33:924][  0]LogD3D11RHI: [IntelMetricsDiscovery] Started
[2019.02.05-06.09.33:924][  0]LogD3D11RHI: Async texture creation enabled
[2019.02.05-06.09.33:929][  0]LogD3D11RHI: GPU Timing Frequency: 12.000000 (Debug: 2 0)
[2019.02.05-06.09.34:285][  0]LogTemp: Display: Loaded TP AllDesktopTargetPlatform
[2019.02.05-06.09.34:325][  0]LogTemp: Display: Loaded TP MacClientTargetPlatform
[2019.02.05-06.09.34:337][  0]LogTemp: Display: Loaded TP MacNoEditorTargetPlatform
[2019.02.05-06.09.34:349][  0]LogTemp: Display: Loaded TP MacServerTargetPlatform
[2019.02.05-06.09.34:361][  0]LogTemp: Display: Loaded TP MacTargetPlatform
[2019.02.05-06.09.34:373][  0]LogTemp: Display: Loaded TP WindowsClientTargetPlatform
[2019.02.05-06.09.34:385][  0]LogTemp: Display: Loaded TP WindowsNoEditorTargetPlatform
[2019.02.05-06.09.34:397][  0]LogTemp: Display: Loaded TP WindowsServerTargetPlatform
[2019.02.05-06.09.34:404][  0]LogTemp: Display: Loaded TP WindowsTargetPlatform
[2019.02.05-06.09.34:464][  0]LogTemp: Display: Loaded TP AndroidTargetPlatform
[2019.02.05-06.09.34:464][  0]LogTemp: Display: Loaded TP AndroidTargetPlatform
[2019.02.05-06.09.34:464][  0]LogTemp: Display: Loaded TP AndroidTargetPlatform
[2019.02.05-06.09.34:464][  0]LogTemp: Display: Loaded TP AndroidTargetPlatform
[2019.02.05-06.09.34:464][  0]LogTemp: Display: Loaded TP AndroidTargetPlatform
[2019.02.05-06.09.34:464][  0]LogTemp: Display: Loaded TP AndroidTargetPlatform
[2019.02.05-06.09.34:464][  0]LogTemp: Display: Loaded TP AndroidTargetPlatform
[2019.02.05-06.09.34:464][  0]LogTemp: Display: Loaded TP AndroidTargetPlatform
[2019.02.05-06.09.34:464][  0]LogTemp: Display: Loaded TP AndroidTargetPlatform
[2019.02.05-06.09.34:464][  0]LogTemp: Display: Loaded TP AndroidTargetPlatform
[2019.02.05-06.09.34:464][  0]LogTemp: Display: Loaded TP AndroidTargetPlatform
[2019.02.05-06.09.34:464][  0]LogTemp: Display: Loaded TP AndroidTargetPlatform
[2019.02.05-06.09.34:464][  0]LogTemp: Display: Loaded TP AndroidTargetPlatform
[2019.02.05-06.09.34:464][  0]LogTemp: Display: Loaded TP AndroidTargetPlatform
[2019.02.05-06.09.34:464][  0]LogTemp: Display: Loaded TP AndroidTargetPlatform
[2019.02.05-06.09.34:465][  0]LogTemp: Display: Loaded TP AndroidTargetPlatform
[2019.02.05-06.09.34:465][  0]LogTemp: Display: Loaded TP AndroidTargetPlatform
[2019.02.05-06.09.34:465][  0]LogTemp: Display: Loaded TP AndroidTargetPlatform
[2019.02.05-06.09.34:467][  0]LogTemp: Display: Loaded TP HTML5TargetPlatform
[2019.02.05-06.09.34:527][  0]LogTemp: Display: Loaded TP IOSTargetPlatform
[2019.02.05-06.09.34:527][  0]LogTemp: Display: Loaded TP IOSTargetPlatform
[2019.02.05-06.09.34:548][  0]LogTemp: Display: Loaded TP TVOSTargetPlatform
[2019.02.05-06.09.34:548][  0]LogTemp: Display: Loaded TP TVOSTargetPlatform
[2019.02.05-06.09.34:560][  0]LogTemp: Display: Loaded TP LinuxClientTargetPlatform
[2019.02.05-06.09.34:571][  0]LogTemp: Display: Loaded TP LinuxNoEditorTargetPlatform
[2019.02.05-06.09.34:582][  0]LogTemp: Display: Loaded TP LinuxServerTargetPlatform
[2019.02.05-06.09.34:594][  0]LogTemp: Display: Loaded TP LinuxTargetPlatform
[2019.02.05-06.09.34:634][  0]LogTemp: Display: Loaded TP LuminTargetPlatform
[2019.02.05-06.09.34:634][  0]LogTemp: Display: Loaded TP LuminTargetPlatform
[2019.02.05-06.09.34:634][  0]LogTargetPlatformManager: Display: Building Assets For Windows
[2019.02.05-06.09.34:702][  0]LogShaderCompilers: Guid format shader working directory is 26 characters bigger than the processId version (../../../MyProject1/Intermediate/Shaders/WorkingDirectory/11480/).
[2019.02.05-06.09.34:702][  0]LogShaderCompilers: Cleaned the shader compiler working directory 'C:/Users/Yoshi/AppData/Local/Temp/UnrealShaderWorkingDir/F70100F7418FED0DD2DE0C87ECB22082/'.
[2019.02.05-06.09.34:704][  0]LogXGEController: Cannot use XGE Controller as Incredibuild is not installed on this machine.
[2019.02.05-06.09.34:704][  0]LogShaderCompilers: Cannot use XGE Shader Compiler as Incredibuild is not installed on this machine.
[2019.02.05-06.09.34:704][  0]LogShaderCompilers: Display: Using Local Shader Compiler.
[2019.02.05-06.09.35:229][  0]LogDerivedDataCache: Display: Max Cache Size: 512 MB
[2019.02.05-06.09.35:284][  0]LogDerivedDataCache: Loaded boot cache 0.05s 72MB C:/Users/Yoshi/AppData/Local/UnrealEngine/4.21/DerivedDataCache/Boot.ddc.
[2019.02.05-06.09.35:284][  0]LogDerivedDataCache: Display: Loaded Boot cache: C:/Users/Yoshi/AppData/Local/UnrealEngine/4.21/DerivedDataCache/Boot.ddc
[2019.02.05-06.09.35:284][  0]LogDerivedDataCache: FDerivedDataBackendGraph:  Pak pak cache file ../../../MyProject1/DerivedDataCache/DDC.ddp not found, will not use a pak cache.
[2019.02.05-06.09.35:284][  0]LogDerivedDataCache: Unable to find inner node Pak for hierarchical cache Hierarchy.
[2019.02.05-06.09.35:284][  0]LogDerivedDataCache: FDerivedDataBackendGraph:  CompressedPak pak cache file ../../../MyProject1/DerivedDataCache/Compressed.ddp not found, will not use a pak cache.
[2019.02.05-06.09.35:284][  0]LogDerivedDataCache: Unable to find inner node CompressedPak for hierarchical cache Hierarchy.
[2019.02.05-06.09.35:296][  0]LogDerivedDataCache: Display: Pak cache opened for reading ../../../Engine/DerivedDataCache/Compressed.ddp.
[2019.02.05-06.09.35:296][  0]LogDerivedDataCache: FDerivedDataBackendGraph:  EnterprisePak pak cache file ../../../Enterprise/DerivedDataCache/Compressed.ddp not found, will not use a pak cache.
[2019.02.05-06.09.35:296][  0]LogDerivedDataCache: Unable to find inner node EnterprisePak for hierarchical cache Hierarchy.
[2019.02.05-06.09.35:310][  0]LogDerivedDataCache: Using Local data cache path C:/Users/Yoshi/AppData/Local/UnrealEngine/Common/DerivedDataCache: Writable
[2019.02.05-06.09.35:310][  0]LogDerivedDataCache: Shared data cache path not found in *engine.ini, will not use an Shared cache.
[2019.02.05-06.09.35:310][  0]LogDerivedDataCache: Unable to find inner node Shared for hierarchical cache Hierarchy.
[2019.02.05-06.09.35:329][  0]LogMaterial: Verifying Global Shaders for PCD3D_SM5
[2019.02.05-06.09.35:331][  0]LogSlate: Using FreeType 2.6.0
[2019.02.05-06.09.35:332][  0]LogSlate: SlateFontServices - WITH_FREETYPE: 1, WITH_HARFBUZZ: 1
[2019.02.05-06.09.35:721][  0]LogAssetRegistry: FAssetRegistry took 0.0334 seconds to start up
[2019.02.05-06.09.36:007][  0]LogInit: Selected Device Profile: [Windows]
[2019.02.05-06.09.36:145][  0]LogSimplygon: Simplygon DLL not present - disabling.
[2019.02.05-06.09.36:150][  0]LogMeshReduction: Using SimplygonSwarm for distributed automatic mesh merging
[2019.02.05-06.09.36:150][  0]LogMeshReduction: Using ProxyLODMeshReduction for automatic mesh merging
[2019.02.05-06.09.36:150][  0]LogMeshReduction: Using QuadricMeshReduction for automatic static mesh reduction
[2019.02.05-06.09.36:150][  0]LogMeshReduction: No automatic skeletal mesh reduction module available
[2019.02.05-06.09.36:167][  0]LogNetVersion: MyProject1 1.0.0, NetCL: 4541578, EngineNetVer: 5, GameNetVer: 0 (Checksum: 3671458904)
[2019.02.05-06.09.37:313][  0]LogPackageLocalizationCache: Processed 11 localized package path(s) for 2 prioritized culture(s) in 0.651054 seconds
[2019.02.05-06.09.37:319][  0]LogUObjectArray: 39775 objects as part of root set at end of initial load.
[2019.02.05-06.09.37:319][  0]LogUObjectAllocator: 6914656 out of 0 bytes used by permanent object pool.
[2019.02.05-06.09.37:319][  0]LogUObjectArray: CloseDisregardForGC: 0/0 objects in disregard for GC pool
[2019.02.05-06.09.39:494][  0]LogTcpMessaging: Initializing TcpMessaging bridge
[2019.02.05-06.09.39:508][  0]LogUdpMessaging: Initializing bridge on interface 0.0.0.0:0 to multicast group 230.0.0.1:6666.
[2019.02.05-06.09.40:838][  0]SourceControl: ソースコントロールは無効です
[2019.02.05-06.09.40:838][  0]SourceControl: ソースコントロールは無効です
[2019.02.05-06.09.40:840][  0]SourceControl: ソースコントロールは無効です
[2019.02.05-06.09.40:841][  0]SourceControl: ソースコントロールは無効です
[2019.02.05-06.09.41:055][  0]LogAndroidPermission: UAndroidPermissionCallbackProxy::GetInstance
[2019.02.05-06.09.41:118][  0]LogOcInput: OculusInput pre-init called
[2019.02.05-06.09.41:254][  0]LogEngine: Initializing Engine...
[2019.02.05-06.09.41:255][  0]LogHMD: Failed to initialize OpenVR with code 110
[2019.02.05-06.09.41:256][  0]LogStats: UGameplayTagsManager::ConstructGameplayTagTree: ImportINI prefixes -  0.000 s
[2019.02.05-06.09.41:256][  0]LogStats: UGameplayTagsManager::ConstructGameplayTagTree: Construct from data asset -  0.000 s
[2019.02.05-06.09.41:256][  0]LogStats: UGameplayTagsManager::ConstructGameplayTagTree: ImportINI -  0.000 s
[2019.02.05-06.09.41:256][  0]LogStats: UGameplayTagsManager::ConstructGameplayTagTree: GameplayTagTreeChangedEvent.Broadcast -  0.000 s
[2019.02.05-06.09.41:468][  0]LogInit: Initializing FReadOnlyCVARCache
[2019.02.05-06.09.41:485][  0]LogAIModule: Creating AISystem for world Untitled
[2019.02.05-06.09.41:492][  0]LogInit: XAudio2 using 'スピーカー (Realtek High Definition Audio)' : 2 channels at 48 kHz using 32 bits per sample (channel mask 0x3)
[2019.02.05-06.09.41:596][  0]LogInit: FAudioDevice initialized.
[2019.02.05-06.09.41:596][  0]LogNetVersion: Set ProjectVersion to 1.0.0.0. Version Checksum will be recalculated on next use.
[2019.02.05-06.09.42:286][  0]LogDerivedDataCache: Saved boot cache 0.69s 72MB C:/Users/Yoshi/AppData/Local/UnrealEngine/4.21/DerivedDataCache/Boot.ddc.
[2019.02.05-06.09.42:291][  0]LogInit: Texture streaming: Enabled
[2019.02.05-06.09.42:311][  0]LogEngineSessionManager: EngineSessionManager initialized
[2019.02.05-06.09.42:324][  0]LogInit: Transaction tracking system initialized
[2019.02.05-06.09.42:350][  0]BlueprintLog: New page: エディタの読み込み
[2019.02.05-06.09.42:467][  0]LocalizationService: ローカライズのサービスが無効になりました
[2019.02.05-06.09.43:133][  0]LogCook: Display: Max memory allowance for cook 16384mb min free memory 0mb
[2019.02.05-06.09.43:133][  0]LogCook: Display: Mobile HDR setting 1
[2019.02.05-06.09.43:133][  0]LogGameplayTags: Display: UGameplayTagsManager::DoneAddingNativeTags. DelegateIsBound: 0
[2019.02.05-06.09.43:133][  0]LogStats: UGameplayTagsManager::ConstructGameplayTagTree: ImportINI prefixes -  0.000 s
[2019.02.05-06.09.43:133][  0]LogStats: UGameplayTagsManager::ConstructGameplayTagTree: Construct from data asset -  0.000 s
[2019.02.05-06.09.43:133][  0]LogStats: UGameplayTagsManager::ConstructGameplayTagTree: ImportINI -  0.000 s
[2019.02.05-06.09.43:133][  0]LogStats: UGameplayTagsManager::ConstructGameplayTagTree: GameplayTagTreeChangedEvent.Broadcast -  0.000 s
[2019.02.05-06.09.43:282][  0]LogFileCache: Scanning file cache for directory 'C:/Users/Yoshi/Desktop/UE_4.21/MyProject1/Content/' took 0.03s
[2019.02.05-06.09.43:282][  0]SourceControl: ソースコントロールは無効です
[2019.02.05-06.09.43:282][  0]Cmd: MAP LOAD FILE="../../../MyProject1/Content/FirstPersonBP/Maps/FirstPersonExampleMap.umap" TEMPLATE=0 SHOWPROGRESS=1 FEATURELEVEL=3
[2019.02.05-06.09.43:282][  0]LightingResults: New page: ライティングのビルド
[2019.02.05-06.09.43:285][  0]MapCheck: New page: マップをチェック
[2019.02.05-06.09.43:285][  0]LightingResults: New page: <何も選択されていません>
[2019.02.05-06.09.51:577][  0]LogAIModule: Creating AISystem for world FirstPersonExampleMap
[2019.02.05-06.09.53:670][  0]LogEditorServer: Finished looking for orphan Actors (0.000 secs)
[2019.02.05-06.09.53:692][  0]Cmd: MAP CHECKDEP NOCLEARLOG
[2019.02.05-06.09.53:692][  0]MapCheck: マップチェックが完了: 0 エラー、 0 警告、完了に 0.129ミリ秒かかりました。
[2019.02.05-06.09.53:692][  0]LogFileHelpers: Loading map 'FirstPersonExampleMap' took 10.411
[2019.02.05-06.09.53:763][  0]LogWindowsTextInputMethodSystem: Display: IME system now activated using TSF (Microsoft IME).
[2019.02.05-06.09.53:795][  0]LogSlate: Updating window title bar state: overlay mode, drag disabled, window buttons hidden, title bar hidden
[2019.02.05-06.09.53:800][  0]LogSlate: Updating window title bar state: overlay mode, drag disabled, window buttons hidden, title bar hidden
[2019.02.05-06.09.53:808][  0]LogSlate: Updating window title bar state: overlay mode, drag disabled, window buttons hidden, title bar hidden
[2019.02.05-06.09.53:814][  0]LogSlate: Updating window title bar state: overlay mode, drag disabled, window buttons hidden, title bar hidden
[2019.02.05-06.09.53:821][  0]LogCollectionManager: Loaded 0 collections in 0.001529 seconds
[2019.02.05-06.09.53:879][  0]LogFileCache: Scanning file cache for directory 'C:/Users/Yoshi/Desktop/UE_4.21/MyProject1/Saved/Collections/' took 0.01s
[2019.02.05-06.09.53:879][  0]LogFileCache: Scanning file cache for directory 'C:/Users/Yoshi/Desktop/UE_4.21/MyProject1/Content/Developers/Yoshi/Collections/' took 0.01s
[2019.02.05-06.09.53:879][  0]LogFileCache: Scanning file cache for directory 'C:/Users/Yoshi/Desktop/UE_4.21/MyProject1/Content/Collections/' took 0.01s
[2019.02.05-06.09.53:879][  0]LogCollectionManager: Rebuilt the GUID cache for 0 collections in 0.000001 seconds
[2019.02.05-06.09.53:886][  0]LogContentBrowser: Native class hierarchy populated in 0.0072 seconds. Added 2651 classes and 620 folders.
[2019.02.05-06.09.53:893][  0]LogContentBrowser: Native class hierarchy updated for 'WidgetCarousel' in 0.0002 seconds. Added 0 classes and 0 folders.
[2019.02.05-06.09.53:896][  0]LogPakFile: Registered encryption key '00000000000000000000000000000000': 0 pak files mounted, 0 remain pending
[2019.02.05-06.09.53:897][  0]LogPakFile: Registered encryption key '00000000000000000000000000000000': 0 pak files mounted, 0 remain pending
[2019.02.05-06.09.53:898][  0]LogPakFile: Registered encryption key '00000000000000000000000000000000': 0 pak files mounted, 0 remain pending
[2019.02.05-06.09.53:899][  0]LogPakFile: Registered encryption key '00000000000000000000000000000000': 0 pak files mounted, 0 remain pending
[2019.02.05-06.09.53:900][  0]LogPakFile: Registered encryption key '00000000000000000000000000000000': 0 pak files mounted, 0 remain pending
[2019.02.05-06.09.53:901][  0]LogPakFile: Registered encryption key '00000000000000000000000000000000': 0 pak files mounted, 0 remain pending
[2019.02.05-06.09.53:902][  0]LogPakFile: Registered encryption key '00000000000000000000000000000000': 0 pak files mounted, 0 remain pending
[2019.02.05-06.09.53:902][  0]LogPakFile: Registered encryption key '00000000000000000000000000000000': 0 pak files mounted, 0 remain pending
[2019.02.05-06.09.53:903][  0]LogPakFile: Registered encryption key '00000000000000000000000000000000': 0 pak files mounted, 0 remain pending
[2019.02.05-06.09.53:904][  0]LogPakFile: Registered encryption key '00000000000000000000000000000000': 0 pak files mounted, 0 remain pending
[2019.02.05-06.09.53:905][  0]LogPakFile: Registered encryption key '00000000000000000000000000000000': 0 pak files mounted, 0 remain pending
[2019.02.05-06.09.53:906][  0]LogPakFile: Registered encryption key '00000000000000000000000000000000': 0 pak files mounted, 0 remain pending
[2019.02.05-06.09.53:907][  0]LogPakFile: Registered encryption key '00000000000000000000000000000000': 0 pak files mounted, 0 remain pending
[2019.02.05-06.09.53:908][  0]LogPakFile: Registered encryption key '00000000000000000000000000000000': 0 pak files mounted, 0 remain pending
[2019.02.05-06.09.53:909][  0]LogPakFile: Registered encryption key '00000000000000000000000000000000': 0 pak files mounted, 0 remain pending
[2019.02.05-06.09.53:910][  0]LogPakFile: Registered encryption key '00000000000000000000000000000000': 0 pak files mounted, 0 remain pending
[2019.02.05-06.09.53:911][  0]LogPakFile: Registered encryption key '00000000000000000000000000000000': 0 pak files mounted, 0 remain pending
[2019.02.05-06.09.53:911][  0]LogPakFile: Registered encryption key '00000000000000000000000000000000': 0 pak files mounted, 0 remain pending
[2019.02.05-06.09.53:912][  0]LogPakFile: Registered encryption key '00000000000000000000000000000000': 0 pak files mounted, 0 remain pending
[2019.02.05-06.09.53:913][  0]LogPakFile: Registered encryption key '00000000000000000000000000000000': 0 pak files mounted, 0 remain pending
[2019.02.05-06.09.53:914][  0]LogPakFile: Registered encryption key '00000000000000000000000000000000': 0 pak files mounted, 0 remain pending
[2019.02.05-06.09.53:915][  0]LogPakFile: Registered encryption key '00000000000000000000000000000000': 0 pak files mounted, 0 remain pending
[2019.02.05-06.09.53:916][  0]LogPakFile: Registered encryption key '00000000000000000000000000000000': 0 pak files mounted, 0 remain pending
[2019.02.05-06.09.53:917][  0]LogPakFile: Registered encryption key '00000000000000000000000000000000': 0 pak files mounted, 0 remain pending
[2019.02.05-06.09.53:917][  0]LogPakFile: Registered encryption key '00000000000000000000000000000000': 0 pak files mounted, 0 remain pending
[2019.02.05-06.09.53:918][  0]LogPakFile: Registered encryption key '00000000000000000000000000000000': 0 pak files mounted, 0 remain pending
[2019.02.05-06.09.53:962][  0]LogContentBrowser: Native class hierarchy updated for 'AddContentDialog' in 0.0002 seconds. Added 0 classes and 0 folders.
[2019.02.05-06.09.53:967][  0]LogContentBrowser: Native class hierarchy updated for 'SceneOutliner' in 0.0002 seconds. Added 1 classes and 2 folders.
[2019.02.05-06.09.53:995][  0]LogSlate: Took 0.000587 seconds to synchronously load lazily loaded font '../../../Engine/Content/Slate/Fonts/Roboto-Regular.ttf' (155K)
[2019.02.05-06.09.53:997][  0]LogSlate: Took 0.000731 seconds to synchronously load lazily loaded font '../../../Engine/Content/Editor/Slate/Fonts/GenEiGothicPro-Regular.otf' (707K)
[2019.02.05-06.09.53:998][  0]LogSlate: Took 0.000633 seconds to synchronously load lazily loaded font '../../../Engine/Content/Editor/Slate/Fonts/GenEiGothicPro-Bold.otf' (698K)
[2019.02.05-06.09.53:998][  0]LogSlate: Took 0.000357 seconds to synchronously load lazily loaded font '../../../Engine/Content/Slate/Fonts/Roboto-Bold.ttf' (160K)
[2019.02.05-06.09.54:001][  0]LogSlate: Took 0.000376 seconds to synchronously load lazily loaded font '../../../Engine/Content/Editor/Slate/Fonts/FontAwesome.ttf' (139K)
[2019.02.05-06.09.54:082][  0]LogRenderer: Reallocating scene render targets to support 936x536 Format 10 NumSamples 1 (Frame:1).
[2019.02.05-06.09.55:018][  0]LogContentBrowser: Native class hierarchy updated for 'HierarchicalLODOutliner' in 0.0002 seconds. Added 0 classes and 0 folders.
[2019.02.05-06.09.55:019][  0]LogLoad: (Engine Initialization) Total time: 24.50 seconds
[2019.02.05-06.09.55:019][  0]LogLoad: (Engine Initialization) Total Blueprint compile time: 0.00 seconds
[2019.02.05-06.09.55:088][  0]LogContentStreaming: Texture pool size now 1000 MB
[2019.02.05-06.09.55:102][  0]LogSlate: Took 0.000449 seconds to synchronously load lazily loaded font '../../../Engine/Content/Slate/Fonts/Roboto-Light.ttf' (167K)
[2019.02.05-06.09.55:146][  1]LogAssetRegistry: Asset discovery search completed in 19.4472 seconds
[2019.02.05-06.09.55:148][  1]LogCollectionManager: Rebuilt the object cache for 0 collections in 0.000001 seconds (found 0 objects)
[2019.02.05-06.09.55:148][  1]LogCollectionManager: Fixed up redirectors for 0 collections in 0.000034 seconds (updated 0 objects)
[2019.02.05-06.10.46:887][845]LogEditorViewport: Clicking on Actor (LMB): StaticMeshActor (Floor)
[2019.02.05-06.10.53:889][166]LogSlate: FSceneViewport::OnFocusLost() reason 0
[2019.02.05-06.10.55:097][204]LogHttp: Warning: 0000029B8897A480: request failed, libcurl error: 6 (Couldn't resolve host name)
[2019.02.05-06.10.55:097][204]LogHttp: Warning: 0000029B8897A480: libcurl info message cache 0 (Could not resolve host: datarouter.ol.epicgames.com)
[2019.02.05-06.10.55:097][204]LogHttp: Warning: 0000029B8897A480: libcurl info message cache 1 (Closing connection 0)
[2019.02.05-06.10.55:097][204]LogHttp: Warning: Retry exhausted on https://datarouter.ol.epicgames.com/datarouter/api/v1/public/data?SessionID=%7B6FAAD9B1-4AD2-C392-9CBC-358279016AA1%7D&AppID=UEEditor.Rocket.Release&AppVersion=4.21.0-4541578%2B%2B%2BUE4%2BRelease-4.21&UserID=a493a7ae4f5a4d95ae16ffa39500b658%7C99457111e5434491a4f626c52438eb96%7Cbd979871-5647-498d-b009-7298f68d172a&AppEnvironment=datacollector-binary&UploadType=eteventstream
[2019.02.05-06.11.07:600][576]LogSlate: FSceneViewport::OnFocusLost() reason 0
[2019.02.05-06.11.08:498][580]LogActorComponent: UnregisterComponent: (/Engine/Transient.SphereBrushComponent) Not registered. Aborting.
[2019.02.05-06.11.08:501][580]LogTexture: Display: Building textures: Texture2D_2 (G8, 128X128)
[2019.02.05-06.12.55:148][603]LogHttp: Warning: 0000029BDF7ED1C0: request failed, libcurl error: 6 (Couldn't resolve host name)
[2019.02.05-06.12.55:148][603]LogHttp: Warning: 0000029BDF7ED1C0: libcurl info message cache 0 (Could not resolve host: datarouter.ol.epicgames.com)
[2019.02.05-06.12.55:148][603]LogHttp: Warning: 0000029BDF7ED1C0: libcurl info message cache 1 (Closing connection 1)
[2019.02.05-06.12.55:182][604]LogHttp: Warning: Retry exhausted on https://datarouter.ol.epicgames.com/datarouter/api/v1/public/data?SessionID=%7B6FAAD9B1-4AD2-C392-9CBC-358279016AA1%7D&AppID=UEEditor.Rocket.Release&AppVersion=4.21.0-4541578%2B%2B%2BUE4%2BRelease-4.21&UserID=a493a7ae4f5a4d95ae16ffa39500b658%7C99457111e5434491a4f626c52438eb96%7Cbd979871-5647-498d-b009-7298f68d172a&AppEnvironment=datacollector-binary&UploadType=eteventstream
[2019.02.05-06.13.36:262][772]LogSlate: FSceneViewport::OnFocusLost() reason 2
[2019.02.05-06.14.55:245][ 26]LogHttp: Warning: 0000029BD0684540: request failed, libcurl error: 6 (Couldn't resolve host name)
[2019.02.05-06.14.55:245][ 26]LogHttp: Warning: 0000029BD0684540: libcurl info message cache 0 (Could not resolve host: datarouter.ol.epicgames.com)
[2019.02.05-06.14.55:245][ 26]LogHttp: Warning: 0000029BD0684540: libcurl info message cache 1 (Closing connection 2)
[2019.02.05-06.14.55:245][ 26]LogHttp: Warning: Retry exhausted on https://datarouter.ol.epicgames.com/datarouter/api/v1/public/data?SessionID=%7B6FAAD9B1-4AD2-C392-9CBC-358279016AA1%7D&AppID=UEEditor.Rocket.Release&AppVersion=4.21.0-4541578%2B%2B%2BUE4%2BRelease-4.21&UserID=a493a7ae4f5a4d95ae16ffa39500b658%7C99457111e5434491a4f626c52438eb96%7Cbd979871-5647-498d-b009-7298f68d172a&AppEnvironment=datacollector-binary&UploadType=eteventstream
[2019.02.05-06.16.14:659][340]LogSlate: FSceneViewport::OnFocusLost() reason 0
[2019.02.05-06.16.16:775][459]LogEditorViewport: Clicking on Actor (double click): StaticMeshActor (Floor)
[2019.02.05-06.16.17:081][472]LogEditorViewport: Clicking on Actor (LMB): StaticMeshActor (Floor)
[2019.02.05-06.16.20:144][584]LogSlate: FSceneViewport::OnFocusLost() reason 2
[2019.02.05-06.16.25:142][733]LogSlate: Took 0.005981 seconds to synchronously load lazily loaded font '../../../Engine/Content/Editor/Slate/Fonts/GenEiGothicPro-Light.otf' (713K)
[2019.02.05-06.16.25:143][733]LogSlate: Took 0.000741 seconds to synchronously load lazily loaded font '../../../Engine/Content/Slate/Fonts/Roboto-Light.ttf' (167K)
[2019.02.05-06.16.47:965][549]LogSlate: FSceneViewport::OnFocusLost() reason 2
[2019.02.05-06.16.55:277][827]LogHttp: Warning: 0000029B88ED9440: request failed, libcurl error: 6 (Couldn't resolve host name)
[2019.02.05-06.16.55:277][827]LogHttp: Warning: 0000029B88ED9440: libcurl info message cache 0 (Could not resolve host: datarouter.ol.epicgames.com)
[2019.02.05-06.16.55:277][827]LogHttp: Warning: 0000029B88ED9440: libcurl info message cache 1 (Closing connection 3)
[2019.02.05-06.16.55:304][828]LogHttp: Warning: Retry exhausted on https://datarouter.ol.epicgames.com/datarouter/api/v1/public/data?SessionID=%7B6FAAD9B1-4AD2-C392-9CBC-358279016AA1%7D&AppID=UEEditor.Rocket.Release&AppVersion=4.21.0-4541578%2B%2B%2BUE4%2BRelease-4.21&UserID=a493a7ae4f5a4d95ae16ffa39500b658%7C99457111e5434491a4f626c52438eb96%7Cbd979871-5647-498d-b009-7298f68d172a&AppEnvironment=datacollector-binary&UploadType=eteventstream
[2019.02.05-06.17.21:767][511]LogTexture: Display: Building textures: T_Soul_Water01_N (BC5, 512X512)
[2019.02.05-06.17.21:767][511]LogTexture: Display: Building textures: T_RainPuddleMask (AutoDXT, 256X256)
[2019.02.05-06.17.21:767][511]LogTexture: Display: Building textures: T_RainStreaming_N (BC5, 1024X1024)
[2019.02.05-06.17.21:767][511]LogTexture: Display: Building textures: T_Environment_Materials_Wet_TilingFlow02_N (BC5, 1024X1024)
[2019.02.05-06.17.21:767][511]LogTexture: Display: Building textures: T_Slums_Wall_N (BC5, 2048X2048)
[2019.02.05-06.17.21:767][511]LogTexture: Display: Building textures: T_Slums_MetalTexture_N (BC5, 2048X2048)
[2019.02.05-06.17.21:767][511]LogTexture: Display: Building textures: T_Slums_Manhole_N (BC5, 2048X2048)
[2019.02.05-06.17.21:767][511]LogTexture: Display: Building textures: T_Slums_TilingNOise_M (AutoDXT, 2048X2048)
[2019.02.05-06.17.21:767][511]LogTexture: Display: Building textures: T_Slums_Wall_D (AutoDXT, 2048X2048)
[2019.02.05-06.17.21:767][511]LogTexture: Display: Building textures: T_Slums_Manhole_M (AutoDXT, 2048X2048)
[2019.02.05-06.17.21:767][511]LogTexture: Display: Building textures: T_Slums_MetalTexture_M (AutoDXT, 2048X2048)
[2019.02.05-06.17.21:767][511]LogTexture: Display: Building textures: T_Slums_Metal_Rust_03_N (BC5, 2048X2048)
[2019.02.05-06.17.21:767][511]LogTexture: Display: Building textures: T_Slums_Metal_Rust_03_D (AutoDXT, 2048X2048)
[2019.02.05-06.17.21:767][511]LogTexture: Display: Building textures: T_Slums_TilingMetal_n (BC5, 2048X2048)
[2019.02.05-06.17.21:767][511]LogTexture: Display: Building textures: T_Patina_Metal_D (AutoDXT, 2048X2048)
[2019.02.05-06.17.21:767][511]LogMaterial: Display: Missing cached shader map for material M_Slums_Concrete, compiling. 
[2019.02.05-06.17.21:944][511]LogMaterial: Display: Missing cached shader map for material M_Slums_Concrete, compiling. 
[2019.02.05-06.17.21:988][511]LogShaderCompilers: Display: Shaders left to compile 55
[2019.02.05-06.17.21:988][511]LogShaderCompilers: Display: Shaders left to compile 45
[2019.02.05-06.17.21:988][511]LogShaderCompilers: Display: Shaders left to compile 35
[2019.02.05-06.17.21:988][511]LogShaderCompilers: Display: Shaders left to compile 25
[2019.02.05-06.17.21:988][511]LogMaterial: Display: Missing cached shader map for material M_Slums_Concrete, compiling. 
[2019.02.05-06.17.23:631][511]LogStaticMesh: スタティックメッシュ SM_slum_roads_stair_26 をビルド中...
[2019.02.05-06.17.23:648][511]LogSlate: FSceneViewport::OnFocusLost() reason 2
[2019.02.05-06.17.23:688][511]LogStaticMesh: Built static mesh [0.06s] /Game/SoulCity/Environment/Meshes/NewNavi/Roads/SM_slum_roads_stair_26.SM_slum_roads_stair_26
[2019.02.05-06.17.23:710][511]LogMaterial: Display: Missing cached shader map for material M_Slums_2, compiling. 
[2019.02.05-06.17.23:754][511]LogMaterial: Display: Missing cached shader map for material M_Slums_2, compiling. 
[2019.02.05-06.17.26:049][628]LogShaderCompilers: Display: Shaders left to compile 187
[2019.02.05-06.17.26:249][640]LogShaderCompilers: Display: Shaders left to compile 177
[2019.02.05-06.17.26:633][663]LogShaderCompilers: Display: Shaders left to compile 167
[2019.02.05-06.17.31:827][742]LogShaderCompilers: Display: Shaders left to compile 157
[2019.02.05-06.17.33:942][774]LogShaderCompilers: Display: Shaders left to compile 147
[2019.02.05-06.17.34:151][777]LogShaderCompilers: Display: Shaders left to compile 137
[2019.02.05-06.17.37:976][835]LogShaderCompilers: Display: Shaders left to compile 127
[2019.02.05-06.17.40:705][877]LogShaderCompilers: Display: Shaders left to compile 117
[2019.02.05-06.17.42:079][897]LogShaderCompilers: Display: Shaders left to compile 107
[2019.02.05-06.17.46:770][968]LogShaderCompilers: Display: Shaders left to compile 97
[2019.02.05-06.17.46:868][969]LogShaderCompilers: Display: Shaders left to compile 87
[2019.02.05-06.17.48:569][996]LogShaderCompilers: Display: Shaders left to compile 77
[2019.02.05-06.17.48:940][  2]LogShaderCompilers: Display: Shaders left to compile 67
[2019.02.05-06.17.51:946][ 74]LogShaderCompilers: Display: Shaders left to compile 57
[2019.02.05-06.17.55:150][248]LogShaderCompilers: Display: Shaders left to compile 47
[2019.02.05-06.17.56:336][319]LogShaderCompilers: Display: Shaders left to compile 37
[2019.02.05-06.17.57:860][410]LogShaderCompilers: Display: Shaders left to compile 27
[2019.02.05-06.17.58:005][419]LogShaderCompilers: Display: Shaders left to compile 17
[2019.02.05-06.18.01:849][644]LogShaderCompilers: Display: Shaders left to compile 7
[2019.02.05-06.18.29:437][998]LogSlate: FSceneViewport::OnFocusLost() reason 0
[2019.02.05-06.18.50:676][801]LogSlate: FSceneViewport::OnFocusLost() reason 2
[2019.02.05-06.18.55:356][ 17]LogHttp: Warning: 0000029B88ED8E00: request failed, libcurl error: 6 (Couldn't resolve host name)
[2019.02.05-06.18.55:356][ 17]LogHttp: Warning: 0000029B88ED8E00: libcurl info message cache 0 (Could not resolve host: datarouter.ol.epicgames.com)
[2019.02.05-06.18.55:356][ 17]LogHttp: Warning: 0000029B88ED8E00: libcurl info message cache 1 (Closing connection 4)
[2019.02.05-06.18.55:368][ 18]LogHttp: Warning: Retry exhausted on https://datarouter.ol.epicgames.com/datarouter/api/v1/public/data?SessionID=%7B6FAAD9B1-4AD2-C392-9CBC-358279016AA1%7D&AppID=UEEditor.Rocket.Release&AppVersion=4.21.0-4541578%2B%2B%2BUE4%2BRelease-4.21&UserID=a493a7ae4f5a4d95ae16ffa39500b658%7C99457111e5434491a4f626c52438eb96%7Cbd979871-5647-498d-b009-7298f68d172a&AppEnvironment=datacollector-binary&UploadType=eteventstream
[2019.02.05-06.19.17:062][ 24]LogStaticMesh: スタティックメッシュ SM_Slums_Floor_01a をビルド中...
[2019.02.05-06.19.17:066][ 24]LogSlate: FSceneViewport::OnFocusLost() reason 2
[2019.02.05-06.19.17:076][ 24]LogStaticMesh: Built static mesh [0.01s] /Game/SoulCity/Environment/Meshes/Building_Slum/SM_Slums_Floor_01a.SM_Slums_Floor_01a
[2019.02.05-06.19.24:691][344]LogSlate: FSceneViewport::OnFocusLost() reason 2
[2019.02.05-06.19.27:852][490]LogStaticMesh: スタティックメッシュ SM_Slums_Floor_01c をビルド中...
[2019.02.05-06.19.27:859][490]LogSlate: FSceneViewport::OnFocusLost() reason 2
[2019.02.05-06.19.27:882][490]LogStaticMesh: Built static mesh [0.03s] /Game/SoulCity/Environment/Meshes/Building_Slum/SM_Slums_Floor_01c.SM_Slums_Floor_01c
[2019.02.05-06.19.29:743][563]LogSlate: FSceneViewport::OnFocusLost() reason 2
[2019.02.05-06.20.38:307][472]LogSlate: FSceneViewport::OnFocusLost() reason 2
[2019.02.05-06.20.43:941][661]LogSlate: FSceneViewport::OnFocusLost() reason 2
[2019.02.05-06.20.52:306][988]LogSlate: FSceneViewport::OnFocusLost() reason 2
[2019.02.05-06.20.55:416][ 89]LogHttp: Warning: 0000029BA778C900: request failed, libcurl error: 6 (Couldn't resolve host name)
[2019.02.05-06.20.55:417][ 89]LogHttp: Warning: 0000029BA778C900: libcurl info message cache 0 (Could not resolve host: datarouter.ol.epicgames.com)
[2019.02.05-06.20.55:417][ 89]LogHttp: Warning: 0000029BA778C900: libcurl info message cache 1 (Closing connection 5)
[2019.02.05-06.20.55:466][ 90]LogHttp: Warning: Retry exhausted on https://datarouter.ol.epicgames.com/datarouter/api/v1/public/data?SessionID=%7B6FAAD9B1-4AD2-C392-9CBC-358279016AA1%7D&AppID=UEEditor.Rocket.Release&AppVersion=4.21.0-4541578%2B%2B%2BUE4%2BRelease-4.21&UserID=a493a7ae4f5a4d95ae16ffa39500b658%7C99457111e5434491a4f626c52438eb96%7Cbd979871-5647-498d-b009-7298f68d172a&AppEnvironment=datacollector-binary&UploadType=eteventstream
[2019.02.05-06.20.59:401][251]LogEditorViewport: Clicking on Actor (LMB): StaticMeshActor (Floor)
[2019.02.05-06.21.07:325][678]LogEditorViewport: Clicking on Actor (LMB): StaticMeshActor (Floor)
[2019.02.05-06.21.09:181][779]LogEditorViewport: Clicking on Actor (LMB): StaticMeshActor (Floor)
[2019.02.05-06.21.09:355][785]LogEditorViewport: Clicking on Actor (LMB): StaticMeshActor (Floor)
[2019.02.05-06.21.10:476][849]LogSlate: FSceneViewport::OnFocusLost() reason 0
[2019.02.05-06.21.14:309][ 79]LogEditorViewport: Clicking on Actor (LMB): StaticMeshActor (Floor)
[2019.02.05-06.21.14:491][ 86]LogEditorViewport: Clicking on Actor (LMB): StaticMeshActor (Floor)
[2019.02.05-06.21.15:697][153]LogSlate: FSceneViewport::OnFocusLost() reason 0
[2019.02.05-06.21.53:616][155]LogEditorViewport: Clicking on Actor (LMB): StaticMeshActor (Floor)
[2019.02.05-06.21.53:702][156]LogEditorViewport: Clicking on Component (LMB): StaticMeshComponent (StaticMeshComponent0)
[2019.02.05-06.21.57:929][302]LogSlate: FSceneViewport::OnFocusLost() reason 0
[2019.02.05-06.22.23:063][  4]LogSlate: Took 0.038241 seconds to synchronously load lazily loaded font '../../../Engine/Content/Slate/Fonts/Roboto-Italic.ttf' (157K)
[2019.02.05-06.22.48:192][ 91]LogSlate: FSceneViewport::OnFocusLost() reason 2
[2019.02.05-06.22.50:810][180]LogStaticMesh: スタティックメッシュ SM_Slums_Floor_01b をビルド中...
[2019.02.05-06.22.50:815][180]LogSlate: FSceneViewport::OnFocusLost() reason 2
[2019.02.05-06.22.50:842][180]LogStaticMesh: Built static mesh [0.03s] /Game/SoulCity/Environment/Meshes/Building_Slum/SM_Slums_Floor_01b.SM_Slums_Floor_01b
[2019.02.05-06.22.52:454][213]LogSlate: FSceneViewport::OnFocusLost() reason 2
[2019.02.05-06.22.55:420][307]LogSlate: FSceneViewport::OnFocusLost() reason 2
[2019.02.05-06.22.55:533][309]LogHttp: Warning: 0000029BA778EC00: request failed, libcurl error: 6 (Couldn't resolve host name)
[2019.02.05-06.22.55:533][309]LogHttp: Warning: 0000029BA778EC00: libcurl info message cache 0 (Could not resolve host: datarouter.ol.epicgames.com)
[2019.02.05-06.22.55:533][309]LogHttp: Warning: 0000029BA778EC00: libcurl info message cache 1 (Closing connection 6)
[2019.02.05-06.22.55:562][310]LogHttp: Warning: Retry exhausted on https://datarouter.ol.epicgames.com/datarouter/api/v1/public/data?SessionID=%7B6FAAD9B1-4AD2-C392-9CBC-358279016AA1%7D&AppID=UEEditor.Rocket.Release&AppVersion=4.21.0-4541578%2B%2B%2BUE4%2BRelease-4.21&UserID=a493a7ae4f5a4d95ae16ffa39500b658%7C99457111e5434491a4f626c52438eb96%7Cbd979871-5647-498d-b009-7298f68d172a&AppEnvironment=datacollector-binary&UploadType=eteventstream
[2019.02.05-06.22.57:140][366]LogStaticMesh: スタティックメッシュ SM_Slums_Floor_01d をビルド中...
[2019.02.05-06.22.57:145][366]LogSlate: FSceneViewport::OnFocusLost() reason 2
[2019.02.05-06.22.57:164][366]LogStaticMesh: Built static mesh [0.02s] /Game/SoulCity/Environment/Meshes/Building_Slum/SM_Slums_Floor_01d.SM_Slums_Floor_01d
[2019.02.05-06.22.59:155][406]LogSlate: FSceneViewport::OnFocusLost() reason 2
[2019.02.05-06.23.00:562][468]LogStaticMesh: スタティックメッシュ SM_Slums_Floor_01e をビルド中...
[2019.02.05-06.23.00:567][468]LogSlate: FSceneViewport::OnFocusLost() reason 2
[2019.02.05-06.23.00:575][468]LogStaticMesh: Built static mesh [0.01s] /Game/SoulCity/Environment/Meshes/Building_Slum/SM_Slums_Floor_01e.SM_Slums_Floor_01e
[2019.02.05-06.23.02:964][517]LogSlate: FSceneViewport::OnFocusLost() reason 2
[2019.02.05-06.23.40:899][542]LogTexture: Display: Building textures: T_Cave_E (AutoDXT, 2048X2048)
[2019.02.05-06.23.40:899][542]LogTexture: Display: Building textures: T_Cave_Spotlight_N (BC5, 2048X2048)
[2019.02.05-06.23.40:899][542]LogTexture: Display: Building textures: T_Cave_Floor_N (BC5, 2048X2048)
[2019.02.05-06.23.40:899][542]LogTexture: Display: Building textures: T_Cave_Floor_D (AutoDXT, 2048X2048)
[2019.02.05-06.23.43:557][542]LogMaterial: Display: Missing cached shader map for material M_Cave_Floor, compiling. 
[2019.02.05-06.23.43:595][542]LogShaderCompilers: Display: Shaders left to compile 31
[2019.02.05-06.23.43:595][542]LogShaderCompilers: Display: Shaders left to compile 21
[2019.02.05-06.23.43:595][542]LogShaderCompilers: Display: Shaders left to compile 11
[2019.02.05-06.23.43:595][542]LogShaderCompilers: Display: Shaders left to compile 1
[2019.02.05-06.23.43:595][542]LogStaticMesh: スタティックメッシュ SM_Cave_Floor_Stairs_Quarter をビルド中...
[2019.02.05-06.23.43:599][542]LogSlate: FSceneViewport::OnFocusLost() reason 2
[2019.02.05-06.23.43:904][542]LogStaticMesh: Built static mesh [0.31s] /Game/SoulCity/Environment/Meshes/Building/SM_Cave_Floor_Stairs_Quarter.SM_Cave_Floor_Stairs_Quarter
[2019.02.05-06.23.44:468][542]LogTexture: Display: Building textures: T_Cave_Spotlight_D (AutoDXT, 2048X2048)
[2019.02.05-06.23.48:175][542]LogMaterial: Display: Missing cached shader map for material M_Cave_Spotlight, compiling. 
[2019.02.05-06.23.48:220][542]LogShaderCompilers: Display: Shaders left to compile 31
[2019.02.05-06.23.48:425][544]LogShaderCompilers: Display: Shaders left to compile 21
[2019.02.05-06.23.48:849][568]LogShaderCompilers: Display: Shaders left to compile 11
[2019.02.05-06.23.50:198][603]LogShaderCompilers: Display: Shaders left to compile 1
[2019.02.05-06.23.54:182][722]LogSlate: FSceneViewport::OnFocusLost() reason 2
[2019.02.05-06.24.00:962][894]LogTexture: Display: Building textures: T_Cave_Mud_D (AutoDXT, 1024X1024)
[2019.02.05-06.24.00:962][894]LogTexture: Display: Building textures: T_Cave_Dirt_N (BC5, 1024X1024)
[2019.02.05-06.24.00:962][894]LogTexture: Display: Building textures: T_Cave_Mud_N (BC5, 1024X1024)
[2019.02.05-06.24.00:962][894]LogTexture: Display: Building textures: T_Cave_Dirt_D (AutoDXT, 1024X1024)
[2019.02.05-06.24.00:963][894]LogTexture: Display: Building textures: T_Cave_Rock_Stalactite_M (AutoDXT, 1024X1024)
[2019.02.05-06.24.00:963][894]LogStaticMesh: スタティックメッシュ SM_Cave_Floor_Plane_100_10 をビルド中...
[2019.02.05-06.24.00:967][894]LogSlate: FSceneViewport::OnFocusLost() reason 2
[2019.02.05-06.24.00:981][894]LogStaticMesh: Built static mesh [0.02s] /Game/SoulCity/Environment/Meshes/Props/SM_Cave_Floor_Plane_100_10.SM_Cave_Floor_Plane_100_10
[2019.02.05-06.24.01:166][894]LogMaterial: Display: Missing cached shader map for material M_Cave_Ground_MASTER, compiling. 
[2019.02.05-06.24.01:212][895]LogShaderCompilers: Display: Shaders left to compile 31
[2019.02.05-06.24.01:212][895]LogShaderCompilers: Display: Shaders left to compile 21
[2019.02.05-06.24.01:212][895]LogShaderCompilers: Display: Shaders left to compile 11
[2019.02.05-06.24.01:212][895]LogShaderCompilers: Display: Shaders left to compile 1
[2019.02.05-06.24.05:021][980]LogSlate: FSceneViewport::OnFocusLost() reason 2
[2019.02.05-06.24.21:363][636]LogEditorViewport: Clicking on Component (LMB): StaticMeshComponent (StaticMeshComponent0)
[2019.02.05-06.24.24:516][751]LogSlate: FSceneViewport::OnFocusLost() reason 0
[2019.02.05-06.24.55:625][838]LogHttp: Warning: 0000029B8884A980: request failed, libcurl error: 6 (Couldn't resolve host name)
[2019.02.05-06.24.55:625][838]LogHttp: Warning: 0000029B8884A980: libcurl info message cache 0 (Could not resolve host: datarouter.ol.epicgames.com)
[2019.02.05-06.24.55:625][838]LogHttp: Warning: 0000029B8884A980: libcurl info message cache 1 (Closing connection 7)
[2019.02.05-06.24.55:625][838]LogHttp: Warning: Retry exhausted on https://datarouter.ol.epicgames.com/datarouter/api/v1/public/data?SessionID=%7B6FAAD9B1-4AD2-C392-9CBC-358279016AA1%7D&AppID=UEEditor.Rocket.Release&AppVersion=4.21.0-4541578%2B%2B%2BUE4%2BRelease-4.21&UserID=a493a7ae4f5a4d95ae16ffa39500b658%7C99457111e5434491a4f626c52438eb96%7Cbd979871-5647-498d-b009-7298f68d172a&AppEnvironment=datacollector-binary&UploadType=eteventstream
[2019.02.05-06.25.18:368][190]LogSlate: FSceneViewport::OnFocusLost() reason 2
[2019.02.05-06.25.19:447][190]LogTexture: Display: Building textures: Texture2D_12 (BGRA8, 64X64)
[2019.02.05-06.25.19:452][190]LogTexture: Display: Building textures: Texture2D_14 (BGRA8, 64X64)
[2019.02.05-06.25.19:461][190]LogTexture: Display: Building textures: Texture2D_20 (BGRA8, 64X64)
[2019.02.05-06.25.19:462][190]LogTexture: Display: Building textures: Texture2D_22 (BGRA8, 64X64)
[2019.02.05-06.25.19:463][190]LogTexture: Display: Building textures: Texture2D_30 (BGRA8, 64X64)
[2019.02.05-06.25.19:465][190]LogTexture: Display: Building textures: Texture2D_5 (BGRA8, 64X64)
[2019.02.05-06.25.19:465][190]LogTexture: Display: Building textures: Texture2D_6 (BGRA8, 64X64)
[2019.02.05-06.25.19:706][190]LogSavePackage: Moving '../../../MyProject1/Saved/FirstPersonExampleMap_Auto1500FB6DA4B644DC33E4893828EB0BEBA.tmp' to '../../../MyProject1/Saved/Autosaves/Game/FirstPersonBP/Maps/FirstPersonExampleMap_Auto1.umap'
[2019.02.05-06.25.19:733][190]LogFileHelpers: Editor autosave (incl. sublevels) for '/Game/FirstPersonBP/Maps/FirstPersonExampleMap' took 1.353
[2019.02.05-06.25.19:733][190]LogFileHelpers: Editor autosave (incl. sublevels) for all levels took 1.353
[2019.02.05-06.25.26:096][572]LogSlate: FSceneViewport::OnFocusLost() reason 0
[2019.02.05-06.26.14:949][897]LogTexture: Display: Building textures: T_LV_Soul_Base_N (AutoDXT, 2048X2048)
[2019.02.05-06.26.14:949][897]LogTexture: Display: Building textures: T_LV_Soul_grass_D (AutoDXT, 2048X2048)
[2019.02.05-06.26.14:949][897]LogTexture: Display: Building textures: T_LV_Soul_BaseDirt_D (AutoDXT, 2048X2048)
[2019.02.05-06.26.14:949][897]LogMaterial: Display: Missing cached shader map for material M_Soul_Landscape_SingleLayer_01, compiling. 
[2019.02.05-06.26.14:977][897]LogShaderCompilers: Display: Shaders left to compile 31
[2019.02.05-06.26.14:977][897]LogShaderCompilers: Display: Shaders left to compile 21
[2019.02.05-06.26.14:977][897]LogShaderCompilers: Display: Shaders left to compile 11
[2019.02.05-06.26.14:977][897]LogShaderCompilers: Display: Shaders left to compile 1
[2019.02.05-06.26.55:670][926]LogHttp: Warning: 0000029BD74BEE80: request failed, libcurl error: 6 (Couldn't resolve host name)
[2019.02.05-06.26.55:670][926]LogHttp: Warning: 0000029BD74BEE80: libcurl info message cache 0 (Could not resolve host: datarouter.ol.epicgames.com)
[2019.02.05-06.26.55:670][926]LogHttp: Warning: 0000029BD74BEE80: libcurl info message cache 1 (Closing connection 8)
[2019.02.05-06.26.55:670][926]LogHttp: Warning: Retry exhausted on https://datarouter.ol.epicgames.com/datarouter/api/v1/public/data?SessionID=%7B6FAAD9B1-4AD2-C392-9CBC-358279016AA1%7D&AppID=UEEditor.Rocket.Release&AppVersion=4.21.0-4541578%2B%2B%2BUE4%2BRelease-4.21&UserID=a493a7ae4f5a4d95ae16ffa39500b658%7C99457111e5434491a4f626c52438eb96%7Cbd979871-5647-498d-b009-7298f68d172a&AppEnvironment=datacollector-binary&UploadType=eteventstream
[2019.02.05-06.27.40:988][235]LogSlate: FSceneViewport::OnFocusLost() reason 0
[2019.02.05-06.28.06:849][762]LogMaterial: Display: Missing cached shader map for material M_1Meter_01, compiling. 
[2019.02.05-06.28.06:870][762]LogShaderCompilers: Display: Shaders left to compile 36
[2019.02.05-06.28.06:870][762]LogShaderCompilers: Display: Shaders left to compile 26
[2019.02.05-06.28.06:870][762]LogShaderCompilers: Display: Shaders left to compile 16
[2019.02.05-06.28.06:870][762]LogShaderCompilers: Display: Shaders left to compile 6
[2019.02.05-06.28.06:870][762]LogStaticMesh: スタティックメッシュ SM_1Meter_01 をビルド中...
[2019.02.05-06.28.06:986][762]LogStaticMesh: Built static mesh [0.12s] /Game/KiteDemo/LevelContent/Architecture/SM_1Meter_01.SM_1Meter_01
[2019.02.05-06.28.08:288][833]LogActorFactory: Actor Factory created SM_1Meter_01
[2019.02.05-06.28.20:468][231]LogSlate: FSceneViewport::OnFocusLost() reason 2
[2019.02.05-06.28.24:213][428]LogEditorViewport: Clicking on Actor (LMB): PostProcessVolume (PostProcessVolume)
[2019.02.05-06.28.33:766][860]LogSlate: FSceneViewport::OnFocusLost() reason 0
[2019.02.05-06.28.55:693][172]LogHttp: Warning: 0000029BD74BC2C0: request failed, libcurl error: 6 (Couldn't resolve host name)
[2019.02.05-06.28.55:693][172]LogHttp: Warning: 0000029BD74BC2C0: libcurl info message cache 0 (Could not resolve host: datarouter.ol.epicgames.com)
[2019.02.05-06.28.55:693][172]LogHttp: Warning: 0000029BD74BC2C0: libcurl info message cache 1 (Closing connection 9)
[2019.02.05-06.28.55:693][172]LogHttp: Warning: Retry exhausted on https://datarouter.ol.epicgames.com/datarouter/api/v1/public/data?SessionID=%7B6FAAD9B1-4AD2-C392-9CBC-358279016AA1%7D&AppID=UEEditor.Rocket.Release&AppVersion=4.21.0-4541578%2B%2B%2BUE4%2BRelease-4.21&UserID=a493a7ae4f5a4d95ae16ffa39500b658%7C99457111e5434491a4f626c52438eb96%7Cbd979871-5647-498d-b009-7298f68d172a&AppEnvironment=datacollector-binary&UploadType=eteventstream
[2019.02.05-06.29.30:388][204]LogSlate: FSceneViewport::OnFocusLost() reason 0
[2019.02.05-06.29.59:361][213]LogTexture: Display: Building textures: HillTree_01_Atlas_Billboards_Normal_Tex (BC5, 2048X2048)
[2019.02.05-06.29.59:361][213]LogTexture: Display: Building textures: HillTree_01_Atlas_Normal_Tex (BC5, 4096X4096)
[2019.02.05-06.29.59:361][213]LogTexture: Display: Building textures: T_Craghead_Oak_Tile_01_N_Tex (BC5, 2048X4096)
[2019.02.05-06.29.59:361][213]LogTexture: Display: Building textures: T_Craghead_Oak_LimbTile_02_D_Tex (AutoDXT, 1024X4096)
[2019.02.05-06.29.59:362][213]LogTexture: Display: Building textures: T_Craghead_Oak_TileMoss_01_D_Tex (AutoDXT, 2048X4096)
[2019.02.05-06.29.59:362][213]LogTexture: Display: Building textures: T_Craghead_Oak_LimbTile_02_N_Tex (BC5, 1024X4096)
[2019.02.05-06.29.59:362][213]LogTexture: Display: Building textures: T_Craghead_Oak_Tile_01_D_Tex (AutoDXT, 2048X4096)
[2019.02.05-06.29.59:362][213]LogTexture: Display: Building textures: HillTree_01_Atlas_Billboards_Tex (AutoDXT, 2048X2048)
[2019.02.05-06.29.59:362][213]LogTexture: Display: Building textures: HillTree_01_Atlas_Tex (AutoDXT, 4096X4096)
[2019.02.05-06.29.59:362][213]LogTexture: Display: Building textures: T_HillTreeBillboard_01_SSS (AutoDXT, 4096X4096)
[2019.02.05-06.29.59:362][213]LogTexture: Display: Building textures: T_HillTreeBillboard_01_S_R (AutoDXT, 2048X2048)
[2019.02.05-06.29.59:362][213]LogTexture: Display: Building textures: T_HillTreeBillboard_01_N (AutoDXT, 4096X4096)
[2019.02.05-06.29.59:362][213]LogTexture: Display: Building textures: T_HillTreeBillboard_01_Depth (AutoDXT, 1024X1024)
[2019.02.05-06.29.59:362][213]LogTexture: Display: Building textures: T_HillTreeBillboard_01 (AutoDXT, 4096X4096)
[2019.02.05-06.29.59:362][213]LogMaterial: Display: Missing cached shader map for material HillTree_01_Branches_Mat, compiling. 
[2019.02.05-06.30.01:020][213]LogShaderCompilers: Display: Shaders left to compile 113
[2019.02.05-06.30.01:020][213]LogShaderCompilers: Display: Shaders left to compile 103
[2019.02.05-06.30.01:020][213]LogShaderCompilers: Display: Shaders left to compile 93
[2019.02.05-06.30.01:020][213]LogShaderCompilers: Display: Shaders left to compile 83
[2019.02.05-06.30.01:020][213]LogTexture: Display: Building textures: HillTree_01_Atlas_Specular_Tex (AutoDXT, 4096X4096)
[2019.02.05-06.30.07:659][213]LogShaderCompilers: Display: Shaders left to compile 73
[2019.02.05-06.30.07:659][213]LogShaderCompilers: Display: Shaders left to compile 63
[2019.02.05-06.30.07:659][213]LogShaderCompilers: Display: Shaders left to compile 53
[2019.02.05-06.30.07:659][213]LogShaderCompilers: Display: Shaders left to compile 43
[2019.02.05-06.30.07:659][213]LogMaterial: Display: Missing cached shader map for material HillTree_01_Leaves_Mat, compiling. 
[2019.02.05-06.30.07:768][213]LogMaterial: Display: Missing cached shader map for material M_CustomDepthBillboard, compiling. 
[2019.02.05-06.30.07:932][213]LogMaterial: Display: Missing cached shader map for material HillTree_01_Fronds_Mat, compiling. 
[2019.02.05-06.30.08:885][213]LogStaticMesh: スタティックメッシュ HillTree_02 をビルド中...
