Log file open, 02/07/19 14:33:57
LogWindows: Failed to load 'aqProf.dll' (GetLastError=126)
LogWindows: File 'aqProf.dll' does not exist
LogWindows: Failed to load 'VtuneApi.dll' (GetLastError=126)
LogWindows: File 'VtuneApi.dll' does not exist
LogWindows: Failed to load 'VtuneApi32e.dll' (GetLastError=126)
LogWindows: File 'VtuneApi32e.dll' does not exist
LogConsoleResponse: Display: Failed to find resolution value strings in scalability ini. Falling back to default.
LogInit: Display: Running engine for game: MyProject1
LogPakFile: Registered encryption key '00000000000000000000000000000000': 0 pak files mounted, 0 remain pending
LogPlatformFile: Not using cached read wrapper
LogTaskGraph: Started task graph with 5 named threads and 23 total threads with 3 sets of task threads.
LogStats: Stats thread started at 0.284872
LogD3D11RHI: Loaded GFSDK_Aftermath_Lib.x64.dll
LogICUInternationalization: ICU TimeZone Detection - Raw Offset: +9:00, Platform Override: ''
LogPluginManager: Mounting plugin Paper2D
LogPluginManager: Mounting plugin AISupport
LogPluginManager: Mounting plugin LightPropagationVolume
LogPluginManager: Mounting plugin ActorLayerUtilities
LogPluginManager: Mounting plugin CLionSourceCodeAccess
LogPluginManager: Mounting plugin CodeLiteSourceCodeAccess
LogPluginManager: Mounting plugin GitSourceControl
LogPluginManager: Mounting plugin KDevelopSourceCodeAccess
LogPluginManager: Mounting plugin NullSourceCodeAccess
LogPluginManager: Mounting plugin PerforceSourceControl
LogPluginManager: Mounting plugin SubversionSourceControl
LogPluginManager: Mounting plugin UObjectPlugin
LogPluginManager: Mounting plugin VisualStudioCodeSourceCodeAccess
LogPluginManager: Mounting plugin VisualStudioSourceCodeAccess
LogPluginManager: Mounting plugin XCodeSourceCodeAccess
LogPluginManager: Mounting plugin AssetManagerEditor
LogPluginManager: Mounting plugin CryptoKeys
LogPluginManager: Mounting plugin DataValidation
LogPluginManager: Mounting plugin FacialAnimation
LogPluginManager: Mounting plugin GameplayTagsEditor
LogPluginManager: Mounting plugin MacGraphicsSwitching
LogPluginManager: Mounting plugin MeshEditor
LogPluginManager: Mounting plugin MobileLauncherProfileWizard
LogPluginManager: Mounting plugin PluginBrowser
LogPluginManager: Mounting plugin SpeedTreeImporter
LogPluginManager: Mounting plugin DatasmithContent
LogPluginManager: Mounting plugin VariantManagerContent
LogPluginManager: Mounting plugin AlembicImporter
LogPluginManager: Mounting plugin AppleImageUtils
LogPluginManager: Mounting plugin AppleVision
LogPluginManager: Mounting plugin BackChannel
LogPluginManager: Mounting plugin CharacterAI
LogPluginManager: Mounting plugin GeometryCache
LogPluginManager: Mounting plugin HTML5Networking
LogPluginManager: Mounting plugin ProxyLODPlugin
LogPluginManager: Mounting plugin MagicLeap
LogPluginManager: Mounting plugin MagicLeapMedia
LogPluginManager: Mounting plugin AndroidMedia
LogPluginManager: Mounting plugin AvfMedia
LogPluginManager: Mounting plugin ImgMedia
LogPluginManager: Mounting plugin LinearTimecode
LogPluginManager: Mounting plugin MediaCompositing
LogPluginManager: Mounting plugin MediaPlayerEditor
LogPluginManager: Mounting plugin WebMMedia
LogPluginManager: Mounting plugin WmfMedia
LogPluginManager: Mounting plugin TcpMessaging
LogPluginManager: Mounting plugin UdpMessaging
LogPluginManager: Mounting plugin ActorSequence
LogPluginManager: Mounting plugin LevelSequenceEditor
LogPluginManager: Mounting plugin MatineeToLevelSequence
LogPluginManager: Mounting plugin NetcodeUnitTest
LogPluginManager: Mounting plugin NUTUnrealEngine4
LogPluginManager: Mounting plugin OnlineSubsystemGooglePlay
LogPluginManager: Mounting plugin OnlineSubsystemIOS
LogPluginManager: Mounting plugin OnlineSubsystem
LogPluginManager: Mounting plugin OnlineSubsystemNull
LogPluginManager: Mounting plugin OnlineSubsystemUtils
LogPluginManager: Mounting plugin LauncherChunkInstaller
LogPluginManager: Mounting plugin AndroidDeviceProfileSelector
LogPluginManager: Mounting plugin AndroidMoviePlayer
LogPluginManager: Mounting plugin AndroidPermission
LogPluginManager: Mounting plugin AppleMoviePlayer
LogPluginManager: Mounting plugin ArchVisCharacter
LogPluginManager: Mounting plugin AudioCapture
LogPluginManager: Mounting plugin CableComponent
LogPluginManager: Mounting plugin CustomMeshComponent
LogPluginManager: Mounting plugin EditableMesh
LogPluginManager: Mounting plugin ExampleDeviceProfileSelector
LogPluginManager: Mounting plugin Firebase
LogPluginManager: Mounting plugin GoogleCloudMessaging
LogPluginManager: Mounting plugin IOSDeviceProfileSelector
LogPluginManager: Mounting plugin LinuxDeviceProfileSelector
LogPluginManager: Mounting plugin LocationServicesBPLibrary
LogPluginManager: Mounting plugin MobilePatchingUtils
LogPluginManager: Mounting plugin OculusVR
LogPluginManager: Mounting plugin PhysXVehicles
LogPluginManager: Mounting plugin ProceduralMeshComponent
LogPluginManager: Mounting plugin RuntimePhysXCooking
LogPluginManager: Mounting plugin SteamVR
LogPluginManager: Mounting plugin WebMMoviePlayer
LogPluginManager: Mounting plugin WindowsMoviePlayer
LogStreaming: Display: Took  0.392s to configure plugins.
LogInit: Using libcurl 7.55.1-DEV
LogInit:  - built for x86_64-pc-win32
LogInit:  - supports SSL with OpenSSL/1.0.2h
LogInit:  - supports HTTP deflate (compression) using libz 1.2.8
LogInit:  - other features:
LogInit:      CURL_VERSION_SSL
LogInit:      CURL_VERSION_LIBZ
LogInit:      CURL_VERSION_IPV6
LogInit:      CURL_VERSION_ASYNCHDNS
LogInit:      CURL_VERSION_LARGEFILE
LogInit:      CURL_VERSION_IDN
LogInit:  CurlRequestOptions (configurable via config and command line):
LogInit:  - bVerifyPeer = true  - Libcurl will verify peer certificate
LogInit:  - bUseHttpProxy = false  - Libcurl will NOT use HTTP proxy
LogInit:  - bDontReuseConnections = false  - Libcurl will reuse connections
LogInit:  - MaxHostConnections = 16  - Libcurl will limit the number of connections to a host
LogInit:  - LocalHostAddr = Default
LogInit:  - BufferSize = 65536
LogInit: WinSock: version 1.1 (2.2), MaxSocks=32767, MaxUdp=65467
LogInit: Build: ++UE4+Release-4.21-CL-4541578
LogInit: Engine Version: 4.21.0-4541578+++UE4+Release-4.21
LogInit: Compatible Engine Version: 4.21.0-4541578+++UE4+Release-4.21
LogInit: Net CL: 4541578
LogInit: OS: Windows 10 (), CPU: Intel(R) Core(TM) i7-8550U CPU @ 1.80GHz, GPU: Intel(R) UHD Graphics 620
LogInit: Compiled (64-bit): Nov  6 2018 02:04:24
LogInit: Compiled with Visual C++: 19.13.26129.00
LogInit: Build Configuration: Development
LogInit: Branch Name: ++UE4+Release-4.21
LogInit: Command Line: 
LogInit: Base Directory: C:/Users/Yoshi/Desktop/UE_4.21/Engine/Binaries/Win64/
LogInit: Installed Engine Build: 1
LogDevObjectVersion: Number of dev versions registered: 22
LogDevObjectVersion:   Dev-Blueprints (B0D832E4-1F89-4F0D-ACCF-7EB736FD4AA2): 10
LogDevObjectVersion:   Dev-Build (E1C64328-A22C-4D53-A36C-8E866417BD8C): 0
LogDevObjectVersion:   Dev-Core (375EC13C-06E4-48FB-B500-84F0262A717E): 2
LogDevObjectVersion:   Dev-Editor (E4B068ED-F494-42E9-A231-DA0B2E46BB41): 26
LogDevObjectVersion:   Dev-Framework (CFFC743F-43B0-4480-9391-14DF171D2073): 34
LogDevObjectVersion:   Dev-Mobile (B02B49B5-BB20-44E9-A304-32B752E40360): 2
LogDevObjectVersion:   Dev-Networking (A4E4105C-59A1-49B5-A7C5-40C4547EDFEE): 0
LogDevObjectVersion:   Dev-Online (39C831C9-5AE6-47DC-9A44-9C173E1C8E7C): 0
LogDevObjectVersion:   Dev-Physics (78F01B33-EBEA-4F98-B9B4-84EACCB95AA2): 0
LogDevObjectVersion:   Dev-Platform (6631380F-2D4D-43E0-8009-CF276956A95A): 0
LogDevObjectVersion:   Dev-Rendering (12F88B9F-8875-4AFC-A67C-D90C383ABD29): 27
LogDevObjectVersion:   Dev-Sequencer (7B5AE74C-D270-4C10-A958-57980B212A5A): 9
LogDevObjectVersion:   Dev-VR (D7296918-1DD6-4BDD-9DE2-64A83CC13884): 2
LogDevObjectVersion:   Dev-LoadTimes (C2A15278-BFE7-4AFE-6C17-90FF531DF755): 1
LogDevObjectVersion:   Private-Geometry (6EACA3D4-40EC-4CC1-B786-8BED09428FC5): 3
LogDevObjectVersion:   Dev-AnimPhys (29E575DD-E0A3-4627-9D10-D276232CDCEA): 17
LogDevObjectVersion:   Dev-Anim (AF43A65D-7FD3-4947-9873-3E8ED9C1BB05): 2
LogDevObjectVersion:   Dev-ReflectionCapture (6B266CEC-1EC7-4B8F-A30B-E4D90942FC07): 1
LogDevObjectVersion:   Dev-Automation (0DF73D61-A23F-47EA-B727-89E90C41499A): 1
LogDevObjectVersion:   FortniteMain (601D1886-AC64-4F84-AA16-D3DE0DEAC7D6): 17
LogDevObjectVersion:   Dev-Enterprise (9DFFBCD6-494F-0158-E221-12823C92A888): 4
LogDevObjectVersion:   Dev-Niagara (F2AED0AC-9AFE-416F-8664-AA7FFA26D6FC): 1
LogStreaming: Display: Took  0.003s to delete old logs.
LogInit: Presizing for max 8388607 objects, including 0 objects not considered by GC, pre-allocating 0 bytes for permanent pool.
LogInit: Object subsystem initialized
LogConfig: Setting CVar [[con.DebugEarlyDefault:1]]
LogConfig: Setting CVar [[r.setres:1280x720]]
[2019.02.07-05.33.57:548][  0]LogConfig: Setting CVar [[r.VSync:0]]
[2019.02.07-05.33.57:548][  0]LogConfig: Setting CVar [[r.RHICmdBypass:0]]
[2019.02.07-05.33.57:548][  0]LogConfig: Applying CVar settings from Section [/Script/Engine.RendererSettings] File [../../../MyProject1/Saved/Config/Windows/Engine.ini]
[2019.02.07-05.33.57:548][  0]LogConfig: Setting CVar [[r.GPUCrashDebugging:0]]
[2019.02.07-05.33.57:548][  0]LogConfig: Applying CVar settings from Section [/Script/Engine.RendererOverrideSettings] File [../../../MyProject1/Saved/Config/Windows/Engine.ini]
[2019.02.07-05.33.57:548][  0]LogConfig: Applying CVar settings from Section [/Script/Engine.StreamingSettings] File [../../../MyProject1/Saved/Config/Windows/Engine.ini]
[2019.02.07-05.33.57:548][  0]LogConfig: Setting CVar [[s.MinBulkDataSizeForAsyncLoading:131072]]
[2019.02.07-05.33.57:548][  0]LogConfig: Setting CVar [[s.AsyncLoadingThreadEnabled:0]]
[2019.02.07-05.33.57:548][  0]LogConfig: Setting CVar [[s.EventDrivenLoaderEnabled:1]]
[2019.02.07-05.33.57:548][  0]LogConfig: Setting CVar [[s.WarnIfTimeLimitExceeded:0]]
[2019.02.07-05.33.57:548][  0]LogConfig: Setting CVar [[s.TimeLimitExceededMultiplier:1.5]]
[2019.02.07-05.33.57:548][  0]LogConfig: Setting CVar [[s.TimeLimitExceededMinTime:0.005]]
[2019.02.07-05.33.57:548][  0]LogConfig: Setting CVar [[s.UseBackgroundLevelStreaming:1]]
[2019.02.07-05.33.57:548][  0]LogConfig: Setting CVar [[s.PriorityAsyncLoadingExtraTime:15.0]]
[2019.02.07-05.33.57:548][  0]LogConfig: Setting CVar [[s.LevelStreamingActorsUpdateTimeLimit:5.0]]
[2019.02.07-05.33.57:548][  0]LogConfig: Setting CVar [[s.PriorityLevelStreamingActorsUpdateExtraTime:5.0]]
[2019.02.07-05.33.57:548][  0]LogConfig: Setting CVar [[s.LevelStreamingComponentsRegistrationGranularity:10]]
[2019.02.07-05.33.57:548][  0]LogConfig: Setting CVar [[s.UnregisterComponentsTimeLimit:1.0]]
[2019.02.07-05.33.57:548][  0]LogConfig: Setting CVar [[s.LevelStreamingComponentsUnregistrationGranularity:5]]
[2019.02.07-05.33.57:548][  0]LogConfig: Applying CVar settings from Section [/Script/Engine.GarbageCollectionSettings] File [../../../MyProject1/Saved/Config/Windows/Engine.ini]
[2019.02.07-05.33.57:548][  0]LogConfig: Setting CVar [[gc.MaxObjectsNotConsideredByGC:1]]
[2019.02.07-05.33.57:548][  0]LogConfig: Setting CVar [[gc.SizeOfPermanentObjectPool:0]]
[2019.02.07-05.33.57:548][  0]LogConfig: Setting CVar [[gc.FlushStreamingOnGC:0]]
[2019.02.07-05.33.57:548][  0]LogConfig: Setting CVar [[gc.NumRetriesBeforeForcingGC:10]]
[2019.02.07-05.33.57:548][  0]LogConfig: Setting CVar [[gc.AllowParallelGC:1]]
[2019.02.07-05.33.57:548][  0]LogConfig: Setting CVar [[gc.TimeBetweenPurgingPendingKillObjects:61.1]]
[2019.02.07-05.33.57:549][  0]LogConfig: Setting CVar [[gc.MaxObjectsInEditor:8388607]]
[2019.02.07-05.33.57:549][  0]LogConfig: Setting CVar [[gc.IncrementalBeginDestroyEnabled:1]]
[2019.02.07-05.33.57:549][  0]LogConfig: Setting CVar [[gc.CreateGCClusters:1]]
[2019.02.07-05.33.57:549][  0]LogConfig: Setting CVar [[gc.MergeGCClusters:0]]
[2019.02.07-05.33.57:549][  0]LogConfig: Setting CVar [[gc.MinGCClusterSize:5]]
[2019.02.07-05.33.57:549][  0]LogConfig: Setting CVar [[gc.ActorClusteringEnabled:0]]
[2019.02.07-05.33.57:549][  0]LogConfig: Setting CVar [[gc.BlueprintClusteringEnabled:0]]
[2019.02.07-05.33.57:549][  0]LogConfig: Setting CVar [[gc.UseDisregardForGCOnDedicatedServers:0]]
[2019.02.07-05.33.57:549][  0]LogConfig: Applying CVar settings from Section [/Script/Engine.NetworkSettings] File [../../../MyProject1/Saved/Config/Windows/Engine.ini]
[2019.02.07-05.33.57:549][  0]LogConfig: Applying CVar settings from Section [/Script/UnrealEd.CookerSettings] File [../../../MyProject1/Saved/Config/Windows/Engine.ini]
[2019.02.07-05.33.57:551][  0]LogConfig: Applying CVar settings from Section [ViewDistanceQuality@3] File [../../../MyProject1/Saved/Config/Windows/Scalability.ini]
[2019.02.07-05.33.57:551][  0]LogConfig: Setting CVar [[r.SkeletalMeshLODBias:0]]
[2019.02.07-05.33.57:551][  0]LogConfig: Setting CVar [[r.ViewDistanceScale:1.0]]
[2019.02.07-05.33.57:551][  0]LogConfig: Applying CVar settings from Section [AntiAliasingQuality@3] File [../../../MyProject1/Saved/Config/Windows/Scalability.ini]
[2019.02.07-05.33.57:551][  0]LogConfig: Setting CVar [[r.PostProcessAAQuality:4]]
[2019.02.07-05.33.57:551][  0]LogConfig: Applying CVar settings from Section [ShadowQuality@3] File [../../../MyProject1/Saved/Config/Windows/Scalability.ini]
[2019.02.07-05.33.57:551][  0]LogConfig: Setting CVar [[r.LightFunctionQuality:1]]
[2019.02.07-05.33.57:551][  0]LogConfig: Setting CVar [[r.ShadowQuality:5]]
[2019.02.07-05.33.57:551][  0]LogConfig: Setting CVar [[r.Shadow.CSM.MaxCascades:10]]
[2019.02.07-05.33.57:551][  0]LogConfig: Setting CVar [[r.Shadow.MaxResolution:2048]]
[2019.02.07-05.33.57:551][  0]LogConfig: Setting CVar [[r.Shadow.MaxCSMResolution:2048]]
[2019.02.07-05.33.57:551][  0]LogConfig: Setting CVar [[r.Shadow.RadiusThreshold:0.01]]
[2019.02.07-05.33.57:551][  0]LogConfig: Setting CVar [[r.Shadow.DistanceScale:1.0]]
[2019.02.07-05.33.57:551][  0]LogConfig: Setting CVar [[r.Shadow.CSM.TransitionScale:1.0]]
[2019.02.07-05.33.57:551][  0]LogConfig: Setting CVar [[r.Shadow.PreShadowResolutionFactor:1.0]]
[2019.02.07-05.33.57:551][  0]LogConfig: Setting CVar [[r.DistanceFieldShadowing:1]]
[2019.02.07-05.33.57:551][  0]LogConfig: Setting CVar [[r.DistanceFieldAO:1]]
[2019.02.07-05.33.57:551][  0]LogConfig: Setting CVar [[r.AOQuality:2]]
[2019.02.07-05.33.57:551][  0]LogConfig: Setting CVar [[r.VolumetricFog:1]]
[2019.02.07-05.33.57:551][  0]LogConfig: Setting CVar [[r.VolumetricFog.GridPixelSize:8]]
[2019.02.07-05.33.57:551][  0]LogConfig: Setting CVar [[r.VolumetricFog.GridSizeZ:128]]
[2019.02.07-05.33.57:551][  0]LogConfig: Setting CVar [[r.VolumetricFog.HistoryMissSupersampleCount:4]]
[2019.02.07-05.33.57:551][  0]LogConfig: Setting CVar [[r.LightMaxDrawDistanceScale:1]]
[2019.02.07-05.33.57:551][  0]LogConfig: Setting CVar [[r.CapsuleShadows:1]]
[2019.02.07-05.33.57:551][  0]LogConfig: Applying CVar settings from Section [PostProcessQuality@3] File [../../../MyProject1/Saved/Config/Windows/Scalability.ini]
[2019.02.07-05.33.57:551][  0]LogConfig: Setting CVar [[r.MotionBlurQuality:4]]
[2019.02.07-05.33.57:551][  0]LogConfig: Setting CVar [[r.AmbientOcclusionMipLevelFactor:0.4]]
[2019.02.07-05.33.57:551][  0]LogConfig: Setting CVar [[r.AmbientOcclusionMaxQuality:100]]
[2019.02.07-05.33.57:552][  0]LogConfig: Setting CVar [[r.AmbientOcclusionLevels:-1]]
[2019.02.07-05.33.57:552][  0]LogConfig: Setting CVar [[r.AmbientOcclusionRadiusScale:1.0]]
[2019.02.07-05.33.57:552][  0]LogConfig: Setting CVar [[r.DepthOfFieldQuality:2]]
[2019.02.07-05.33.57:552][  0]LogConfig: Setting CVar [[r.RenderTargetPoolMin:400]]
[2019.02.07-05.33.57:552][  0]LogConfig: Setting CVar [[r.LensFlareQuality:2]]
[2019.02.07-05.33.57:552][  0]LogConfig: Setting CVar [[r.SceneColorFringeQuality:1]]
[2019.02.07-05.33.57:552][  0]LogConfig: Setting CVar [[r.EyeAdaptationQuality:2]]
[2019.02.07-05.33.57:552][  0]LogConfig: Setting CVar [[r.BloomQuality:5]]
[2019.02.07-05.33.57:552][  0]LogConfig: Setting CVar [[r.FastBlurThreshold:100]]
[2019.02.07-05.33.57:552][  0]LogConfig: Setting CVar [[r.Upscale.Quality:3]]
[2019.02.07-05.33.57:552][  0]LogConfig: Setting CVar [[r.Tonemapper.GrainQuantization:1]]
[2019.02.07-05.33.57:552][  0]LogConfig: Setting CVar [[r.LightShaftQuality:1]]
[2019.02.07-05.33.57:552][  0]LogConfig: Setting CVar [[r.Filter.SizeScale:1]]
[2019.02.07-05.33.57:552][  0]LogConfig: Setting CVar [[r.Tonemapper.Quality:5]]
[2019.02.07-05.33.57:552][  0]LogConfig: Setting CVar [[r.DOF.Gather.AccumulatorQuality:1        ; higher gathering accumulator quality]]
[2019.02.07-05.33.57:552][  0]LogConfig: Setting CVar [[r.DOF.Gather.PostfilterMethod:1          ; Median3x3 postfilering method]]
[2019.02.07-05.33.57:552][  0]LogConfig: Setting CVar [[r.DOF.Gather.EnableBokehSettings:0       ; no bokeh simulation when gathering]]
[2019.02.07-05.33.57:552][  0]LogConfig: Setting CVar [[r.DOF.Gather.RingCount:4                 ; medium number of samples when gathering]]
[2019.02.07-05.33.57:552][  0]LogConfig: Setting CVar [[r.DOF.Scatter.ForegroundCompositing:1    ; additive foreground scattering]]
[2019.02.07-05.33.57:552][  0]LogConfig: Setting CVar [[r.DOF.Scatter.BackgroundCompositing:2    ; additive background scattering]]
[2019.02.07-05.33.57:552][  0]LogConfig: Setting CVar [[r.DOF.Scatter.EnableBokehSettings:1      ; bokeh simulation when scattering]]
[2019.02.07-05.33.57:552][  0]LogConfig: Setting CVar [[r.DOF.Scatter.MaxSpriteRatio:0.1         ; only a maximum of 10% of scattered bokeh]]
[2019.02.07-05.33.57:552][  0]LogConfig: Setting CVar [[r.DOF.Recombine.Quality:1                ; cheap slight out of focus]]
[2019.02.07-05.33.57:552][  0]LogConfig: Setting CVar [[r.DOF.Recombine.EnableBokehSettings:0    ; no bokeh simulation on slight out of focus]]
[2019.02.07-05.33.57:552][  0]LogConfig: Setting CVar [[r.DOF.TemporalAAQuality:1                ; more stable temporal accumulation]]
[2019.02.07-05.33.57:552][  0]LogConfig: Setting CVar [[r.DOF.Kernel.MaxForegroundRadius:0.025]]
[2019.02.07-05.33.57:552][  0]LogConfig: Setting CVar [[r.DOF.Kernel.MaxBackgroundRadius:0.025]]
[2019.02.07-05.33.57:552][  0]LogConfig: Applying CVar settings from Section [TextureQuality@3] File [../../../MyProject1/Saved/Config/Windows/Scalability.ini]
[2019.02.07-05.33.57:552][  0]LogConfig: Setting CVar [[r.Streaming.MipBias:0]]
[2019.02.07-05.33.57:552][  0]LogConfig: Setting CVar [[r.Streaming.AmortizeCPUToGPUCopy:0]]
[2019.02.07-05.33.57:552][  0]LogConfig: Setting CVar [[r.Streaming.MaxNumTexturesToStreamPerFrame:0]]
[2019.02.07-05.33.57:552][  0]LogConfig: Setting CVar [[r.Streaming.Boost:1]]
[2019.02.07-05.33.57:552][  0]LogConfig: Setting CVar [[r.MaxAnisotropy:8]]
[2019.02.07-05.33.57:552][  0]LogConfig: Setting CVar [[r.Streaming.LimitPoolSizeToVRAM:0]]
[2019.02.07-05.33.57:552][  0]LogConfig: Setting CVar [[r.Streaming.PoolSize:1000]]
[2019.02.07-05.33.57:552][  0]LogConfig: Setting CVar [[r.Streaming.MaxEffectiveScreenSize:0]]
[2019.02.07-05.33.57:552][  0]LogConfig: Applying CVar settings from Section [EffectsQuality@3] File [../../../MyProject1/Saved/Config/Windows/Scalability.ini]
[2019.02.07-05.33.57:552][  0]LogConfig: Setting CVar [[r.TranslucencyLightingVolumeDim:64]]
[2019.02.07-05.33.57:552][  0]LogConfig: Setting CVar [[r.RefractionQuality:2]]
[2019.02.07-05.33.57:552][  0]LogConfig: Setting CVar [[r.SSR.Quality:3]]
[2019.02.07-05.33.57:552][  0]LogConfig: Setting CVar [[r.SceneColorFormat:4]]
[2019.02.07-05.33.57:552][  0]LogConfig: Setting CVar [[r.DetailMode:2]]
[2019.02.07-05.33.57:552][  0]LogConfig: Setting CVar [[r.TranslucencyVolumeBlur:1]]
[2019.02.07-05.33.57:552][  0]LogConfig: Setting CVar [[r.MaterialQualityLevel:1 ; High quality]]
[2019.02.07-05.33.57:552][  0]LogConfig: Setting CVar [[r.SSS.Scale:1]]
[2019.02.07-05.33.57:552][  0]LogConfig: Setting CVar [[r.SSS.SampleSet:2]]
[2019.02.07-05.33.57:552][  0]LogConfig: Setting CVar [[r.SSS.Quality:1]]
[2019.02.07-05.33.57:552][  0]LogConfig: Setting CVar [[r.SSS.HalfRes:1]]
[2019.02.07-05.33.57:552][  0]LogConfig: Setting CVar [[r.EmitterSpawnRateScale:1.0]]
[2019.02.07-05.33.57:552][  0]LogConfig: Setting CVar [[r.ParticleLightQuality:2]]
[2019.02.07-05.33.57:552][  0]LogConfig: Applying CVar settings from Section [FoliageQuality@3] File [../../../MyProject1/Saved/Config/Windows/Scalability.ini]
[2019.02.07-05.33.57:552][  0]LogConfig: Setting CVar [[foliage.DensityScale:1.0]]
[2019.02.07-05.33.57:552][  0]LogConfig: Setting CVar [[grass.DensityScale:1.0]]
[2019.02.07-05.33.57:553][  0]LogInit: Selected Device Profile: [Windows]
[2019.02.07-05.33.57:553][  0]LogInit: Applying CVar settings loaded from the selected device profile: [Windows]
[2019.02.07-05.33.57:596][  0]LogHAL: Display: Platform has ~ 8 GB [8501272576 / 8589934592 / 8], which maps to Default [LargestMinGB=32, LargerMinGB=12, DefaultMinGB=8, SmallerMinGB=6, SmallestMinGB=0)
[2019.02.07-05.33.57:596][  0]LogConfig: Setting CVar [[r.Vulkan.UseRealUBs:1]]
[2019.02.07-05.33.57:596][  0]LogInit: Going up to parent DeviceProfile []
[2019.02.07-05.33.57:596][  0]LogConfig: Applying CVar settings from Section [ViewDistanceQuality@1] File [../../../MyProject1/Saved/Config/Windows/Scalability.ini]
[2019.02.07-05.33.57:596][  0]LogConfig: Setting CVar [[r.SkeletalMeshLODBias:1]]
[2019.02.07-05.33.57:596][  0]LogConfig: Setting CVar [[r.ViewDistanceScale:0.6]]
[2019.02.07-05.33.57:596][  0]LogConfig: Applying CVar settings from Section [AntiAliasingQuality@1] File [../../../MyProject1/Saved/Config/Windows/Scalability.ini]
[2019.02.07-05.33.57:596][  0]LogConfig: Setting CVar [[r.PostProcessAAQuality:2]]
[2019.02.07-05.33.57:596][  0]LogConfig: Applying CVar settings from Section [ShadowQuality@1] File [../../../MyProject1/Saved/Config/Windows/Scalability.ini]
[2019.02.07-05.33.57:596][  0]LogConfig: Setting CVar [[r.LightFunctionQuality:1]]
[2019.02.07-05.33.57:596][  0]LogConfig: Setting CVar [[r.ShadowQuality:3]]
[2019.02.07-05.33.57:596][  0]LogConfig: Setting CVar [[r.Shadow.CSM.MaxCascades:1]]
[2019.02.07-05.33.57:596][  0]LogConfig: Setting CVar [[r.Shadow.MaxResolution:1024]]
[2019.02.07-05.33.57:596][  0]LogConfig: Setting CVar [[r.Shadow.MaxCSMResolution:1024]]
[2019.02.07-05.33.57:596][  0]LogConfig: Setting CVar [[r.Shadow.RadiusThreshold:0.05]]
[2019.02.07-05.33.57:596][  0]LogConfig: Setting CVar [[r.Shadow.DistanceScale:0.7]]
[2019.02.07-05.33.57:596][  0]LogConfig: Setting CVar [[r.Shadow.CSM.TransitionScale:0.25]]
[2019.02.07-05.33.57:596][  0]LogConfig: Setting CVar [[r.Shadow.PreShadowResolutionFactor:0.5]]
[2019.02.07-05.33.57:596][  0]LogConfig: Setting CVar [[r.DistanceFieldShadowing:0]]
[2019.02.07-05.33.57:596][  0]LogConfig: Setting CVar [[r.DistanceFieldAO:0]]
[2019.02.07-05.33.57:596][  0]LogConfig: Setting CVar [[r.VolumetricFog:0]]
[2019.02.07-05.33.57:596][  0]LogConfig: Setting CVar [[r.LightMaxDrawDistanceScale:.5]]
[2019.02.07-05.33.57:596][  0]LogConfig: Setting CVar [[r.CapsuleShadows:1]]
[2019.02.07-05.33.57:596][  0]LogConfig: Applying CVar settings from Section [PostProcessQuality@1] File [../../../MyProject1/Saved/Config/Windows/Scalability.ini]
[2019.02.07-05.33.57:596][  0]LogConfig: Setting CVar [[r.MotionBlurQuality:3]]
[2019.02.07-05.33.57:596][  0]LogConfig: Setting CVar [[r.AmbientOcclusionMipLevelFactor:1.0]]
[2019.02.07-05.33.57:596][  0]LogConfig: Setting CVar [[r.AmbientOcclusionMaxQuality:60]]
[2019.02.07-05.33.57:596][  0]LogConfig: Setting CVar [[r.AmbientOcclusionLevels:-1]]
[2019.02.07-05.33.57:596][  0]LogConfig: Setting CVar [[r.AmbientOcclusionRadiusScale:1.5]]
[2019.02.07-05.33.57:596][  0]LogConfig: Setting CVar [[r.DepthOfFieldQuality:1]]
[2019.02.07-05.33.57:596][  0]LogConfig: Setting CVar [[r.RenderTargetPoolMin:350]]
[2019.02.07-05.33.57:596][  0]LogConfig: Setting CVar [[r.LensFlareQuality:0]]
[2019.02.07-05.33.57:596][  0]LogConfig: Setting CVar [[r.SceneColorFringeQuality:0]]
[2019.02.07-05.33.57:596][  0]LogConfig: Setting CVar [[r.EyeAdaptationQuality:0]]
[2019.02.07-05.33.57:596][  0]LogConfig: Setting CVar [[r.BloomQuality:4]]
[2019.02.07-05.33.57:596][  0]LogConfig: Setting CVar [[r.FastBlurThreshold:2]]
[2019.02.07-05.33.57:596][  0]LogConfig: Setting CVar [[r.Upscale.Quality:2]]
[2019.02.07-05.33.57:596][  0]LogConfig: Setting CVar [[r.Tonemapper.GrainQuantization:0]]
[2019.02.07-05.33.57:596][  0]LogConfig: Setting CVar [[r.LightShaftQuality:0]]
[2019.02.07-05.33.57:596][  0]LogConfig: Setting CVar [[r.Filter.SizeScale:0.7]]
[2019.02.07-05.33.57:596][  0]LogConfig: Setting CVar [[r.Tonemapper.Quality:2]]
[2019.02.07-05.33.57:596][  0]LogConfig: Setting CVar [[r.DOF.Gather.AccumulatorQuality:0        ; lower gathering accumulator quality]]
[2019.02.07-05.33.57:596][  0]LogConfig: Setting CVar [[r.DOF.Gather.PostfilterMethod:2          ; Max3x3 postfilering method]]
[2019.02.07-05.33.57:596][  0]LogConfig: Setting CVar [[r.DOF.Gather.EnableBokehSettings:0       ; no bokeh simulation when gathering]]
[2019.02.07-05.33.57:596][  0]LogConfig: Setting CVar [[r.DOF.Gather.RingCount:3                 ; low number of samples when gathering]]
[2019.02.07-05.33.57:596][  0]LogConfig: Setting CVar [[r.DOF.Scatter.ForegroundCompositing:0    ; no foreground scattering]]
[2019.02.07-05.33.57:596][  0]LogConfig: Setting CVar [[r.DOF.Scatter.BackgroundCompositing:0    ; no foreground scattering]]
[2019.02.07-05.33.57:596][  0]LogConfig: Setting CVar [[r.DOF.Recombine.Quality:0                ; no slight out of focus]]
[2019.02.07-05.33.57:597][  0]LogConfig: Setting CVar [[r.DOF.TemporalAAQuality:0                ; faster temporal accumulation]]
[2019.02.07-05.33.57:597][  0]LogConfig: Setting CVar [[r.DOF.Kernel.MaxForegroundRadius:0.006   ; required because low gathering and no scattering and not looking great at 1080p]]
[2019.02.07-05.33.57:597][  0]LogConfig: Setting CVar [[r.DOF.Kernel.MaxBackgroundRadius:0.006   ; required because low gathering and no scattering and not looking great at 1080p]]
[2019.02.07-05.33.57:597][  0]LogConfig: Applying CVar settings from Section [TextureQuality@1] File [../../../MyProject1/Saved/Config/Windows/Scalability.ini]
[2019.02.07-05.33.57:597][  0]LogConfig: Setting CVar [[r.Streaming.MipBias:1]]
[2019.02.07-05.33.57:597][  0]LogConfig: Setting CVar [[r.Streaming.AmortizeCPUToGPUCopy:0]]
[2019.02.07-05.33.57:597][  0]LogConfig: Setting CVar [[r.Streaming.MaxNumTexturesToStreamPerFrame:0]]
[2019.02.07-05.33.57:597][  0]LogConfig: Setting CVar [[r.Streaming.Boost:1]]
[2019.02.07-05.33.57:597][  0]LogConfig: Setting CVar [[r.MaxAnisotropy:2]]
[2019.02.07-05.33.57:597][  0]LogConfig: Setting CVar [[r.Streaming.LimitPoolSizeToVRAM:1]]
[2019.02.07-05.33.57:597][  0]LogConfig: Setting CVar [[r.Streaming.PoolSize:600]]
[2019.02.07-05.33.57:597][  0]LogConfig: Setting CVar [[r.Streaming.MaxEffectiveScreenSize:0]]
[2019.02.07-05.33.57:597][  0]LogConfig: Applying CVar settings from Section [EffectsQuality@1] File [../../../MyProject1/Saved/Config/Windows/Scalability.ini]
[2019.02.07-05.33.57:597][  0]LogConfig: Setting CVar [[r.TranslucencyLightingVolumeDim:32]]
[2019.02.07-05.33.57:597][  0]LogConfig: Setting CVar [[r.RefractionQuality:0]]
[2019.02.07-05.33.57:597][  0]LogConfig: Setting CVar [[r.SSR.Quality:0]]
[2019.02.07-05.33.57:597][  0]LogConfig: Setting CVar [[r.SceneColorFormat:3]]
[2019.02.07-05.33.57:597][  0]LogConfig: Setting CVar [[r.DetailMode:1]]
[2019.02.07-05.33.57:597][  0]LogConfig: Setting CVar [[r.TranslucencyVolumeBlur:0]]
[2019.02.07-05.33.57:597][  0]LogConfig: Setting CVar [[r.MaterialQualityLevel:2 ; Medium quality]]
[2019.02.07-05.33.57:597][  0]LogConfig: Setting CVar [[r.SSS.Scale:0.75]]
[2019.02.07-05.33.57:597][  0]LogConfig: Setting CVar [[r.SSS.SampleSet:0]]
[2019.02.07-05.33.57:597][  0]LogConfig: Setting CVar [[r.SSS.Quality:0]]
[2019.02.07-05.33.57:597][  0]LogConfig: Setting CVar [[r.SSS.HalfRes:1]]
[2019.02.07-05.33.57:597][  0]LogConfig: Setting CVar [[r.EmitterSpawnRateScale:0.25]]
[2019.02.07-05.33.57:597][  0]LogConfig: Setting CVar [[r.ParticleLightQuality:0]]
[2019.02.07-05.33.57:597][  0]LogConfig: Applying CVar settings from Section [FoliageQuality@1] File [../../../MyProject1/Saved/Config/Windows/Scalability.ini]
[2019.02.07-05.33.57:597][  0]LogConfig: Setting CVar [[foliage.DensityScale:0.4]]
[2019.02.07-05.33.57:597][  0]LogConfig: Setting CVar [[grass.DensityScale:0.4]]
[2019.02.07-05.33.57:597][  0]LogConfig: Applying CVar settings from Section [Startup] File [../../../Engine/Config/ConsoleVariables.ini]
[2019.02.07-05.33.57:597][  0]LogConfig: Setting CVar [[net.UseAdaptiveNetUpdateFrequency:0]]
[2019.02.07-05.33.57:597][  0]LogConfig: Applying CVar settings from Section [ConsoleVariables] File [../../../MyProject1/Saved/Config/Windows/Engine.ini]
[2019.02.07-05.33.57:597][  0]LogInit: Computer: DESKTOP-5ADVPRM
[2019.02.07-05.33.57:597][  0]LogInit: User: Yoshi
[2019.02.07-05.33.57:598][  0]LogInit: CPU Page size=4096, Cores=4
[2019.02.07-05.33.57:598][  0]LogInit: High frequency timer resolution =1.945314 MHz
[2019.02.07-05.33.57:598][  0]LogMemory: Memory total: Physical=7.9GB (8GB approx)
[2019.02.07-05.33.57:598][  0]LogMemory: Platform Memory Stats for Windows
[2019.02.07-05.33.57:598][  0]LogMemory: Process Physical Memory: 103.71 MB used, 103.71 MB peak
[2019.02.07-05.33.57:598][  0]LogMemory: Process Virtual Memory: 91.25 MB used, 91.25 MB peak
[2019.02.07-05.33.57:598][  0]LogMemory: Physical Memory: 4175.63 MB used,  3931.81 MB free, 8107.45 MB total
[2019.02.07-05.33.57:598][  0]LogMemory: Virtual Memory: 556.73 MB used,  134217168.00 MB free, 134217728.00 MB total
[2019.02.07-05.33.57:630][  0]LogInit: Using OS detected language (ja-JP).
[2019.02.07-05.33.57:630][  0]LogInit: Using OS detected locale (ja-JP).
[2019.02.07-05.33.57:630][  0]LogTextLocalizationManager: No specific localization for 'ja-JP' exists, so the 'ja' localization will be used.
[2019.02.07-05.33.57:954][  0]LogStreaming: Display: Took  0.324s to InitEngineTextLocalization.
[2019.02.07-05.33.57:954][  0]LogInit: Setting process to per monitor DPI aware
[2019.02.07-05.33.57:983][  0]LogSlate: New Slate User Created.  User Index 0, Is Virtual User: 0
[2019.02.07-05.33.57:983][  0]LogSlate: Slate User Registered.  User Index 0, Is Virtual User: 0
[2019.02.07-05.33.58:423][  0]LogHMD: Failed to initialize OpenVR with code 110
[2019.02.07-05.33.58:423][  0]LogD3D11RHI: D3D11 adapters:
[2019.02.07-05.33.58:434][  0]LogD3D11RHI:    0. 'Intel(R) UHD Graphics 620' (Feature Level 11_0)
[2019.02.07-05.33.58:434][  0]LogD3D11RHI:       128/0/4053 MB DedicatedVideo/DedicatedSystem/SharedSystem, Outputs:1, VendorId:0x8086
[2019.02.07-05.33.58:438][  0]LogD3D11RHI:    1. 'Microsoft Basic Render Driver' (Feature Level 11_0)
[2019.02.07-05.33.58:438][  0]LogD3D11RHI:       0/0/4053 MB DedicatedVideo/DedicatedSystem/SharedSystem, Outputs:0, VendorId:0x1414
[2019.02.07-05.33.58:438][  0]LogD3D11RHI: Chosen D3D11 Adapter: 0
[2019.02.07-05.33.58:444][  0]LogD3D11RHI: Creating new Direct3DDevice
[2019.02.07-05.33.58:444][  0]LogD3D11RHI:     GPU DeviceId: 0x5917 (for the marketing name, search the web for "GPU Device Id")
[2019.02.07-05.33.58:444][  0]LogWindows: EnumDisplayDevices:
[2019.02.07-05.33.58:444][  0]LogWindows:    0. 'Intel(R) UHD Graphics 620' (P:1 D:1)
[2019.02.07-05.33.58:444][  0]LogWindows:    1. 'Intel(R) UHD Graphics 620' (P:0 D:0)
[2019.02.07-05.33.58:444][  0]LogWindows:    2. 'Intel(R) UHD Graphics 620' (P:0 D:0)
[2019.02.07-05.33.58:444][  0]LogWindows: DebugString: FoundDriverCount:3 
[2019.02.07-05.33.58:444][  0]LogD3D11RHI:     Adapter Name: Intel(R) UHD Graphics 620
[2019.02.07-05.33.58:444][  0]LogD3D11RHI:   Driver Version: 22.20.16.4815 (internal:22.20.16.4815, unified:22.20.16.4815)
[2019.02.07-05.33.58:444][  0]LogD3D11RHI:      Driver Date: 9-26-2017
[2019.02.07-05.33.58:444][  0]LogRHI: Texture pool is 1508 MB (70% of 2154 MB)
[2019.02.07-05.33.58:474][  0]LogD3D11RHI: [IntelMetricsDiscovery] Started
[2019.02.07-05.33.58:474][  0]LogD3D11RHI: Async texture creation enabled
[2019.02.07-05.33.58:479][  0]LogD3D11RHI: GPU Timing Frequency: 12.000000 (Debug: 2 0)
[2019.02.07-05.33.58:837][  0]LogTemp: Display: Loaded TP AllDesktopTargetPlatform
[2019.02.07-05.33.58:849][  0]LogTemp: Display: Loaded TP MacClientTargetPlatform
[2019.02.07-05.33.58:862][  0]LogTemp: Display: Loaded TP MacNoEditorTargetPlatform
[2019.02.07-05.33.58:874][  0]LogTemp: Display: Loaded TP MacServerTargetPlatform
[2019.02.07-05.33.58:886][  0]LogTemp: Display: Loaded TP MacTargetPlatform
[2019.02.07-05.33.58:898][  0]LogTemp: Display: Loaded TP WindowsClientTargetPlatform
[2019.02.07-05.33.58:911][  0]LogTemp: Display: Loaded TP WindowsNoEditorTargetPlatform
[2019.02.07-05.33.58:923][  0]LogTemp: Display: Loaded TP WindowsServerTargetPlatform
[2019.02.07-05.33.58:929][  0]LogTemp: Display: Loaded TP WindowsTargetPlatform
[2019.02.07-05.33.58:991][  0]LogTemp: Display: Loaded TP AndroidTargetPlatform
[2019.02.07-05.33.58:991][  0]LogTemp: Display: Loaded TP AndroidTargetPlatform
[2019.02.07-05.33.58:991][  0]LogTemp: Display: Loaded TP AndroidTargetPlatform
[2019.02.07-05.33.58:991][  0]LogTemp: Display: Loaded TP AndroidTargetPlatform
[2019.02.07-05.33.58:991][  0]LogTemp: Display: Loaded TP AndroidTargetPlatform
[2019.02.07-05.33.58:991][  0]LogTemp: Display: Loaded TP AndroidTargetPlatform
[2019.02.07-05.33.58:991][  0]LogTemp: Display: Loaded TP AndroidTargetPlatform
[2019.02.07-05.33.58:991][  0]LogTemp: Display: Loaded TP AndroidTargetPlatform
[2019.02.07-05.33.58:991][  0]LogTemp: Display: Loaded TP AndroidTargetPlatform
[2019.02.07-05.33.58:991][  0]LogTemp: Display: Loaded TP AndroidTargetPlatform
[2019.02.07-05.33.58:991][  0]LogTemp: Display: Loaded TP AndroidTargetPlatform
[2019.02.07-05.33.58:991][  0]LogTemp: Display: Loaded TP AndroidTargetPlatform
[2019.02.07-05.33.58:991][  0]LogTemp: Display: Loaded TP AndroidTargetPlatform
[2019.02.07-05.33.58:991][  0]LogTemp: Display: Loaded TP AndroidTargetPlatform
[2019.02.07-05.33.58:991][  0]LogTemp: Display: Loaded TP AndroidTargetPlatform
[2019.02.07-05.33.58:991][  0]LogTemp: Display: Loaded TP AndroidTargetPlatform
[2019.02.07-05.33.58:991][  0]LogTemp: Display: Loaded TP AndroidTargetPlatform
[2019.02.07-05.33.58:991][  0]LogTemp: Display: Loaded TP AndroidTargetPlatform
[2019.02.07-05.33.58:993][  0]LogTemp: Display: Loaded TP HTML5TargetPlatform
[2019.02.07-05.33.59:054][  0]LogTemp: Display: Loaded TP IOSTargetPlatform
[2019.02.07-05.33.59:054][  0]LogTemp: Display: Loaded TP IOSTargetPlatform
[2019.02.07-05.33.59:078][  0]LogTemp: Display: Loaded TP TVOSTargetPlatform
[2019.02.07-05.33.59:078][  0]LogTemp: Display: Loaded TP TVOSTargetPlatform
[2019.02.07-05.33.59:090][  0]LogTemp: Display: Loaded TP LinuxClientTargetPlatform
[2019.02.07-05.33.59:110][  0]LogTemp: Display: Loaded TP LinuxNoEditorTargetPlatform
[2019.02.07-05.33.59:123][  0]LogTemp: Display: Loaded TP LinuxServerTargetPlatform
[2019.02.07-05.33.59:135][  0]LogTemp: Display: Loaded TP LinuxTargetPlatform
[2019.02.07-05.33.59:189][  0]LogTemp: Display: Loaded TP LuminTargetPlatform
[2019.02.07-05.33.59:189][  0]LogTemp: Display: Loaded TP LuminTargetPlatform
[2019.02.07-05.33.59:190][  0]LogTargetPlatformManager: Display: Building Assets For Windows
[2019.02.07-05.33.59:265][  0]LogShaderCompilers: Guid format shader working directory is 26 characters bigger than the processId version (../../../MyProject1/Intermediate/Shaders/WorkingDirectory/10048/).
[2019.02.07-05.33.59:265][  0]LogShaderCompilers: Cleaned the shader compiler working directory 'C:/Users/Yoshi/AppData/Local/Temp/UnrealShaderWorkingDir/DA42A7B8494003C980A54DBD8BA99D94/'.
[2019.02.07-05.33.59:268][  0]LogXGEController: Cannot use XGE Controller as Incredibuild is not installed on this machine.
[2019.02.07-05.33.59:268][  0]LogShaderCompilers: Cannot use XGE Shader Compiler as Incredibuild is not installed on this machine.
[2019.02.07-05.33.59:268][  0]LogShaderCompilers: Display: Using Local Shader Compiler.
[2019.02.07-05.33.59:832][  0]LogDerivedDataCache: Display: Max Cache Size: 512 MB
[2019.02.07-05.33.59:886][  0]LogDerivedDataCache: Loaded boot cache 0.05s 71MB C:/Users/Yoshi/AppData/Local/UnrealEngine/4.21/DerivedDataCache/Boot.ddc.
[2019.02.07-05.33.59:886][  0]LogDerivedDataCache: Display: Loaded Boot cache: C:/Users/Yoshi/AppData/Local/UnrealEngine/4.21/DerivedDataCache/Boot.ddc
[2019.02.07-05.33.59:886][  0]LogDerivedDataCache: FDerivedDataBackendGraph:  Pak pak cache file ../../../MyProject1/DerivedDataCache/DDC.ddp not found, will not use a pak cache.
[2019.02.07-05.33.59:886][  0]LogDerivedDataCache: Unable to find inner node Pak for hierarchical cache Hierarchy.
[2019.02.07-05.33.59:886][  0]LogDerivedDataCache: FDerivedDataBackendGraph:  CompressedPak pak cache file ../../../MyProject1/DerivedDataCache/Compressed.ddp not found, will not use a pak cache.
[2019.02.07-05.33.59:886][  0]LogDerivedDataCache: Unable to find inner node CompressedPak for hierarchical cache Hierarchy.
[2019.02.07-05.33.59:898][  0]LogDerivedDataCache: Display: Pak cache opened for reading ../../../Engine/DerivedDataCache/Compressed.ddp.
[2019.02.07-05.33.59:898][  0]LogDerivedDataCache: FDerivedDataBackendGraph:  EnterprisePak pak cache file ../../../Enterprise/DerivedDataCache/Compressed.ddp not found, will not use a pak cache.
[2019.02.07-05.33.59:898][  0]LogDerivedDataCache: Unable to find inner node EnterprisePak for hierarchical cache Hierarchy.
[2019.02.07-05.33.59:912][  0]LogDerivedDataCache: Using Local data cache path C:/Users/Yoshi/AppData/Local/UnrealEngine/Common/DerivedDataCache: Writable
[2019.02.07-05.33.59:912][  0]LogDerivedDataCache: Shared data cache path not found in *engine.ini, will not use an Shared cache.
[2019.02.07-05.33.59:912][  0]LogDerivedDataCache: Unable to find inner node Shared for hierarchical cache Hierarchy.
[2019.02.07-05.33.59:935][  0]LogMaterial: Verifying Global Shaders for PCD3D_SM5
[2019.02.07-05.33.59:936][  0]LogSlate: Using FreeType 2.6.0
[2019.02.07-05.33.59:937][  0]LogSlate: SlateFontServices - WITH_FREETYPE: 1, WITH_HARFBUZZ: 1
[2019.02.07-05.34.00:092][  0]LogAssetRegistry: FAssetRegistry took 0.0333 seconds to start up
[2019.02.07-05.34.00:385][  0]LogInit: Selected Device Profile: [Windows]
[2019.02.07-05.34.00:532][  0]LogSimplygon: Simplygon DLL not present - disabling.
[2019.02.07-05.34.00:537][  0]LogMeshReduction: Using SimplygonSwarm for distributed automatic mesh merging
[2019.02.07-05.34.00:537][  0]LogMeshReduction: Using ProxyLODMeshReduction for automatic mesh merging
[2019.02.07-05.34.00:537][  0]LogMeshReduction: Using QuadricMeshReduction for automatic static mesh reduction
[2019.02.07-05.34.00:537][  0]LogMeshReduction: No automatic skeletal mesh reduction module available
[2019.02.07-05.34.00:557][  0]LogNetVersion: MyProject1 1.0.0, NetCL: 4541578, EngineNetVer: 5, GameNetVer: 0 (Checksum: 3671458904)
[2019.02.07-05.34.01:420][  0]LogPackageLocalizationCache: Processed 11 localized package path(s) for 2 prioritized culture(s) in 0.436026 seconds
[2019.02.07-05.34.01:425][  0]LogUObjectArray: 39775 objects as part of root set at end of initial load.
[2019.02.07-05.34.01:425][  0]LogUObjectAllocator: 6914664 out of 0 bytes used by permanent object pool.
[2019.02.07-05.34.01:425][  0]LogUObjectArray: CloseDisregardForGC: 0/0 objects in disregard for GC pool
[2019.02.07-05.34.03:046][  0]LogTcpMessaging: Initializing TcpMessaging bridge
[2019.02.07-05.34.03:062][  0]LogUdpMessaging: Initializing bridge on interface 0.0.0.0:0 to multicast group 230.0.0.1:6666.
[2019.02.07-05.34.04:400][  0]SourceControl: ソースコントロールは無効です
[2019.02.07-05.34.04:400][  0]SourceControl: ソースコントロールは無効です
[2019.02.07-05.34.04:402][  0]SourceControl: ソースコントロールは無効です
[2019.02.07-05.34.04:404][  0]SourceControl: ソースコントロールは無効です
[2019.02.07-05.34.04:602][  0]LogAndroidPermission: UAndroidPermissionCallbackProxy::GetInstance
[2019.02.07-05.34.04:657][  0]LogOcInput: OculusInput pre-init called
[2019.02.07-05.34.04:793][  0]LogEngine: Initializing Engine...
[2019.02.07-05.34.04:794][  0]LogHMD: Failed to initialize OpenVR with code 110
[2019.02.07-05.34.04:795][  0]LogStats: UGameplayTagsManager::ConstructGameplayTagTree: ImportINI prefixes -  0.000 s
[2019.02.07-05.34.04:795][  0]LogStats: UGameplayTagsManager::ConstructGameplayTagTree: Construct from data asset -  0.000 s
[2019.02.07-05.34.04:795][  0]LogStats: UGameplayTagsManager::ConstructGameplayTagTree: ImportINI -  0.000 s
[2019.02.07-05.34.04:795][  0]LogStats: UGameplayTagsManager::ConstructGameplayTagTree: GameplayTagTreeChangedEvent.Broadcast -  0.000 s
[2019.02.07-05.34.05:021][  0]LogInit: Initializing FReadOnlyCVARCache
[2019.02.07-05.34.05:040][  0]LogAIModule: Creating AISystem for world Untitled
[2019.02.07-05.34.05:049][  0]LogInit: XAudio2 using 'スピーカー (Realtek High Definition Audio)' : 2 channels at 48 kHz using 32 bits per sample (channel mask 0x3)
[2019.02.07-05.34.05:112][  0]LogInit: FAudioDevice initialized.
[2019.02.07-05.34.05:113][  0]LogNetVersion: Set ProjectVersion to 1.0.0.0. Version Checksum will be recalculated on next use.
[2019.02.07-05.34.05:548][  0]LogDerivedDataCache: Saved boot cache 0.44s 71MB C:/Users/Yoshi/AppData/Local/UnrealEngine/4.21/DerivedDataCache/Boot.ddc.
[2019.02.07-05.34.05:551][  0]LogInit: Texture streaming: Enabled
[2019.02.07-05.34.05:574][  0]LogEngineSessionManager: EngineSessionManager initialized
[2019.02.07-05.34.05:619][  0]LogInit: Transaction tracking system initialized
[2019.02.07-05.34.05:646][  0]BlueprintLog: New page: エディタの読み込み
[2019.02.07-05.34.05:762][  0]LocalizationService: ローカライズのサービスが無効になりました
[2019.02.07-05.34.06:696][  0]LogCook: Display: Max memory allowance for cook 16384mb min free memory 0mb
[2019.02.07-05.34.06:696][  0]LogCook: Display: Mobile HDR setting 1
[2019.02.07-05.34.06:696][  0]LogGameplayTags: Display: UGameplayTagsManager::DoneAddingNativeTags. DelegateIsBound: 0
[2019.02.07-05.34.06:696][  0]LogStats: UGameplayTagsManager::ConstructGameplayTagTree: ImportINI prefixes -  0.000 s
[2019.02.07-05.34.06:696][  0]LogStats: UGameplayTagsManager::ConstructGameplayTagTree: Construct from data asset -  0.000 s
[2019.02.07-05.34.06:696][  0]LogStats: UGameplayTagsManager::ConstructGameplayTagTree: ImportINI -  0.000 s
[2019.02.07-05.34.06:696][  0]LogStats: UGameplayTagsManager::ConstructGameplayTagTree: GameplayTagTreeChangedEvent.Broadcast -  0.000 s
[2019.02.07-05.34.06:871][  0]LogFileCache: Scanning file cache for directory 'C:/Users/Yoshi/Desktop/UE_4.21/MyProject1/Content/' took 0.07s
[2019.02.07-05.34.06:871][  0]SourceControl: ソースコントロールは無効です
[2019.02.07-05.34.06:872][  0]Cmd: MAP LOAD FILE="../../../MyProject1/Content/FirstPersonBP/Maps/FirstPersonExampleMap.umap" TEMPLATE=0 SHOWPROGRESS=1 FEATURELEVEL=3
[2019.02.07-05.34.06:872][  0]LightingResults: New page: ライティングのビルド
[2019.02.07-05.34.06:875][  0]MapCheck: New page: マップをチェック
[2019.02.07-05.34.06:875][  0]LightingResults: New page: <何も選択されていません>
[2019.02.07-05.34.37:181][  0]LogAIModule: Creating AISystem for world FirstPersonExampleMap
[2019.02.07-05.34.37:667][  0]LogEditorServer: Finished looking for orphan Actors (0.000 secs)
[2019.02.07-05.34.37:712][  0]Cmd: MAP CHECKDEP NOCLEARLOG
[2019.02.07-05.34.37:712][  0]MapCheck: マップチェックが完了: 0 エラー、 0 警告、完了に 0.131ミリ秒かかりました。
[2019.02.07-05.34.37:712][  0]LogFileHelpers: Loading map 'FirstPersonExampleMap' took 30.841
[2019.02.07-05.34.37:807][  0]LogWindowsTextInputMethodSystem: Display: IME system now activated using TSF (Microsoft IME).
[2019.02.07-05.34.38:177][  0]LogSlate: Updating window title bar state: overlay mode, drag disabled, window buttons hidden, title bar hidden
[2019.02.07-05.34.38:183][  0]LogSlate: Updating window title bar state: overlay mode, drag disabled, window buttons hidden, title bar hidden
[2019.02.07-05.34.38:189][  0]LogSlate: Updating window title bar state: overlay mode, drag disabled, window buttons hidden, title bar hidden
[2019.02.07-05.34.38:194][  0]LogSlate: Updating window title bar state: overlay mode, drag disabled, window buttons hidden, title bar hidden
[2019.02.07-05.34.38:259][  0]LogCollectionManager: Loaded 0 collections in 0.001655 seconds
[2019.02.07-05.34.38:336][  0]LogFileCache: Scanning file cache for directory 'C:/Users/Yoshi/Desktop/UE_4.21/MyProject1/Saved/Collections/' took 0.01s
[2019.02.07-05.34.38:336][  0]LogFileCache: Scanning file cache for directory 'C:/Users/Yoshi/Desktop/UE_4.21/MyProject1/Content/Developers/Yoshi/Collections/' took 0.00s
[2019.02.07-05.34.38:336][  0]LogFileCache: Scanning file cache for directory 'C:/Users/Yoshi/Desktop/UE_4.21/MyProject1/Content/Collections/' took 0.00s
[2019.02.07-05.34.38:336][  0]LogCollectionManager: Rebuilt the GUID cache for 0 collections in 0.000001 seconds
[2019.02.07-05.34.38:364][  0]LogContentBrowser: Native class hierarchy populated in 0.0247 seconds. Added 2651 classes and 620 folders.
[2019.02.07-05.34.38:407][  0]LogContentBrowser: Native class hierarchy updated for 'WidgetCarousel' in 0.0002 seconds. Added 0 classes and 0 folders.
[2019.02.07-05.34.38:458][  0]LogPakFile: Registered encryption key '00000000000000000000000000000000': 0 pak files mounted, 0 remain pending
[2019.02.07-05.34.38:499][  0]LogPakFile: Registered encryption key '00000000000000000000000000000000': 0 pak files mounted, 0 remain pending
[2019.02.07-05.34.38:508][  0]LogPakFile: Registered encryption key '00000000000000000000000000000000': 0 pak files mounted, 0 remain pending
[2019.02.07-05.34.38:524][  0]LogPakFile: Registered encryption key '00000000000000000000000000000000': 0 pak files mounted, 0 remain pending
[2019.02.07-05.34.38:536][  0]LogPakFile: Registered encryption key '00000000000000000000000000000000': 0 pak files mounted, 0 remain pending
[2019.02.07-05.34.38:547][  0]LogPakFile: Registered encryption key '00000000000000000000000000000000': 0 pak files mounted, 0 remain pending
[2019.02.07-05.34.38:559][  0]LogPakFile: Registered encryption key '00000000000000000000000000000000': 0 pak files mounted, 0 remain pending
[2019.02.07-05.34.38:571][  0]LogPakFile: Registered encryption key '00000000000000000000000000000000': 0 pak files mounted, 0 remain pending
[2019.02.07-05.34.38:583][  0]LogPakFile: Registered encryption key '00000000000000000000000000000000': 0 pak files mounted, 0 remain pending
[2019.02.07-05.34.38:595][  0]LogPakFile: Registered encryption key '00000000000000000000000000000000': 0 pak files mounted, 0 remain pending
[2019.02.07-05.34.38:606][  0]LogPakFile: Registered encryption key '00000000000000000000000000000000': 0 pak files mounted, 0 remain pending
[2019.02.07-05.34.38:618][  0]LogPakFile: Registered encryption key '00000000000000000000000000000000': 0 pak files mounted, 0 remain pending
[2019.02.07-05.34.38:631][  0]LogPakFile: Registered encryption key '00000000000000000000000000000000': 0 pak files mounted, 0 remain pending
[2019.02.07-05.34.38:642][  0]LogPakFile: Registered encryption key '00000000000000000000000000000000': 0 pak files mounted, 0 remain pending
[2019.02.07-05.34.38:654][  0]LogPakFile: Registered encryption key '00000000000000000000000000000000': 0 pak files mounted, 0 remain pending
[2019.02.07-05.34.38:666][  0]LogPakFile: Registered encryption key '00000000000000000000000000000000': 0 pak files mounted, 0 remain pending
[2019.02.07-05.34.38:677][  0]LogPakFile: Registered encryption key '00000000000000000000000000000000': 0 pak files mounted, 0 remain pending
[2019.02.07-05.34.38:689][  0]LogPakFile: Registered encryption key '00000000000000000000000000000000': 0 pak files mounted, 0 remain pending
[2019.02.07-05.34.38:700][  0]LogPakFile: Registered encryption key '00000000000000000000000000000000': 0 pak files mounted, 0 remain pending
[2019.02.07-05.34.38:712][  0]LogPakFile: Registered encryption key '00000000000000000000000000000000': 0 pak files mounted, 0 remain pending
[2019.02.07-05.34.38:724][  0]LogPakFile: Registered encryption key '00000000000000000000000000000000': 0 pak files mounted, 0 remain pending
[2019.02.07-05.34.38:736][  0]LogPakFile: Registered encryption key '00000000000000000000000000000000': 0 pak files mounted, 0 remain pending
[2019.02.07-05.34.38:747][  0]LogPakFile: Registered encryption key '00000000000000000000000000000000': 0 pak files mounted, 0 remain pending
[2019.02.07-05.34.38:760][  0]LogPakFile: Registered encryption key '00000000000000000000000000000000': 0 pak files mounted, 0 remain pending
[2019.02.07-05.34.38:771][  0]LogPakFile: Registered encryption key '00000000000000000000000000000000': 0 pak files mounted, 0 remain pending
[2019.02.07-05.34.38:790][  0]LogPakFile: Registered encryption key '00000000000000000000000000000000': 0 pak files mounted, 0 remain pending
[2019.02.07-05.34.39:317][  0]LogContentBrowser: Native class hierarchy updated for 'AddContentDialog' in 0.0002 seconds. Added 0 classes and 0 folders.
[2019.02.07-05.34.39:386][  0]LogContentBrowser: Native class hierarchy updated for 'SceneOutliner' in 0.0003 seconds. Added 1 classes and 2 folders.
[2019.02.07-05.34.39:832][  0]LogSlate: Took 0.000441 seconds to synchronously load lazily loaded font '../../../Engine/Content/Slate/Fonts/Roboto-Regular.ttf' (155K)
[2019.02.07-05.34.39:834][  0]LogSlate: Took 0.000611 seconds to synchronously load lazily loaded font '../../../Engine/Content/Editor/Slate/Fonts/GenEiGothicPro-Regular.otf' (707K)
[2019.02.07-05.34.39:835][  0]LogSlate: Took 0.000592 seconds to synchronously load lazily loaded font '../../../Engine/Content/Editor/Slate/Fonts/GenEiGothicPro-Bold.otf' (698K)
[2019.02.07-05.34.39:835][  0]LogSlate: Took 0.000312 seconds to synchronously load lazily loaded font '../../../Engine/Content/Slate/Fonts/Roboto-Bold.ttf' (160K)
[2019.02.07-05.34.39:895][  0]LogSlate: Took 0.043137 seconds to synchronously load lazily loaded font '../../../Engine/Content/Editor/Slate/Fonts/FontAwesome.ttf' (139K)
[2019.02.07-05.34.40:206][  0]LogRenderer: Reallocating scene render targets to support 884x472 Format 9 NumSamples 1 (Frame:1).
[2019.02.07-05.34.42:355][  0]LogContentBrowser: Native class hierarchy updated for 'HierarchicalLODOutliner' in 0.0002 seconds. Added 0 classes and 0 folders.
[2019.02.07-05.34.42:355][  0]LogLoad: (Engine Initialization) Total time: 47.29 seconds
[2019.02.07-05.34.42:355][  0]LogLoad: (Engine Initialization) Total Blueprint compile time: 0.00 seconds
[2019.02.07-05.34.42:424][  0]LogContentStreaming: Texture pool size now 600 MB
[2019.02.07-05.34.42:540][  0]LogSlate: Took 0.061000 seconds to synchronously load lazily loaded font '../../../Engine/Content/Slate/Fonts/Roboto-Light.ttf' (167K)
[2019.02.07-05.34.42:831][  2]LogAssetRegistry: Asset discovery search completed in 42.7610 seconds
[2019.02.07-05.34.42:834][  2]LogCollectionManager: Rebuilt the object cache for 0 collections in 0.000001 seconds (found 0 objects)
[2019.02.07-05.34.42:834][  2]LogCollectionManager: Fixed up redirectors for 0 collections in 0.000092 seconds (updated 0 objects)
[2019.02.07-05.34.47:804][118]LogSlate: FSceneViewport::OnFocusLost() reason 0
[2019.02.07-05.34.47:866][121]LogTemp: Repeating last play command: 選択ビューポート
[2019.02.07-05.34.47:966][121]LogBlueprintUserMessages: Early PlayInEditor Detection: Level '/Game/FirstPersonBP/Maps/FirstPersonExampleMap.FirstPersonExampleMap:PersistentLevel' has LevelScriptBlueprint '/Game/FirstPersonBP/Maps/FirstPersonExampleMap.FirstPersonExampleMap:PersistentLevel.FirstPersonExampleMap' with GeneratedClass '/Game/FirstPersonBP/Maps/FirstPersonExampleMap.FirstPersonExampleMap_C' with ClassGeneratedBy '/Game/FirstPersonBP/Maps/FirstPersonExampleMap.FirstPersonExampleMap:PersistentLevel.FirstPersonExampleMap'
[2019.02.07-05.34.47:966][121]LogPlayLevel: PlayLevel: No blueprints needed recompiling
[2019.02.07-05.34.48:003][121]PIE: New page: PIEセッション: FirstPersonExampleMap (2019/02/07 23:34:47)
[2019.02.07-05.34.48:037][121]LogPlayLevel: Creating play world package: /Game/FirstPersonBP/Maps/UEDPIE_0_FirstPersonExampleMap
[2019.02.07-05.34.48:084][121]LogPlayLevel: PIE: StaticDuplicateObject took: (0.047140s)
[2019.02.07-05.34.48:084][121]LogAIModule: Creating AISystem for world FirstPersonExampleMap
[2019.02.07-05.34.48:085][121]LogPlayLevel: PIE: World Init took: (0.000760s)
[2019.02.07-05.34.48:085][121]LogPlayLevel: PIE: Created PIE world by copying editor world from /Game/FirstPersonBP/Maps/FirstPersonExampleMap.FirstPersonExampleMap to /Game/FirstPersonBP/Maps/UEDPIE_0_FirstPersonExampleMap.FirstPersonExampleMap (0.048202s)
[2019.02.07-05.34.48:109][121]LogInit: XAudio2 using 'スピーカー (Realtek High Definition Audio)' : 2 channels at 48 kHz using 32 bits per sample (channel mask 0x3)
[2019.02.07-05.34.48:154][121]LogInit: FAudioDevice initialized.
[2019.02.07-05.34.48:204][121]LogLoad: Game class is 'FirstPersonGameMode_C'
[2019.02.07-05.34.48:211][121]LogWorld: Bringing World /Game/FirstPersonBP/Maps/UEDPIE_0_FirstPersonExampleMap.FirstPersonExampleMap up for play (max tick rate 60) at 2019.02.07-14.34.48
[2019.02.07-05.34.48:232][121]LogWorld: Bringing up level for play took: 0.025832
[2019.02.07-05.34.48:340][121]LogContentBrowser: Native class hierarchy updated for 'MovieSceneCapture' in 0.0003 seconds. Added 20 classes and 0 folders.
[2019.02.07-05.34.48:340][121]PIE: /Game/FirstPersonBP/Maps/UEDPIE_0_FirstPersonExampleMap 0.637のプレイ イン エディタの開始時間
[2019.02.07-05.34.48:341][121]LogBlueprintUserMessages: Late PlayInEditor Detection: Level '/Game/FirstPersonBP/Maps/FirstPersonExampleMap.FirstPersonExampleMap:PersistentLevel' has LevelScriptBlueprint '/Game/FirstPersonBP/Maps/FirstPersonExampleMap.FirstPersonExampleMap:PersistentLevel.FirstPersonExampleMap' with GeneratedClass '/Game/FirstPersonBP/Maps/FirstPersonExampleMap.FirstPersonExampleMap_C' with ClassGeneratedBy '/Game/FirstPersonBP/Maps/FirstPersonExampleMap.FirstPersonExampleMap:PersistentLevel.FirstPersonExampleMap'
[2019.02.07-05.35.42:539][673]LogHttp: Warning: 0000018AAF0C8F40: request failed, libcurl error: 6 (Couldn't resolve host name)
[2019.02.07-05.35.42:539][673]LogHttp: Warning: 0000018AAF0C8F40: libcurl info message cache 0 (Could not resolve host: datarouter.ol.epicgames.com)
[2019.02.07-05.35.42:539][673]LogHttp: Warning: 0000018AAF0C8F40: libcurl info message cache 1 (Closing connection 0)
[2019.02.07-05.35.42:597][674]LogHttp: Warning: Retry exhausted on https://datarouter.ol.epicgames.com/datarouter/api/v1/public/data?SessionID=%7B49AE58BE-4B53-9DA9-BC0C-41BDE4178810%7D&AppID=UEEditor.Rocket.Release&AppVersion=4.21.0-4541578%2B%2B%2BUE4%2BRelease-4.21&UserID=a493a7ae4f5a4d95ae16ffa39500b658%7C99457111e5434491a4f626c52438eb96%7Cbd979871-5647-498d-b009-7298f68d172a&AppEnvironment=datacollector-binary&UploadType=eteventstream
[2019.02.07-05.35.53:778][971]LogBlueprintUserMessages: Early EndPlayMap Detection: Level '/Game/FirstPersonBP/Maps/FirstPersonExampleMap.FirstPersonExampleMap:PersistentLevel' has LevelScriptBlueprint '/Game/FirstPersonBP/Maps/FirstPersonExampleMap.FirstPersonExampleMap:PersistentLevel.FirstPersonExampleMap' with GeneratedClass '/Game/FirstPersonBP/Maps/FirstPersonExampleMap.FirstPersonExampleMap_C' with ClassGeneratedBy '/Game/FirstPersonBP/Maps/FirstPersonExampleMap.FirstPersonExampleMap:PersistentLevel.FirstPersonExampleMap'
[2019.02.07-05.35.53:779][971]LogSlate: Updating window title bar state: overlay mode, drag disabled, window buttons hidden, title bar hidden
[2019.02.07-05.35.53:851][971]LogPlayLevel: Display: Shutting down PIE online subsystems
[2019.02.07-05.35.53:851][971]LogBlueprintUserMessages: Late EndPlayMap Detection: Level '/Game/FirstPersonBP/Maps/FirstPersonExampleMap.FirstPersonExampleMap:PersistentLevel' has LevelScriptBlueprint '/Game/FirstPersonBP/Maps/FirstPersonExampleMap.FirstPersonExampleMap:PersistentLevel.FirstPersonExampleMap' with GeneratedClass '/Game/FirstPersonBP/Maps/FirstPersonExampleMap.FirstPersonExampleMap_C' with ClassGeneratedBy '/Game/FirstPersonBP/Maps/FirstPersonExampleMap.FirstPersonExampleMap:PersistentLevel.FirstPersonExampleMap'
[2019.02.07-05.35.53:890][971]LogSlate: Updating window title bar state: overlay mode, drag disabled, window buttons hidden, title bar hidden
[2019.02.07-05.35.53:935][972]LogPlayLevel: Display: Destroying online subsystem :Context_1
[2019.02.07-05.36.37:414][618]LogSlate: FSceneViewport::OnFocusLost() reason 0
[2019.02.07-05.36.37:590][619]LogSlate: Took 0.005160 seconds to synchronously load lazily loaded font '../../../Engine/Content/Slate/Fonts/Roboto-Light.ttf' (167K)
[2019.02.07-05.36.37:709][619]LogSlate: Took 0.119114 seconds to synchronously load lazily loaded font '../../../Engine/Content/Editor/Slate/Fonts/GenEiGothicPro-Light.otf' (713K)
[2019.02.07-05.36.37:749][619]Cmd: OBJ SAVEPACKAGE PACKAGE="/Game/FirstPersonBP/Maps/FirstPersonExampleMap" FILE="../../../MyProject1/Content/FirstPersonBP/Maps/FirstPersonExampleMap.umap" SILENT=true AUTOSAVING=false KEEPDIRTY=false
[2019.02.07-05.36.39:545][619]LogSavePackage: Moving '../../../MyProject1/Saved/FirstPersonExampleMapB72DE1F3442553DACA25E39891418B79.tmp' to '../../../MyProject1/Content/FirstPersonBP/Maps/FirstPersonExampleMap.umap'
[2019.02.07-05.36.39:568][619]Cmd: OBJ SAVEPACKAGE PACKAGE="/Game/FirstPersonBP/Maps/FirstPersonExampleMap_BuiltData" FILE="../../../MyProject1/Content/FirstPersonBP/Maps/FirstPersonExampleMap_BuiltData.uasset" SILENT=true
[2019.02.07-05.36.45:664][619]LogSavePackage: Moving '../../../MyProject1/Saved/FirstPersonExampleMap_BuiltData542528094D8A5227D60D1EA6156291C2.tmp' to '../../../MyProject1/Content/FirstPersonBP/Maps/FirstPersonExampleMap_BuiltData.uasset'
[2019.02.07-05.37.42:953][850]LogHttp: Warning: 0000018AAF0C8F40: request failed, libcurl error: 6 (Couldn't resolve host name)
[2019.02.07-05.37.42:953][850]LogHttp: Warning: 0000018AAF0C8F40: libcurl info message cache 0 (Could not resolve host: datarouter.ol.epicgames.com)
[2019.02.07-05.37.42:953][850]LogHttp: Warning: 0000018AAF0C8F40: libcurl info message cache 1 (Closing connection 1)
[2019.02.07-05.37.42:953][850]LogHttp: Warning: Retry exhausted on https://datarouter.ol.epicgames.com/datarouter/api/v1/public/data?SessionID=%7B49AE58BE-4B53-9DA9-BC0C-41BDE4178810%7D&AppID=UEEditor.Rocket.Release&AppVersion=4.21.0-4541578%2B%2B%2BUE4%2BRelease-4.21&UserID=a493a7ae4f5a4d95ae16ffa39500b658%7C99457111e5434491a4f626c52438eb96%7Cbd979871-5647-498d-b009-7298f68d172a&AppEnvironment=datacollector-binary&UploadType=eteventstream
[2019.02.07-05.39.43:118][939]LogHttp: Warning: 0000018AAF0C8CC0: request failed, libcurl error: 6 (Couldn't resolve host name)
[2019.02.07-05.39.43:119][939]LogHttp: Warning: 0000018AAF0C8CC0: libcurl info message cache 0 (Could not resolve host: datarouter.ol.epicgames.com)
[2019.02.07-05.39.43:119][939]LogHttp: Warning: 0000018AAF0C8CC0: libcurl info message cache 1 (Closing connection 2)
[2019.02.07-05.39.43:207][940]LogHttp: Warning: Retry exhausted on https://datarouter.ol.epicgames.com/datarouter/api/v1/public/data?SessionID=%7B49AE58BE-4B53-9DA9-BC0C-41BDE4178810%7D&AppID=UEEditor.Rocket.Release&AppVersion=4.21.0-4541578%2B%2B%2BUE4%2BRelease-4.21&UserID=a493a7ae4f5a4d95ae16ffa39500b658%7C99457111e5434491a4f626c52438eb96%7Cbd979871-5647-498d-b009-7298f68d172a&AppEnvironment=datacollector-binary&UploadType=eteventstream
[2019.02.07-05.40.33:988][707]LogSlate: FSceneViewport::OnFocusLost() reason 2
[2019.02.07-05.40.36:654][747]LogEditorViewport: Clicking on Actor (LMB): StaticMeshActor (SM_slum_roads_stair_23)
[2019.02.07-05.40.40:606][747]LogEditorViewport: Clicking on Actor (context menu): StaticMeshActor (SM_slum_roads_stair_22)
[2019.02.07-05.40.40:902][747]LogSlate: FSceneViewport::OnFocusLost() reason 2
[2019.02.07-05.40.43:602][749]LogEditorViewport: Clicking on Actor (LMB): Landscape (Landscape)
[2019.02.07-05.40.46:075][751]LogEditorViewport: Clicking on Actor (context menu): Landscape (Landscape)
[2019.02.07-05.40.46:184][751]LogSlate: FSceneViewport::OnFocusLost() reason 2
[2019.02.07-05.40.47:095][768]LogEditorViewport: Clicking on Actor (LMB): Landscape (Landscape)
