Log file open, 02/07/19 14:54:34
LogWindows: Failed to load 'aqProf.dll' (GetLastError=126)
LogWindows: File 'aqProf.dll' does not exist
LogWindows: Failed to load 'VtuneApi.dll' (GetLastError=126)
LogWindows: File 'VtuneApi.dll' does not exist
LogWindows: Failed to load 'VtuneApi32e.dll' (GetLastError=126)
LogWindows: File 'VtuneApi32e.dll' does not exist
LogConsoleResponse: Display: Failed to find resolution value strings in scalability ini. Falling back to default.
LogInit: Display: Running engine for game: MyProject1
LogPakFile: Registered encryption key '00000000000000000000000000000000': 0 pak files mounted, 0 remain pending
LogPlatformFile: Not using cached read wrapper
LogTaskGraph: Started task graph with 5 named threads and 35 total threads with 3 sets of task threads.
LogStats: Stats thread started at 0.393004
LogD3D11RHI: Loaded GFSDK_Aftermath_Lib.x64.dll
LogICUInternationalization: ICU TimeZone Detection - Raw Offset: +9:00, Platform Override: ''
LogPluginManager: Mounting plugin Paper2D
LogPluginManager: Mounting plugin AISupport
LogPluginManager: Mounting plugin LightPropagationVolume
LogPluginManager: Mounting plugin ActorLayerUtilities
LogPluginManager: Mounting plugin CLionSourceCodeAccess
LogPluginManager: Mounting plugin CodeLiteSourceCodeAccess
LogPluginManager: Mounting plugin GitSourceControl
LogPluginManager: Mounting plugin KDevelopSourceCodeAccess
LogPluginManager: Mounting plugin NullSourceCodeAccess
LogPluginManager: Mounting plugin PerforceSourceControl
LogPluginManager: Mounting plugin SubversionSourceControl
LogPluginManager: Mounting plugin UObjectPlugin
LogPluginManager: Mounting plugin VisualStudioCodeSourceCodeAccess
LogPluginManager: Mounting plugin VisualStudioSourceCodeAccess
LogPluginManager: Mounting plugin XCodeSourceCodeAccess
LogPluginManager: Mounting plugin AssetManagerEditor
LogPluginManager: Mounting plugin CryptoKeys
LogPluginManager: Mounting plugin DataValidation
LogPluginManager: Mounting plugin FacialAnimation
LogPluginManager: Mounting plugin GameplayTagsEditor
LogPluginManager: Mounting plugin MacGraphicsSwitching
LogPluginManager: Mounting plugin MeshEditor
LogPluginManager: Mounting plugin MobileLauncherProfileWizard
LogPluginManager: Mounting plugin PluginBrowser
LogPluginManager: Mounting plugin SpeedTreeImporter
LogPluginManager: Mounting plugin DatasmithContent
LogPluginManager: Mounting plugin VariantManagerContent
LogPluginManager: Mounting plugin AlembicImporter
LogPluginManager: Mounting plugin AppleImageUtils
LogPluginManager: Mounting plugin AppleVision
LogPluginManager: Mounting plugin BackChannel
LogPluginManager: Mounting plugin CharacterAI
LogPluginManager: Mounting plugin GeometryCache
LogPluginManager: Mounting plugin HTML5Networking
LogPluginManager: Mounting plugin ProxyLODPlugin
LogPluginManager: Mounting plugin MagicLeap
LogPluginManager: Mounting plugin MagicLeapMedia
LogPluginManager: Mounting plugin AndroidMedia
LogPluginManager: Mounting plugin AvfMedia
LogPluginManager: Mounting plugin ImgMedia
LogPluginManager: Mounting plugin LinearTimecode
LogPluginManager: Mounting plugin MediaCompositing
LogPluginManager: Mounting plugin MediaPlayerEditor
LogPluginManager: Mounting plugin WebMMedia
LogPluginManager: Mounting plugin WmfMedia
LogPluginManager: Mounting plugin TcpMessaging
LogPluginManager: Mounting plugin UdpMessaging
LogPluginManager: Mounting plugin ActorSequence
LogPluginManager: Mounting plugin LevelSequenceEditor
LogPluginManager: Mounting plugin MatineeToLevelSequence
LogPluginManager: Mounting plugin NetcodeUnitTest
LogPluginManager: Mounting plugin NUTUnrealEngine4
LogPluginManager: Mounting plugin OnlineSubsystemGooglePlay
LogPluginManager: Mounting plugin OnlineSubsystemIOS
LogPluginManager: Mounting plugin OnlineSubsystem
LogPluginManager: Mounting plugin OnlineSubsystemNull
LogPluginManager: Mounting plugin OnlineSubsystemUtils
LogPluginManager: Mounting plugin LauncherChunkInstaller
LogPluginManager: Mounting plugin AndroidDeviceProfileSelector
LogPluginManager: Mounting plugin AndroidMoviePlayer
LogPluginManager: Mounting plugin AndroidPermission
LogPluginManager: Mounting plugin AppleMoviePlayer
LogPluginManager: Mounting plugin ArchVisCharacter
LogPluginManager: Mounting plugin AudioCapture
LogPluginManager: Mounting plugin CableComponent
LogPluginManager: Mounting plugin CustomMeshComponent
LogPluginManager: Mounting plugin EditableMesh
LogPluginManager: Mounting plugin ExampleDeviceProfileSelector
LogPluginManager: Mounting plugin Firebase
LogPluginManager: Mounting plugin GoogleCloudMessaging
LogPluginManager: Mounting plugin IOSDeviceProfileSelector
LogPluginManager: Mounting plugin LinuxDeviceProfileSelector
LogPluginManager: Mounting plugin LocationServicesBPLibrary
LogPluginManager: Mounting plugin MobilePatchingUtils
LogPluginManager: Mounting plugin OculusVR
LogPluginManager: Mounting plugin PhysXVehicles
LogPluginManager: Mounting plugin ProceduralMeshComponent
LogPluginManager: Mounting plugin RuntimePhysXCooking
LogPluginManager: Mounting plugin SteamVR
LogPluginManager: Mounting plugin WebMMoviePlayer
LogPluginManager: Mounting plugin WindowsMoviePlayer
LogStreaming: Display: Took  0.098s to configure plugins.
LogInit: Using libcurl 7.55.1-DEV
LogInit:  - built for x86_64-pc-win32
LogInit:  - supports SSL with OpenSSL/1.0.2h
LogInit:  - supports HTTP deflate (compression) using libz 1.2.8
LogInit:  - other features:
LogInit:      CURL_VERSION_SSL
LogInit:      CURL_VERSION_LIBZ
LogInit:      CURL_VERSION_IPV6
LogInit:      CURL_VERSION_ASYNCHDNS
LogInit:      CURL_VERSION_LARGEFILE
LogInit:      CURL_VERSION_IDN
LogInit:  CurlRequestOptions (configurable via config and command line):
LogInit:  - bVerifyPeer = true  - Libcurl will verify peer certificate
LogInit:  - bUseHttpProxy = false  - Libcurl will NOT use HTTP proxy
LogInit:  - bDontReuseConnections = false  - Libcurl will reuse connections
LogInit:  - MaxHostConnections = 16  - Libcurl will limit the number of connections to a host
LogInit:  - LocalHostAddr = Default
LogInit:  - BufferSize = 65536
LogInit: WinSock: version 1.1 (2.2), MaxSocks=32767, MaxUdp=65467
LogInit: Build: ++UE4+Release-4.21-CL-4753647
LogInit: Engine Version: 4.21.2-4753647+++UE4+Release-4.21
LogInit: Compatible Engine Version: 4.21.0-4541578+++UE4+Release-4.21
LogInit: Net CL: 4541578
LogInit: OS: Windows 10 (), CPU: Intel(R) Core(TM) i7-8700 CPU @ 3.20GHz, GPU: NVIDIA GeForce GTX 1060 6GB
LogInit: Compiled (64-bit): Jan 19 2019 02:07:31
LogInit: Compiled with Visual C++: 19.13.26129.00
LogInit: Build Configuration: Development
LogInit: Branch Name: ++UE4+Release-4.21
LogInit: Command Line:  -EpicPortal -epicusername=workerholic72nd -epicuserid=a8b61fa9a4d74a75a39619d533577e05 -epiclocale=ja-JP
LogInit: Base Directory: C:/Program Files/Epic Games/UE_4.21/Engine/Binaries/Win64/
LogInit: Installed Engine Build: 1
LogDevObjectVersion: Number of dev versions registered: 22
LogDevObjectVersion:   Dev-Blueprints (B0D832E4-1F89-4F0D-ACCF-7EB736FD4AA2): 10
LogDevObjectVersion:   Dev-Build (E1C64328-A22C-4D53-A36C-8E866417BD8C): 0
LogDevObjectVersion:   Dev-Core (375EC13C-06E4-48FB-B500-84F0262A717E): 2
LogDevObjectVersion:   Dev-Editor (E4B068ED-F494-42E9-A231-DA0B2E46BB41): 26
LogDevObjectVersion:   Dev-Framework (CFFC743F-43B0-4480-9391-14DF171D2073): 34
LogDevObjectVersion:   Dev-Mobile (B02B49B5-BB20-44E9-A304-32B752E40360): 2
LogDevObjectVersion:   Dev-Networking (A4E4105C-59A1-49B5-A7C5-40C4547EDFEE): 0
LogDevObjectVersion:   Dev-Online (39C831C9-5AE6-47DC-9A44-9C173E1C8E7C): 0
LogDevObjectVersion:   Dev-Physics (78F01B33-EBEA-4F98-B9B4-84EACCB95AA2): 0
LogDevObjectVersion:   Dev-Platform (6631380F-2D4D-43E0-8009-CF276956A95A): 0
LogDevObjectVersion:   Dev-Rendering (12F88B9F-8875-4AFC-A67C-D90C383ABD29): 27
LogDevObjectVersion:   Dev-Sequencer (7B5AE74C-D270-4C10-A958-57980B212A5A): 9
LogDevObjectVersion:   Dev-VR (D7296918-1DD6-4BDD-9DE2-64A83CC13884): 2
LogDevObjectVersion:   Dev-LoadTimes (C2A15278-BFE7-4AFE-6C17-90FF531DF755): 1
LogDevObjectVersion:   Private-Geometry (6EACA3D4-40EC-4CC1-B786-8BED09428FC5): 3
LogDevObjectVersion:   Dev-AnimPhys (29E575DD-E0A3-4627-9D10-D276232CDCEA): 17
LogDevObjectVersion:   Dev-Anim (AF43A65D-7FD3-4947-9873-3E8ED9C1BB05): 2
LogDevObjectVersion:   Dev-ReflectionCapture (6B266CEC-1EC7-4B8F-A30B-E4D90942FC07): 1
LogDevObjectVersion:   Dev-Automation (0DF73D61-A23F-47EA-B727-89E90C41499A): 1
LogDevObjectVersion:   FortniteMain (601D1886-AC64-4F84-AA16-D3DE0DEAC7D6): 17
LogDevObjectVersion:   Dev-Enterprise (9DFFBCD6-494F-0158-E221-12823C92A888): 4
LogDevObjectVersion:   Dev-Niagara (F2AED0AC-9AFE-416F-8664-AA7FFA26D6FC): 1
LogStreaming: Display: Took  0.004s to delete old logs.
LogInit: Presizing for max 8388607 objects, including 0 objects not considered by GC, pre-allocating 0 bytes for permanent pool.
LogInit: Object subsystem initialized
LogConfig: Setting CVar [[con.DebugEarlyDefault:1]]
LogConfig: Setting CVar [[r.setres:1280x720]]
[2019.02.07-05.54.35:032][  0]LogConfig: Setting CVar [[r.VSync:0]]
[2019.02.07-05.54.35:032][  0]LogConfig: Setting CVar [[r.RHICmdBypass:0]]
[2019.02.07-05.54.35:032][  0]LogConfig: Applying CVar settings from Section [/Script/Engine.RendererSettings] File [C:/Users/souchi/Documents/Unreal Projects/kadaikennkyuu/Saved/Config/Windows/Engine.ini]
[2019.02.07-05.54.35:032][  0]LogConfig: Setting CVar [[r.GPUCrashDebugging:0]]
[2019.02.07-05.54.35:032][  0]LogConfig: Applying CVar settings from Section [/Script/Engine.RendererOverrideSettings] File [C:/Users/souchi/Documents/Unreal Projects/kadaikennkyuu/Saved/Config/Windows/Engine.ini]
[2019.02.07-05.54.35:032][  0]LogConfig: Applying CVar settings from Section [/Script/Engine.StreamingSettings] File [C:/Users/souchi/Documents/Unreal Projects/kadaikennkyuu/Saved/Config/Windows/Engine.ini]
[2019.02.07-05.54.35:032][  0]LogConfig: Setting CVar [[s.MinBulkDataSizeForAsyncLoading:131072]]
[2019.02.07-05.54.35:032][  0]LogConfig: Setting CVar [[s.AsyncLoadingThreadEnabled:0]]
[2019.02.07-05.54.35:032][  0]LogConfig: Setting CVar [[s.EventDrivenLoaderEnabled:1]]
[2019.02.07-05.54.35:032][  0]LogConfig: Setting CVar [[s.WarnIfTimeLimitExceeded:0]]
[2019.02.07-05.54.35:032][  0]LogConfig: Setting CVar [[s.TimeLimitExceededMultiplier:1.5]]
[2019.02.07-05.54.35:032][  0]LogConfig: Setting CVar [[s.TimeLimitExceededMinTime:0.005]]
[2019.02.07-05.54.35:032][  0]LogConfig: Setting CVar [[s.UseBackgroundLevelStreaming:1]]
[2019.02.07-05.54.35:032][  0]LogConfig: Setting CVar [[s.PriorityAsyncLoadingExtraTime:15.0]]
[2019.02.07-05.54.35:032][  0]LogConfig: Setting CVar [[s.LevelStreamingActorsUpdateTimeLimit:5.0]]
[2019.02.07-05.54.35:032][  0]LogConfig: Setting CVar [[s.PriorityLevelStreamingActorsUpdateExtraTime:5.0]]
[2019.02.07-05.54.35:032][  0]LogConfig: Setting CVar [[s.LevelStreamingComponentsRegistrationGranularity:10]]
[2019.02.07-05.54.35:032][  0]LogConfig: Setting CVar [[s.UnregisterComponentsTimeLimit:1.0]]
[2019.02.07-05.54.35:032][  0]LogConfig: Setting CVar [[s.LevelStreamingComponentsUnregistrationGranularity:5]]
[2019.02.07-05.54.35:032][  0]LogConfig: Applying CVar settings from Section [/Script/Engine.GarbageCollectionSettings] File [C:/Users/souchi/Documents/Unreal Projects/kadaikennkyuu/Saved/Config/Windows/Engine.ini]
[2019.02.07-05.54.35:032][  0]LogConfig: Setting CVar [[gc.MaxObjectsNotConsideredByGC:1]]
[2019.02.07-05.54.35:032][  0]LogConfig: Setting CVar [[gc.SizeOfPermanentObjectPool:0]]
[2019.02.07-05.54.35:032][  0]LogConfig: Setting CVar [[gc.FlushStreamingOnGC:0]]
[2019.02.07-05.54.35:032][  0]LogConfig: Setting CVar [[gc.NumRetriesBeforeForcingGC:10]]
[2019.02.07-05.54.35:032][  0]LogConfig: Setting CVar [[gc.AllowParallelGC:1]]
[2019.02.07-05.54.35:032][  0]LogConfig: Setting CVar [[gc.TimeBetweenPurgingPendingKillObjects:61.1]]
[2019.02.07-05.54.35:032][  0]LogConfig: Setting CVar [[gc.MaxObjectsInEditor:8388607]]
[2019.02.07-05.54.35:032][  0]LogConfig: Setting CVar [[gc.IncrementalBeginDestroyEnabled:1]]
[2019.02.07-05.54.35:032][  0]LogConfig: Setting CVar [[gc.CreateGCClusters:1]]
[2019.02.07-05.54.35:032][  0]LogConfig: Setting CVar [[gc.MergeGCClusters:0]]
[2019.02.07-05.54.35:032][  0]LogConfig: Setting CVar [[gc.MinGCClusterSize:5]]
[2019.02.07-05.54.35:032][  0]LogConfig: Setting CVar [[gc.ActorClusteringEnabled:0]]
[2019.02.07-05.54.35:032][  0]LogConfig: Setting CVar [[gc.BlueprintClusteringEnabled:0]]
[2019.02.07-05.54.35:032][  0]LogConfig: Setting CVar [[gc.UseDisregardForGCOnDedicatedServers:0]]
[2019.02.07-05.54.35:032][  0]LogConfig: Applying CVar settings from Section [/Script/Engine.NetworkSettings] File [C:/Users/souchi/Documents/Unreal Projects/kadaikennkyuu/Saved/Config/Windows/Engine.ini]
[2019.02.07-05.54.35:032][  0]LogConfig: Applying CVar settings from Section [/Script/UnrealEd.CookerSettings] File [C:/Users/souchi/Documents/Unreal Projects/kadaikennkyuu/Saved/Config/Windows/Engine.ini]
[2019.02.07-05.54.35:034][  0]LogConfig: Applying CVar settings from Section [ViewDistanceQuality@3] File [C:/Users/souchi/Documents/Unreal Projects/kadaikennkyuu/Saved/Config/Windows/Scalability.ini]
[2019.02.07-05.54.35:034][  0]LogConfig: Setting CVar [[r.SkeletalMeshLODBias:0]]
[2019.02.07-05.54.35:034][  0]LogConfig: Setting CVar [[r.ViewDistanceScale:1.0]]
[2019.02.07-05.54.35:034][  0]LogConfig: Applying CVar settings from Section [AntiAliasingQuality@3] File [C:/Users/souchi/Documents/Unreal Projects/kadaikennkyuu/Saved/Config/Windows/Scalability.ini]
[2019.02.07-05.54.35:034][  0]LogConfig: Setting CVar [[r.PostProcessAAQuality:4]]
[2019.02.07-05.54.35:034][  0]LogConfig: Applying CVar settings from Section [ShadowQuality@3] File [C:/Users/souchi/Documents/Unreal Projects/kadaikennkyuu/Saved/Config/Windows/Scalability.ini]
[2019.02.07-05.54.35:034][  0]LogConfig: Setting CVar [[r.LightFunctionQuality:1]]
[2019.02.07-05.54.35:034][  0]LogConfig: Setting CVar [[r.ShadowQuality:5]]
[2019.02.07-05.54.35:034][  0]LogConfig: Setting CVar [[r.Shadow.CSM.MaxCascades:10]]
[2019.02.07-05.54.35:034][  0]LogConfig: Setting CVar [[r.Shadow.MaxResolution:2048]]
[2019.02.07-05.54.35:034][  0]LogConfig: Setting CVar [[r.Shadow.MaxCSMResolution:2048]]
[2019.02.07-05.54.35:034][  0]LogConfig: Setting CVar [[r.Shadow.RadiusThreshold:0.01]]
[2019.02.07-05.54.35:034][  0]LogConfig: Setting CVar [[r.Shadow.DistanceScale:1.0]]
[2019.02.07-05.54.35:034][  0]LogConfig: Setting CVar [[r.Shadow.CSM.TransitionScale:1.0]]
[2019.02.07-05.54.35:034][  0]LogConfig: Setting CVar [[r.Shadow.PreShadowResolutionFactor:1.0]]
[2019.02.07-05.54.35:034][  0]LogConfig: Setting CVar [[r.DistanceFieldShadowing:1]]
[2019.02.07-05.54.35:034][  0]LogConfig: Setting CVar [[r.DistanceFieldAO:1]]
[2019.02.07-05.54.35:034][  0]LogConfig: Setting CVar [[r.AOQuality:2]]
[2019.02.07-05.54.35:034][  0]LogConfig: Setting CVar [[r.VolumetricFog:1]]
[2019.02.07-05.54.35:034][  0]LogConfig: Setting CVar [[r.VolumetricFog.GridPixelSize:8]]
[2019.02.07-05.54.35:034][  0]LogConfig: Setting CVar [[r.VolumetricFog.GridSizeZ:128]]
[2019.02.07-05.54.35:034][  0]LogConfig: Setting CVar [[r.VolumetricFog.HistoryMissSupersampleCount:4]]
[2019.02.07-05.54.35:034][  0]LogConfig: Setting CVar [[r.LightMaxDrawDistanceScale:1]]
[2019.02.07-05.54.35:034][  0]LogConfig: Setting CVar [[r.CapsuleShadows:1]]
[2019.02.07-05.54.35:034][  0]LogConfig: Applying CVar settings from Section [PostProcessQuality@3] File [C:/Users/souchi/Documents/Unreal Projects/kadaikennkyuu/Saved/Config/Windows/Scalability.ini]
[2019.02.07-05.54.35:034][  0]LogConfig: Setting CVar [[r.MotionBlurQuality:4]]
[2019.02.07-05.54.35:034][  0]LogConfig: Setting CVar [[r.AmbientOcclusionMipLevelFactor:0.4]]
[2019.02.07-05.54.35:034][  0]LogConfig: Setting CVar [[r.AmbientOcclusionMaxQuality:100]]
[2019.02.07-05.54.35:034][  0]LogConfig: Setting CVar [[r.AmbientOcclusionLevels:-1]]
[2019.02.07-05.54.35:034][  0]LogConfig: Setting CVar [[r.AmbientOcclusionRadiusScale:1.0]]
[2019.02.07-05.54.35:034][  0]LogConfig: Setting CVar [[r.DepthOfFieldQuality:2]]
[2019.02.07-05.54.35:034][  0]LogConfig: Setting CVar [[r.RenderTargetPoolMin:400]]
[2019.02.07-05.54.35:035][  0]LogConfig: Setting CVar [[r.LensFlareQuality:2]]
[2019.02.07-05.54.35:035][  0]LogConfig: Setting CVar [[r.SceneColorFringeQuality:1]]
[2019.02.07-05.54.35:035][  0]LogConfig: Setting CVar [[r.EyeAdaptationQuality:2]]
[2019.02.07-05.54.35:035][  0]LogConfig: Setting CVar [[r.BloomQuality:5]]
[2019.02.07-05.54.35:035][  0]LogConfig: Setting CVar [[r.FastBlurThreshold:100]]
[2019.02.07-05.54.35:035][  0]LogConfig: Setting CVar [[r.Upscale.Quality:3]]
[2019.02.07-05.54.35:035][  0]LogConfig: Setting CVar [[r.Tonemapper.GrainQuantization:1]]
[2019.02.07-05.54.35:035][  0]LogConfig: Setting CVar [[r.LightShaftQuality:1]]
[2019.02.07-05.54.35:035][  0]LogConfig: Setting CVar [[r.Filter.SizeScale:1]]
[2019.02.07-05.54.35:035][  0]LogConfig: Setting CVar [[r.Tonemapper.Quality:5]]
[2019.02.07-05.54.35:035][  0]LogConfig: Setting CVar [[r.DOF.Gather.AccumulatorQuality:1        ; higher gathering accumulator quality]]
[2019.02.07-05.54.35:035][  0]LogConfig: Setting CVar [[r.DOF.Gather.PostfilterMethod:1          ; Median3x3 postfilering method]]
[2019.02.07-05.54.35:035][  0]LogConfig: Setting CVar [[r.DOF.Gather.EnableBokehSettings:0       ; no bokeh simulation when gathering]]
[2019.02.07-05.54.35:035][  0]LogConfig: Setting CVar [[r.DOF.Gather.RingCount:4                 ; medium number of samples when gathering]]
[2019.02.07-05.54.35:035][  0]LogConfig: Setting CVar [[r.DOF.Scatter.ForegroundCompositing:1    ; additive foreground scattering]]
[2019.02.07-05.54.35:035][  0]LogConfig: Setting CVar [[r.DOF.Scatter.BackgroundCompositing:2    ; additive background scattering]]
[2019.02.07-05.54.35:035][  0]LogConfig: Setting CVar [[r.DOF.Scatter.EnableBokehSettings:1      ; bokeh simulation when scattering]]
[2019.02.07-05.54.35:035][  0]LogConfig: Setting CVar [[r.DOF.Scatter.MaxSpriteRatio:0.1         ; only a maximum of 10% of scattered bokeh]]
[2019.02.07-05.54.35:035][  0]LogConfig: Setting CVar [[r.DOF.Recombine.Quality:1                ; cheap slight out of focus]]
[2019.02.07-05.54.35:035][  0]LogConfig: Setting CVar [[r.DOF.Recombine.EnableBokehSettings:0    ; no bokeh simulation on slight out of focus]]
[2019.02.07-05.54.35:035][  0]LogConfig: Setting CVar [[r.DOF.TemporalAAQuality:1                ; more stable temporal accumulation]]
[2019.02.07-05.54.35:035][  0]LogConfig: Setting CVar [[r.DOF.Kernel.MaxForegroundRadius:0.025]]
[2019.02.07-05.54.35:035][  0]LogConfig: Setting CVar [[r.DOF.Kernel.MaxBackgroundRadius:0.025]]
[2019.02.07-05.54.35:035][  0]LogConfig: Applying CVar settings from Section [TextureQuality@3] File [C:/Users/souchi/Documents/Unreal Projects/kadaikennkyuu/Saved/Config/Windows/Scalability.ini]
[2019.02.07-05.54.35:035][  0]LogConfig: Setting CVar [[r.Streaming.MipBias:0]]
[2019.02.07-05.54.35:035][  0]LogConfig: Setting CVar [[r.Streaming.AmortizeCPUToGPUCopy:0]]
[2019.02.07-05.54.35:035][  0]LogConfig: Setting CVar [[r.Streaming.MaxNumTexturesToStreamPerFrame:0]]
[2019.02.07-05.54.35:035][  0]LogConfig: Setting CVar [[r.Streaming.Boost:1]]
[2019.02.07-05.54.35:035][  0]LogConfig: Setting CVar [[r.MaxAnisotropy:8]]
[2019.02.07-05.54.35:035][  0]LogConfig: Setting CVar [[r.Streaming.LimitPoolSizeToVRAM:0]]
[2019.02.07-05.54.35:035][  0]LogConfig: Setting CVar [[r.Streaming.PoolSize:1000]]
[2019.02.07-05.54.35:035][  0]LogConfig: Setting CVar [[r.Streaming.MaxEffectiveScreenSize:0]]
[2019.02.07-05.54.35:035][  0]LogConfig: Applying CVar settings from Section [EffectsQuality@3] File [C:/Users/souchi/Documents/Unreal Projects/kadaikennkyuu/Saved/Config/Windows/Scalability.ini]
[2019.02.07-05.54.35:035][  0]LogConfig: Setting CVar [[r.TranslucencyLightingVolumeDim:64]]
[2019.02.07-05.54.35:035][  0]LogConfig: Setting CVar [[r.RefractionQuality:2]]
[2019.02.07-05.54.35:035][  0]LogConfig: Setting CVar [[r.SSR.Quality:3]]
[2019.02.07-05.54.35:035][  0]LogConfig: Setting CVar [[r.SceneColorFormat:4]]
[2019.02.07-05.54.35:035][  0]LogConfig: Setting CVar [[r.DetailMode:2]]
[2019.02.07-05.54.35:035][  0]LogConfig: Setting CVar [[r.TranslucencyVolumeBlur:1]]
[2019.02.07-05.54.35:035][  0]LogConfig: Setting CVar [[r.MaterialQualityLevel:1 ; High quality]]
[2019.02.07-05.54.35:035][  0]LogConfig: Setting CVar [[r.SSS.Scale:1]]
[2019.02.07-05.54.35:035][  0]LogConfig: Setting CVar [[r.SSS.SampleSet:2]]
[2019.02.07-05.54.35:035][  0]LogConfig: Setting CVar [[r.SSS.Quality:1]]
[2019.02.07-05.54.35:035][  0]LogConfig: Setting CVar [[r.SSS.HalfRes:1]]
[2019.02.07-05.54.35:035][  0]LogConfig: Setting CVar [[r.EmitterSpawnRateScale:1.0]]
[2019.02.07-05.54.35:035][  0]LogConfig: Setting CVar [[r.ParticleLightQuality:2]]
[2019.02.07-05.54.35:035][  0]LogConfig: Applying CVar settings from Section [FoliageQuality@3] File [C:/Users/souchi/Documents/Unreal Projects/kadaikennkyuu/Saved/Config/Windows/Scalability.ini]
[2019.02.07-05.54.35:035][  0]LogConfig: Setting CVar [[foliage.DensityScale:1.0]]
[2019.02.07-05.54.35:035][  0]LogConfig: Setting CVar [[grass.DensityScale:1.0]]
[2019.02.07-05.54.35:035][  0]LogInit: Selected Device Profile: [Windows]
[2019.02.07-05.54.35:035][  0]LogInit: Applying CVar settings loaded from the selected device profile: [Windows]
[2019.02.07-05.54.35:041][  0]LogHAL: Display: Platform has ~ 16 GB [17095958528 / 17179869184 / 16], which maps to Larger [LargestMinGB=32, LargerMinGB=12, DefaultMinGB=8, SmallerMinGB=6, SmallestMinGB=0)
[2019.02.07-05.54.35:041][  0]LogConfig: Setting CVar [[r.Vulkan.UseRealUBs:1]]
[2019.02.07-05.54.35:041][  0]LogInit: Going up to parent DeviceProfile []
[2019.02.07-05.54.35:041][  0]LogConfig: Applying CVar settings from Section [ViewDistanceQuality@3] File [C:/Users/souchi/Documents/Unreal Projects/kadaikennkyuu/Saved/Config/Windows/Scalability.ini]
[2019.02.07-05.54.35:041][  0]LogConfig: Setting CVar [[r.SkeletalMeshLODBias:0]]
[2019.02.07-05.54.35:041][  0]LogConfig: Setting CVar [[r.ViewDistanceScale:1.0]]
[2019.02.07-05.54.35:041][  0]LogConfig: Applying CVar settings from Section [AntiAliasingQuality@3] File [C:/Users/souchi/Documents/Unreal Projects/kadaikennkyuu/Saved/Config/Windows/Scalability.ini]
[2019.02.07-05.54.35:041][  0]LogConfig: Setting CVar [[r.PostProcessAAQuality:4]]
[2019.02.07-05.54.35:041][  0]LogConfig: Applying CVar settings from Section [ShadowQuality@3] File [C:/Users/souchi/Documents/Unreal Projects/kadaikennkyuu/Saved/Config/Windows/Scalability.ini]
[2019.02.07-05.54.35:041][  0]LogConfig: Setting CVar [[r.LightFunctionQuality:1]]
[2019.02.07-05.54.35:042][  0]LogConfig: Setting CVar [[r.ShadowQuality:5]]
[2019.02.07-05.54.35:042][  0]LogConfig: Setting CVar [[r.Shadow.CSM.MaxCascades:10]]
[2019.02.07-05.54.35:042][  0]LogConfig: Setting CVar [[r.Shadow.MaxResolution:2048]]
[2019.02.07-05.54.35:042][  0]LogConfig: Setting CVar [[r.Shadow.MaxCSMResolution:2048]]
[2019.02.07-05.54.35:042][  0]LogConfig: Setting CVar [[r.Shadow.RadiusThreshold:0.01]]
[2019.02.07-05.54.35:042][  0]LogConfig: Setting CVar [[r.Shadow.DistanceScale:1.0]]
[2019.02.07-05.54.35:042][  0]LogConfig: Setting CVar [[r.Shadow.CSM.TransitionScale:1.0]]
[2019.02.07-05.54.35:042][  0]LogConfig: Setting CVar [[r.Shadow.PreShadowResolutionFactor:1.0]]
[2019.02.07-05.54.35:042][  0]LogConfig: Setting CVar [[r.DistanceFieldShadowing:1]]
[2019.02.07-05.54.35:042][  0]LogConfig: Setting CVar [[r.DistanceFieldAO:1]]
[2019.02.07-05.54.35:042][  0]LogConfig: Setting CVar [[r.AOQuality:2]]
[2019.02.07-05.54.35:042][  0]LogConfig: Setting CVar [[r.VolumetricFog:1]]
[2019.02.07-05.54.35:042][  0]LogConfig: Setting CVar [[r.VolumetricFog.GridPixelSize:8]]
[2019.02.07-05.54.35:042][  0]LogConfig: Setting CVar [[r.VolumetricFog.GridSizeZ:128]]
[2019.02.07-05.54.35:042][  0]LogConfig: Setting CVar [[r.VolumetricFog.HistoryMissSupersampleCount:4]]
[2019.02.07-05.54.35:042][  0]LogConfig: Setting CVar [[r.LightMaxDrawDistanceScale:1]]
[2019.02.07-05.54.35:042][  0]LogConfig: Setting CVar [[r.CapsuleShadows:1]]
[2019.02.07-05.54.35:042][  0]LogConfig: Applying CVar settings from Section [PostProcessQuality@3] File [C:/Users/souchi/Documents/Unreal Projects/kadaikennkyuu/Saved/Config/Windows/Scalability.ini]
[2019.02.07-05.54.35:042][  0]LogConfig: Setting CVar [[r.MotionBlurQuality:4]]
[2019.02.07-05.54.35:042][  0]LogConfig: Setting CVar [[r.AmbientOcclusionMipLevelFactor:0.4]]
[2019.02.07-05.54.35:042][  0]LogConfig: Setting CVar [[r.AmbientOcclusionMaxQuality:100]]
[2019.02.07-05.54.35:042][  0]LogConfig: Setting CVar [[r.AmbientOcclusionLevels:-1]]
[2019.02.07-05.54.35:042][  0]LogConfig: Setting CVar [[r.AmbientOcclusionRadiusScale:1.0]]
[2019.02.07-05.54.35:042][  0]LogConfig: Setting CVar [[r.DepthOfFieldQuality:2]]
[2019.02.07-05.54.35:042][  0]LogConfig: Setting CVar [[r.RenderTargetPoolMin:400]]
[2019.02.07-05.54.35:042][  0]LogConfig: Setting CVar [[r.LensFlareQuality:2]]
[2019.02.07-05.54.35:042][  0]LogConfig: Setting CVar [[r.SceneColorFringeQuality:1]]
[2019.02.07-05.54.35:042][  0]LogConfig: Setting CVar [[r.EyeAdaptationQuality:2]]
[2019.02.07-05.54.35:042][  0]LogConfig: Setting CVar [[r.BloomQuality:5]]
[2019.02.07-05.54.35:042][  0]LogConfig: Setting CVar [[r.FastBlurThreshold:100]]
[2019.02.07-05.54.35:042][  0]LogConfig: Setting CVar [[r.Upscale.Quality:3]]
[2019.02.07-05.54.35:042][  0]LogConfig: Setting CVar [[r.Tonemapper.GrainQuantization:1]]
[2019.02.07-05.54.35:042][  0]LogConfig: Setting CVar [[r.LightShaftQuality:1]]
[2019.02.07-05.54.35:042][  0]LogConfig: Setting CVar [[r.Filter.SizeScale:1]]
[2019.02.07-05.54.35:042][  0]LogConfig: Setting CVar [[r.Tonemapper.Quality:5]]
[2019.02.07-05.54.35:042][  0]LogConfig: Setting CVar [[r.DOF.Gather.AccumulatorQuality:1        ; higher gathering accumulator quality]]
[2019.02.07-05.54.35:042][  0]LogConfig: Setting CVar [[r.DOF.Gather.PostfilterMethod:1          ; Median3x3 postfilering method]]
[2019.02.07-05.54.35:042][  0]LogConfig: Setting CVar [[r.DOF.Gather.EnableBokehSettings:0       ; no bokeh simulation when gathering]]
[2019.02.07-05.54.35:042][  0]LogConfig: Setting CVar [[r.DOF.Gather.RingCount:4                 ; medium number of samples when gathering]]
[2019.02.07-05.54.35:042][  0]LogConfig: Setting CVar [[r.DOF.Scatter.ForegroundCompositing:1    ; additive foreground scattering]]
[2019.02.07-05.54.35:042][  0]LogConfig: Setting CVar [[r.DOF.Scatter.BackgroundCompositing:2    ; additive background scattering]]
[2019.02.07-05.54.35:042][  0]LogConfig: Setting CVar [[r.DOF.Scatter.EnableBokehSettings:1      ; bokeh simulation when scattering]]
[2019.02.07-05.54.35:042][  0]LogConfig: Setting CVar [[r.DOF.Scatter.MaxSpriteRatio:0.1         ; only a maximum of 10% of scattered bokeh]]
[2019.02.07-05.54.35:042][  0]LogConfig: Setting CVar [[r.DOF.Recombine.Quality:1                ; cheap slight out of focus]]
[2019.02.07-05.54.35:042][  0]LogConfig: Setting CVar [[r.DOF.Recombine.EnableBokehSettings:0    ; no bokeh simulation on slight out of focus]]
[2019.02.07-05.54.35:042][  0]LogConfig: Setting CVar [[r.DOF.TemporalAAQuality:1                ; more stable temporal accumulation]]
[2019.02.07-05.54.35:042][  0]LogConfig: Setting CVar [[r.DOF.Kernel.MaxForegroundRadius:0.025]]
[2019.02.07-05.54.35:042][  0]LogConfig: Setting CVar [[r.DOF.Kernel.MaxBackgroundRadius:0.025]]
[2019.02.07-05.54.35:042][  0]LogConfig: Applying CVar settings from Section [TextureQuality@3] File [C:/Users/souchi/Documents/Unreal Projects/kadaikennkyuu/Saved/Config/Windows/Scalability.ini]
[2019.02.07-05.54.35:042][  0]LogConfig: Setting CVar [[r.Streaming.MipBias:0]]
[2019.02.07-05.54.35:042][  0]LogConfig: Setting CVar [[r.Streaming.AmortizeCPUToGPUCopy:0]]
[2019.02.07-05.54.35:042][  0]LogConfig: Setting CVar [[r.Streaming.MaxNumTexturesToStreamPerFrame:0]]
[2019.02.07-05.54.35:042][  0]LogConfig: Setting CVar [[r.Streaming.Boost:1]]
[2019.02.07-05.54.35:042][  0]LogConfig: Setting CVar [[r.MaxAnisotropy:8]]
[2019.02.07-05.54.35:042][  0]LogConfig: Setting CVar [[r.Streaming.LimitPoolSizeToVRAM:0]]
[2019.02.07-05.54.35:042][  0]LogConfig: Setting CVar [[r.Streaming.PoolSize:1000]]
[2019.02.07-05.54.35:042][  0]LogConfig: Setting CVar [[r.Streaming.MaxEffectiveScreenSize:0]]
[2019.02.07-05.54.35:042][  0]LogConfig: Applying CVar settings from Section [EffectsQuality@3] File [C:/Users/souchi/Documents/Unreal Projects/kadaikennkyuu/Saved/Config/Windows/Scalability.ini]
[2019.02.07-05.54.35:042][  0]LogConfig: Setting CVar [[r.TranslucencyLightingVolumeDim:64]]
[2019.02.07-05.54.35:042][  0]LogConfig: Setting CVar [[r.RefractionQuality:2]]
[2019.02.07-05.54.35:042][  0]LogConfig: Setting CVar [[r.SSR.Quality:3]]
[2019.02.07-05.54.35:042][  0]LogConfig: Setting CVar [[r.SceneColorFormat:4]]
[2019.02.07-05.54.35:042][  0]LogConfig: Setting CVar [[r.DetailMode:2]]
[2019.02.07-05.54.35:042][  0]LogConfig: Setting CVar [[r.TranslucencyVolumeBlur:1]]
[2019.02.07-05.54.35:042][  0]LogConfig: Setting CVar [[r.MaterialQualityLevel:1 ; High quality]]
[2019.02.07-05.54.35:042][  0]LogConfig: Setting CVar [[r.SSS.Scale:1]]
[2019.02.07-05.54.35:042][  0]LogConfig: Setting CVar [[r.SSS.SampleSet:2]]
[2019.02.07-05.54.35:042][  0]LogConfig: Setting CVar [[r.SSS.Quality:1]]
[2019.02.07-05.54.35:042][  0]LogConfig: Setting CVar [[r.SSS.HalfRes:1]]
[2019.02.07-05.54.35:042][  0]LogConfig: Setting CVar [[r.EmitterSpawnRateScale:1.0]]
[2019.02.07-05.54.35:042][  0]LogConfig: Setting CVar [[r.ParticleLightQuality:2]]
[2019.02.07-05.54.35:042][  0]LogConfig: Applying CVar settings from Section [FoliageQuality@3] File [C:/Users/souchi/Documents/Unreal Projects/kadaikennkyuu/Saved/Config/Windows/Scalability.ini]
[2019.02.07-05.54.35:042][  0]LogConfig: Setting CVar [[foliage.DensityScale:1.0]]
[2019.02.07-05.54.35:042][  0]LogConfig: Setting CVar [[grass.DensityScale:1.0]]
[2019.02.07-05.54.35:042][  0]LogConfig: Applying CVar settings from Section [Startup] File [../../../Engine/Config/ConsoleVariables.ini]
[2019.02.07-05.54.35:042][  0]LogConfig: Setting CVar [[net.UseAdaptiveNetUpdateFrequency:0]]
[2019.02.07-05.54.35:042][  0]LogConfig: Applying CVar settings from Section [ConsoleVariables] File [C:/Users/souchi/Documents/Unreal Projects/kadaikennkyuu/Saved/Config/Windows/Engine.ini]
[2019.02.07-05.54.35:042][  0]LogInit: Computer: DESKTOP-90SEQ0V
[2019.02.07-05.54.35:043][  0]LogInit: User: souchi
[2019.02.07-05.54.35:043][  0]LogInit: CPU Page size=4096, Cores=6
[2019.02.07-05.54.35:043][  0]LogInit: High frequency timer resolution =10.000000 MHz
[2019.02.07-05.54.35:043][  0]LogMemory: Memory total: Physical=15.9GB (16GB approx)
[2019.02.07-05.54.35:043][  0]LogMemory: Platform Memory Stats for Windows
[2019.02.07-05.54.35:043][  0]LogMemory: Process Physical Memory: 103.84 MB used, 103.85 MB peak
[2019.02.07-05.54.35:043][  0]LogMemory: Process Virtual Memory: 86.36 MB used, 86.36 MB peak
[2019.02.07-05.54.35:043][  0]LogMemory: Physical Memory: 5518.09 MB used,  10785.89 MB free, 16303.98 MB total
[2019.02.07-05.54.35:043][  0]LogMemory: Virtual Memory: 4662.44 MB used,  134213064.00 MB free, 134217728.00 MB total
[2019.02.07-05.54.35:053][  0]LogInit: Using OS detected language (ja-JP).
[2019.02.07-05.54.35:053][  0]LogInit: Using OS detected locale (ja-JP).
[2019.02.07-05.54.35:054][  0]LogTextLocalizationManager: No specific localization for 'ja-JP' exists, so the 'ja' localization will be used.
[2019.02.07-05.54.35:326][  0]LogStreaming: Display: Took  0.273s to InitEngineTextLocalization.
[2019.02.07-05.54.35:326][  0]LogInit: Setting process to per monitor DPI aware
[2019.02.07-05.54.35:353][  0]LogSlate: New Slate User Created.  User Index 0, Is Virtual User: 0
[2019.02.07-05.54.35:353][  0]LogSlate: Slate User Registered.  User Index 0, Is Virtual User: 0
[2019.02.07-05.54.35:491][  0]LogHMD: Failed to initialize OpenVR with code 110
[2019.02.07-05.54.35:491][  0]LogD3D11RHI: D3D11 adapters:
[2019.02.07-05.54.35:525][  0]LogD3D11RHI:    0. 'NVIDIA GeForce GTX 1060 6GB' (Feature Level 11_0)
[2019.02.07-05.54.35:526][  0]LogD3D11RHI:       6061/0/8151 MB DedicatedVideo/DedicatedSystem/SharedSystem, Outputs:1, VendorId:0x10de
[2019.02.07-05.54.35:527][  0]LogD3D11RHI:    1. 'Microsoft Basic Render Driver' (Feature Level 11_0)
[2019.02.07-05.54.35:527][  0]LogD3D11RHI:       0/0/8151 MB DedicatedVideo/DedicatedSystem/SharedSystem, Outputs:0, VendorId:0x1414
[2019.02.07-05.54.35:527][  0]LogD3D11RHI: Chosen D3D11 Adapter: 0
[2019.02.07-05.54.35:532][  0]LogD3D11RHI: Creating new Direct3DDevice
[2019.02.07-05.54.35:533][  0]LogD3D11RHI:     GPU DeviceId: 0x1c03 (for the marketing name, search the web for "GPU Device Id")
[2019.02.07-05.54.35:533][  0]LogWindows: EnumDisplayDevices:
[2019.02.07-05.54.35:533][  0]LogWindows:    0. 'NVIDIA GeForce GTX 1060 6GB' (P:1 D:1)
[2019.02.07-05.54.35:533][  0]LogWindows:    1. 'NVIDIA GeForce GTX 1060 6GB' (P:0 D:0)
[2019.02.07-05.54.35:533][  0]LogWindows:    2. 'NVIDIA GeForce GTX 1060 6GB' (P:0 D:0)
[2019.02.07-05.54.35:533][  0]LogWindows:    3. 'NVIDIA GeForce GTX 1060 6GB' (P:0 D:0)
[2019.02.07-05.54.35:533][  0]LogWindows: DebugString: FoundDriverCount:4 
[2019.02.07-05.54.35:533][  0]LogD3D11RHI:     Adapter Name: NVIDIA GeForce GTX 1060 6GB
[2019.02.07-05.54.35:533][  0]LogD3D11RHI:   Driver Version: 388.13 (internal:23.21.13.8813, unified:388.13)
[2019.02.07-05.54.35:533][  0]LogD3D11RHI:      Driver Date: 10-27-2017
[2019.02.07-05.54.35:533][  0]LogRHI: Texture pool is 4242 MB (70% of 6061 MB)
[2019.02.07-05.54.35:557][  0]LogD3D11RHI: Async texture creation enabled
[2019.02.07-05.54.35:566][  0]LogD3D11RHI: GPU Timing Frequency: 1000.000000 (Debug: 2 1)
[2019.02.07-05.54.35:811][  0]LogTemp: Display: Loaded TP AllDesktopTargetPlatform
[2019.02.07-05.54.35:821][  0]LogTemp: Display: Loaded TP MacClientTargetPlatform
[2019.02.07-05.54.35:832][  0]LogTemp: Display: Loaded TP MacNoEditorTargetPlatform
[2019.02.07-05.54.35:842][  0]LogTemp: Display: Loaded TP MacServerTargetPlatform
[2019.02.07-05.54.35:852][  0]LogTemp: Display: Loaded TP MacTargetPlatform
[2019.02.07-05.54.35:862][  0]LogTemp: Display: Loaded TP WindowsClientTargetPlatform
[2019.02.07-05.54.35:872][  0]LogTemp: Display: Loaded TP WindowsNoEditorTargetPlatform
[2019.02.07-05.54.35:882][  0]LogTemp: Display: Loaded TP WindowsServerTargetPlatform
[2019.02.07-05.54.35:887][  0]LogTemp: Display: Loaded TP WindowsTargetPlatform
[2019.02.07-05.54.35:944][  0]LogTemp: Display: Loaded TP AndroidTargetPlatform
[2019.02.07-05.54.35:944][  0]LogTemp: Display: Loaded TP AndroidTargetPlatform
[2019.02.07-05.54.35:944][  0]LogTemp: Display: Loaded TP AndroidTargetPlatform
[2019.02.07-05.54.35:944][  0]LogTemp: Display: Loaded TP AndroidTargetPlatform
[2019.02.07-05.54.35:944][  0]LogTemp: Display: Loaded TP AndroidTargetPlatform
[2019.02.07-05.54.35:944][  0]LogTemp: Display: Loaded TP AndroidTargetPlatform
[2019.02.07-05.54.35:944][  0]LogTemp: Display: Loaded TP AndroidTargetPlatform
[2019.02.07-05.54.35:944][  0]LogTemp: Display: Loaded TP AndroidTargetPlatform
[2019.02.07-05.54.35:944][  0]LogTemp: Display: Loaded TP AndroidTargetPlatform
[2019.02.07-05.54.35:944][  0]LogTemp: Display: Loaded TP AndroidTargetPlatform
[2019.02.07-05.54.35:944][  0]LogTemp: Display: Loaded TP AndroidTargetPlatform
[2019.02.07-05.54.35:944][  0]LogTemp: Display: Loaded TP AndroidTargetPlatform
[2019.02.07-05.54.35:944][  0]LogTemp: Display: Loaded TP AndroidTargetPlatform
[2019.02.07-05.54.35:944][  0]LogTemp: Display: Loaded TP AndroidTargetPlatform
[2019.02.07-05.54.35:944][  0]LogTemp: Display: Loaded TP AndroidTargetPlatform
[2019.02.07-05.54.35:944][  0]LogTemp: Display: Loaded TP AndroidTargetPlatform
[2019.02.07-05.54.35:944][  0]LogTemp: Display: Loaded TP AndroidTargetPlatform
[2019.02.07-05.54.35:944][  0]LogTemp: Display: Loaded TP AndroidTargetPlatform
[2019.02.07-05.54.35:945][  0]LogTemp: Display: Loaded TP HTML5TargetPlatform
[2019.02.07-05.54.36:008][  0]LogTemp: Display: Loaded TP IOSTargetPlatform
[2019.02.07-05.54.36:008][  0]LogTemp: Display: Loaded TP IOSTargetPlatform
[2019.02.07-05.54.36:032][  0]LogTemp: Display: Loaded TP TVOSTargetPlatform
[2019.02.07-05.54.36:032][  0]LogTemp: Display: Loaded TP TVOSTargetPlatform
[2019.02.07-05.54.36:041][  0]LogTemp: Display: Loaded TP LinuxClientTargetPlatform
[2019.02.07-05.54.36:050][  0]LogTemp: Display: Loaded TP LinuxNoEditorTargetPlatform
[2019.02.07-05.54.36:059][  0]LogTemp: Display: Loaded TP LinuxServerTargetPlatform
[2019.02.07-05.54.36:069][  0]LogTemp: Display: Loaded TP LinuxTargetPlatform
[2019.02.07-05.54.36:102][  0]LogTemp: Display: Loaded TP LuminTargetPlatform
[2019.02.07-05.54.36:102][  0]LogTemp: Display: Loaded TP LuminTargetPlatform
[2019.02.07-05.54.36:102][  0]LogTargetPlatformManager: Display: Building Assets For Windows
[2019.02.07-05.54.36:147][  0]LogShaderCompilers: Guid format shader working directory is -24 characters bigger than the processId version (../../../../../../Users/souchi/Documents/Unreal Projects/kadaikennkyuu/Intermediate/Shaders/WorkingDirectory/14420/).
[2019.02.07-05.54.36:147][  0]LogShaderCompilers: Cleaned the shader compiler working directory 'C:/Users/souchi/AppData/Local/Temp/UnrealShaderWorkingDir/A94995B846229BA0FD57BEA66F8EB6D6/'.
[2019.02.07-05.54.36:149][  0]LogXGEController: Cannot use XGE Controller as Incredibuild is not installed on this machine.
[2019.02.07-05.54.36:149][  0]LogShaderCompilers: Cannot use XGE Shader Compiler as Incredibuild is not installed on this machine.
[2019.02.07-05.54.36:149][  0]LogShaderCompilers: Display: Using Local Shader Compiler.
[2019.02.07-05.54.36:555][  0]LogDerivedDataCache: Display: Max Cache Size: 512 MB
[2019.02.07-05.54.36:595][  0]LogDerivedDataCache: Loaded boot cache 0.04s 71MB C:/Users/souchi/AppData/Local/UnrealEngine/4.21/DerivedDataCache/Boot.ddc.
[2019.02.07-05.54.36:595][  0]LogDerivedDataCache: Display: Loaded Boot cache: C:/Users/souchi/AppData/Local/UnrealEngine/4.21/DerivedDataCache/Boot.ddc
[2019.02.07-05.54.36:595][  0]LogDerivedDataCache: FDerivedDataBackendGraph:  Pak pak cache file ../../../../../../Users/souchi/Documents/Unreal Projects/kadaikennkyuu/DerivedDataCache/DDC.ddp not found, will not use a pak cache.
[2019.02.07-05.54.36:595][  0]LogDerivedDataCache: Unable to find inner node Pak for hierarchical cache Hierarchy.
[2019.02.07-05.54.36:595][  0]LogDerivedDataCache: FDerivedDataBackendGraph:  CompressedPak pak cache file ../../../../../../Users/souchi/Documents/Unreal Projects/kadaikennkyuu/DerivedDataCache/Compressed.ddp not found, will not use a pak cache.
[2019.02.07-05.54.36:595][  0]LogDerivedDataCache: Unable to find inner node CompressedPak for hierarchical cache Hierarchy.
[2019.02.07-05.54.36:605][  0]LogDerivedDataCache: Display: Pak cache opened for reading ../../../Engine/DerivedDataCache/Compressed.ddp.
[2019.02.07-05.54.36:605][  0]LogDerivedDataCache: FDerivedDataBackendGraph:  EnterprisePak pak cache file ../../../Enterprise/DerivedDataCache/Compressed.ddp not found, will not use a pak cache.
[2019.02.07-05.54.36:605][  0]LogDerivedDataCache: Unable to find inner node EnterprisePak for hierarchical cache Hierarchy.
[2019.02.07-05.54.36:617][  0]LogDerivedDataCache: Using Local data cache path C:/Users/souchi/AppData/Local/UnrealEngine/Common/DerivedDataCache: Writable
[2019.02.07-05.54.36:617][  0]LogDerivedDataCache: Shared data cache path not found in *engine.ini, will not use an Shared cache.
[2019.02.07-05.54.36:617][  0]LogDerivedDataCache: Unable to find inner node Shared for hierarchical cache Hierarchy.
[2019.02.07-05.54.36:647][  0]LogMaterial: Verifying Global Shaders for PCD3D_SM5
[2019.02.07-05.54.36:648][  0]LogSlate: Using FreeType 2.6.0
[2019.02.07-05.54.36:649][  0]LogSlate: SlateFontServices - WITH_FREETYPE: 1, WITH_HARFBUZZ: 1
[2019.02.07-05.54.36:721][  0]LogAssetRegistry: FAssetRegistry took 0.0307 seconds to start up
[2019.02.07-05.54.36:971][  0]LogInit: Selected Device Profile: [Windows]
[2019.02.07-05.54.37:025][  0]LogSimplygon: Simplygon DLL not present - disabling.
[2019.02.07-05.54.37:028][  0]LogMeshReduction: Using SimplygonSwarm for distributed automatic mesh merging
[2019.02.07-05.54.37:028][  0]LogMeshReduction: Using ProxyLODMeshReduction for automatic mesh merging
[2019.02.07-05.54.37:028][  0]LogMeshReduction: Using QuadricMeshReduction for automatic static mesh reduction
[2019.02.07-05.54.37:028][  0]LogMeshReduction: No automatic skeletal mesh reduction module available
[2019.02.07-05.54.37:097][  0]LogNetVersion: MyProject1 1.0.0, NetCL: 4541578, EngineNetVer: 5, GameNetVer: 0 (Checksum: 3671458904)
[2019.02.07-05.54.37:484][  0]LogPackageLocalizationCache: Processed 11 localized package path(s) for 2 prioritized culture(s) in 0.060408 seconds
[2019.02.07-05.54.37:487][  0]LogUObjectArray: 39775 objects as part of root set at end of initial load.
[2019.02.07-05.54.37:487][  0]LogUObjectAllocator: 6914664 out of 0 bytes used by permanent object pool.
[2019.02.07-05.54.37:487][  0]LogUObjectArray: CloseDisregardForGC: 0/0 objects in disregard for GC pool
[2019.02.07-05.54.38:161][  0]LogTcpMessaging: Initializing TcpMessaging bridge
[2019.02.07-05.54.38:173][  0]LogUdpMessaging: Initializing bridge on interface 0.0.0.0:0 to multicast group 230.0.0.1:6666.
[2019.02.07-05.54.39:399][  0]SourceControl: ソースコントロールは無効です
[2019.02.07-05.54.39:399][  0]SourceControl: ソースコントロールは無効です
[2019.02.07-05.54.39:400][  0]SourceControl: ソースコントロールは無効です
[2019.02.07-05.54.39:401][  0]SourceControl: ソースコントロールは無効です
[2019.02.07-05.54.39:541][  0]LogAndroidPermission: UAndroidPermissionCallbackProxy::GetInstance
[2019.02.07-05.54.39:602][  0]LogOcInput: OculusInput pre-init called
[2019.02.07-05.54.39:724][  0]LogEngine: Initializing Engine...
[2019.02.07-05.54.39:724][  0]LogHMD: Failed to initialize OpenVR with code 110
[2019.02.07-05.54.39:725][  0]LogStats: UGameplayTagsManager::ConstructGameplayTagTree: ImportINI prefixes -  0.000 s
[2019.02.07-05.54.39:725][  0]LogStats: UGameplayTagsManager::ConstructGameplayTagTree: Construct from data asset -  0.000 s
[2019.02.07-05.54.39:725][  0]LogStats: UGameplayTagsManager::ConstructGameplayTagTree: ImportINI -  0.000 s
[2019.02.07-05.54.39:725][  0]LogStats: UGameplayTagsManager::ConstructGameplayTagTree: GameplayTagTreeChangedEvent.Broadcast -  0.000 s
[2019.02.07-05.54.39:901][  0]LogInit: Initializing FReadOnlyCVARCache
[2019.02.07-05.54.39:911][  0]LogAIModule: Creating AISystem for world Untitled
[2019.02.07-05.54.39:953][  0]LogInit: XAudio2 using 'スピーカー (2- USB Sound Device        )' : 2 channels at 48 kHz using 16 bits per sample (channel mask 0x3)
[2019.02.07-05.54.39:972][  0]LogInit: FAudioDevice initialized.
[2019.02.07-05.54.39:972][  0]LogNetVersion: Set ProjectVersion to 1.0.0.0. Version Checksum will be recalculated on next use.
[2019.02.07-05.54.40:080][  0]LogDerivedDataCache: Saved boot cache 0.11s 71MB C:/Users/souchi/AppData/Local/UnrealEngine/4.21/DerivedDataCache/Boot.ddc.
[2019.02.07-05.54.40:081][  0]LogInit: Texture streaming: Enabled
[2019.02.07-05.54.40:100][  0]LogEngineSessionManager: EngineSessionManager initialized
[2019.02.07-05.54.40:126][  0]LogInit: Transaction tracking system initialized
[2019.02.07-05.54.40:144][  0]BlueprintLog: New page: エディタの読み込み
[2019.02.07-05.54.40:204][  0]LocalizationService: ローカライズのサービスが無効になりました
[2019.02.07-05.54.40:643][  0]LogCook: Display: Max memory allowance for cook 16384mb min free memory 0mb
[2019.02.07-05.54.40:643][  0]LogCook: Display: Mobile HDR setting 1
[2019.02.07-05.54.40:673][  0]LogFileCache: Scanning file cache for directory 'C:/Users/souchi/Documents/Unreal Projects/kadaikennkyuu/Content/' took 0.03s
[2019.02.07-05.54.40:673][  0]LogGameplayTags: Display: UGameplayTagsManager::DoneAddingNativeTags. DelegateIsBound: 0
[2019.02.07-05.54.40:673][  0]LogStats: UGameplayTagsManager::ConstructGameplayTagTree: ImportINI prefixes -  0.000 s
[2019.02.07-05.54.40:673][  0]LogStats: UGameplayTagsManager::ConstructGameplayTagTree: Construct from data asset -  0.000 s
[2019.02.07-05.54.40:673][  0]LogStats: UGameplayTagsManager::ConstructGameplayTagTree: ImportINI -  0.000 s
[2019.02.07-05.54.40:673][  0]LogStats: UGameplayTagsManager::ConstructGameplayTagTree: GameplayTagTreeChangedEvent.Broadcast -  0.000 s
[2019.02.07-05.54.40:768][  0]SourceControl: ソースコントロールは無効です
[2019.02.07-05.54.40:768][  0]Cmd: MAP LOAD FILE="../../../../../../Users/souchi/Documents/Unreal Projects/kadaikennkyuu/Content/FirstPersonBP/Maps/FirstPersonExampleMap.umap" TEMPLATE=0 SHOWPROGRESS=1 FEATURELEVEL=3
[2019.02.07-05.54.40:768][  0]LightingResults: New page: ライティングのビルド
[2019.02.07-05.54.40:770][  0]MapCheck: New page: マップをチェック
[2019.02.07-05.54.40:770][  0]LightingResults: New page: <何も選択されていません>
[2019.02.07-05.54.51:902][  0]LogTexture: Display: Building textures: HillTree_01_Atlas_Billboards_Normal_Tex (BC5, 2048X2048)
[2019.02.07-05.54.51:902][  0]LogTexture: Display: Building textures: T_Craghead_Oak_LimbTile_02_D_Tex (AutoDXT, 1024X4096)
[2019.02.07-05.54.51:902][  0]LogTexture: Display: Building textures: HillTree_01_Atlas_Billboards_Tex (AutoDXT, 2048X2048)
[2019.02.07-05.54.51:902][  0]LogTexture: Display: Building textures: T_RainStreaming_N (BC5, 1024X1024)
[2019.02.07-05.54.51:902][  0]LogTexture: Display: Building textures: T_RainPuddleMask (AutoDXT, 256X256)
[2019.02.07-05.54.51:903][  0]LogTexture: Display: Building textures: T_Slums_TilingNOise_M (AutoDXT, 2048X2048)
[2019.02.07-05.54.51:903][  0]LogTexture: Display: Building textures: T_Slums_Wood_D (AutoDXT, 2048X2048)
[2019.02.07-05.54.51:903][  0]LogTexture: Display: Building textures: T_Soul_Water01_N (BC5, 512X512)
[2019.02.07-05.54.51:903][  0]LogTexture: Display: Building textures: T_Environment_Materials_Wet_TilingFlow02_N (BC5, 1024X1024)
[2019.02.07-05.54.51:903][  0]LogTexture: Display: Building textures: T_COG_Underground_Bricks_01_M (AutoDXT, 2048X2048)
[2019.02.07-05.54.51:903][  0]LogTexture: Display: Building textures: T_COG_Underground_Bricks_01_N (BC5, 2048X2048)
[2019.02.07-05.54.51:903][  0]LogTexture: Display: Building textures: T_COG_Underground_Bricks_01_D (AutoDXT, 2048X2048)
[2019.02.07-05.54.51:903][  0]LogTexture: Display: Building textures: T_Slums_Wood_N (BC5, 2048X2048)
[2019.02.07-05.54.51:903][  0]LogTexture: Display: Building textures: ScotsPine_01_Atlas_Tex (AutoDXT, 4096X4096)
[2019.02.07-05.54.51:903][  0]LogTexture: Display: Building textures: T_Slums_Manhole_N (BC5, 2048X2048)
[2019.02.07-05.54.51:903][  0]LogTexture: Display: Building textures: T_Slums_Manhole_M (AutoDXT, 2048X2048)
[2019.02.07-05.54.51:903][  0]LogTexture: Display: Building textures: T_Slums_Wall_N (BC5, 2048X2048)
[2019.02.07-05.54.51:903][  0]LogTexture: Display: Building textures: T_Slums_Wall_D (AutoDXT, 2048X2048)
[2019.02.07-05.54.51:903][  0]LogTexture: Display: Building textures: T_Slums_MetalTexture_N (BC5, 2048X2048)
[2019.02.07-05.54.51:903][  0]LogTexture: Display: Building textures: T_Slums_MetalTexture_M (AutoDXT, 2048X2048)
[2019.02.07-05.54.51:903][  0]LogTexture: Display: Building textures: T_Slums_Metal_Rust_03_N (BC5, 2048X2048)
[2019.02.07-05.54.51:903][  0]LogTexture: Display: Building textures: T_Slums_Metal_Rust_03_D (AutoDXT, 2048X2048)
[2019.02.07-05.54.51:903][  0]LogTexture: Display: Building textures: T_Slums_TilingMetal_D (AutoDXT, 2048X2048)
[2019.02.07-05.54.51:903][  0]LogTexture: Display: Building textures: T_Slums_Metal_Scratches_02_N (BC5, 2048X2048)
[2019.02.07-05.54.51:903][  0]LogTexture: Display: Building textures: T_Slums_Metal_Scratches_02_D (AutoDXT, 2048X2048)
[2019.02.07-05.54.52:217][  0]LogTexture: Display: Building textures: T_Slums_TilingMetal_n (BC5, 2048X2048)
[2019.02.07-05.54.52:218][  0]LogTexture: Display: Building textures: T_Craghead_Oak_LimbTile_02_N_Tex (BC5, 1024X4096)
[2019.02.07-05.54.53:034][  0]LogTexture: Display: Building textures: T_Patina_Metal_D (AutoDXT, 2048X2048)
[2019.02.07-05.54.53:034][  0]LogTexture: Display: Building textures: T_Slums_TinRoof_N (BC5, 2048X2048)
[2019.02.07-05.54.53:034][  0]LogTexture: Display: Building textures: T_Slums_TinRoof_D (AutoDXT, 2048X2048)
[2019.02.07-05.54.53:055][  0]LogMaterial: Display: Missing cached shader map for material HillTree_01_Branches_2_Mat, compiling. 
[2019.02.07-05.54.53:263][  0]LogShaderCompilers: Display: Shaders left to compile 113
[2019.02.07-05.54.53:263][  0]LogShaderCompilers: Display: Shaders left to compile 103
[2019.02.07-05.54.53:263][  0]LogShaderCompilers: Display: Shaders left to compile 93
[2019.02.07-05.54.53:263][  0]LogShaderCompilers: Display: Shaders left to compile 83
[2019.02.07-05.54.53:263][  0]LogShaderCompilers: Display: Shaders left to compile 73
[2019.02.07-05.54.53:263][  0]LogShaderCompilers: Display: Shaders left to compile 63
[2019.02.07-05.54.53:263][  0]LogShaderCompilers: Display: Shaders left to compile 53
[2019.02.07-05.54.53:263][  0]LogShaderCompilers: Display: Shaders left to compile 43
[2019.02.07-05.54.53:263][  0]LogShaderCompilers: Display: Shaders left to compile 33
[2019.02.07-05.54.53:263][  0]LogMaterial: Display: Missing cached shader map for material HillTree_01_Billboard_Mat, compiling. 
[2019.02.07-05.54.53:779][  0]LogTexture: Display: Building textures: ScotsPineTall_01_Atlas_Billboards_Tex (AutoDXT, 2048X2048)
[2019.02.07-05.54.53:779][  0]LogStaticMesh: スタティックメッシュ HillTree_02 をビルド中...
